vlc.exe
vlc.exe.manifest
vlc-cache-gen.exe
libvlc.dll
libvlccore.dll
AUTHORS.txt
COPYING.txt
NEWS.txt
README.txt
THANKS.txt
plugins\liba52tofloat32_plugin.dll
plugins\liba52tospdif_plugin.dll
plugins\liba52_plugin.dll
plugins\libaccess_attachment_plugin.dll
plugins\libaccess_bd_plugin.dll
plugins\libaccess_fake_plugin.dll
plugins\libaccess_ftp_plugin.dll
plugins\libaccess_http_plugin.dll
plugins\libaccess_imem_plugin.dll
plugins\libaccess_mms_plugin.dll
plugins\libaccess_output_dummy_plugin.dll
plugins\libaccess_output_file_plugin.dll
plugins\libaccess_output_http_plugin.dll
plugins\libaccess_output_shout_plugin.dll
plugins\libaccess_output_udp_plugin.dll
plugins\libaccess_realrtsp_plugin.dll
plugins\libaccess_smb_plugin.dll
plugins\libaccess_tcp_plugin.dll
plugins\libaccess_udp_plugin.dll
plugins\libadjust_plugin.dll
plugins\libadpcm_plugin.dll
plugins\libaes3_plugin.dll
plugins\libaiff_plugin.dll
plugins\libalphamask_plugin.dll
plugins\libaout_directx_plugin.dll
plugins\libaout_file_plugin.dll
plugins\libaout_sdl_plugin.dll
plugins\libaraw_plugin.dll
plugins\libasf_plugin.dll
plugins\libatmo_plugin.dll
plugins\libaudiobargraph_a_plugin.dll
plugins\libaudiobargraph_v_plugin.dll
plugins\libaudioscrobbler_plugin.dll
plugins\libaudio_format_plugin.dll
plugins\libau_plugin.dll
plugins\libavcodec_plugin.dll
plugins\libavi_plugin.dll
plugins\libball_plugin.dll
plugins\libbda_plugin.dll
plugins\libblendbench_plugin.dll
plugins\libblend_plugin.dll
plugins\libbluescreen_plugin.dll
plugins\libcaca_plugin.dll
plugins\libcanvas_plugin.dll
plugins\libcc_plugin.dll
plugins\libcdda_plugin.dll
plugins\libcdg_plugin.dll
plugins\libchain_plugin.dll
plugins\libchorus_flanger_plugin.dll
plugins\libclone_plugin.dll
plugins\libcolorthres_plugin.dll
plugins\libconverter_fixed_plugin.dll
plugins\libcroppadd_plugin.dll
plugins\libcrop_plugin.dll
plugins\libcvdsub_plugin.dll
plugins\libdeinterlace_plugin.dll
plugins\libdemuxdump_plugin.dll
plugins\libdemux_cdg_plugin.dll
plugins\libdirac_plugin.dll
plugins\libdirect3d_plugin.dll
plugins\libdirectx_plugin.dll
plugins\libdmo_plugin.dll
plugins\libdolby_surround_decoder_plugin.dll
plugins\libdrawable_plugin.dll
plugins\libdshow_plugin.dll
plugins\libdtstofloat32_plugin.dll
plugins\libdtstospdif_plugin.dll
plugins\libdts_plugin.dll
plugins\libdummy_plugin.dll
plugins\libdvbsub_plugin.dll
plugins\libdvdnav_plugin.dll
plugins\libdvdread_plugin.dll
plugins\libequalizer_plugin.dll
plugins\liberase_plugin.dll
plugins\libes_plugin.dll
plugins\libexport_plugin.dll
plugins\libextract_plugin.dll
plugins\libfaad_plugin.dll
plugins\libfake_plugin.dll
plugins\libfilesystem_plugin.dll
plugins\libflacsys_plugin.dll
plugins\libflac_plugin.dll
plugins\libfloat32_mixer_plugin.dll
plugins\libfluidsynth_plugin.dll
plugins\libfolder_plugin.dll
plugins\libfreetype_plugin.dll
plugins\libgaussianblur_plugin.dll
plugins\libgestures_plugin.dll
plugins\libglobalhotkeys_plugin.dll
plugins\libglwin32_plugin.dll
plugins\libgme_plugin.dll
plugins\libgnutls_plugin.dll
plugins\libgoom_plugin.dll
plugins\libgradient_plugin.dll
plugins\libgrain_plugin.dll
plugins\libgrey_yuv_plugin.dll
plugins\libh264_plugin.dll
plugins\libheadphone_channel_mixer_plugin.dll
plugins\libhotkeys_plugin.dll
plugins\libi420_rgb_mmx_plugin.dll
plugins\libi420_rgb_plugin.dll
plugins\libi420_rgb_sse2_plugin.dll
plugins\libi420_yuy2_mmx_plugin.dll
plugins\libi420_yuy2_plugin.dll
plugins\libi420_yuy2_sse2_plugin.dll
plugins\libi422_i420_plugin.dll
plugins\libi422_yuy2_mmx_plugin.dll
plugins\libi422_yuy2_plugin.dll
plugins\libi422_yuy2_sse2_plugin.dll
plugins\libinvert_plugin.dll
plugins\libinvmem_plugin.dll
plugins\libkate_plugin.dll
plugins\liblibass_plugin.dll
plugins\liblibmpeg2_plugin.dll
plugins\liblive555_plugin.dll
plugins\liblogger_plugin.dll
plugins\liblogo_plugin.dll
plugins\liblpcm_plugin.dll
plugins\liblua_plugin.dll
plugins\libmagnify_plugin.dll
plugins\libmarq_plugin.dll
plugins\libmediadirs_plugin.dll
plugins\libmemcpy3dn_plugin.dll
plugins\libmemcpymmxext_plugin.dll
plugins\libmemcpymmx_plugin.dll
plugins\libmirror_plugin.dll
plugins\libmjpeg_plugin.dll
plugins\libmkv_plugin.dll
plugins\libmod_plugin.dll
plugins\libmono_plugin.dll
plugins\libmosaic_plugin.dll
plugins\libmotionblur_plugin.dll
plugins\libmotiondetect_plugin.dll
plugins\libmp4_plugin.dll
plugins\libmpc_plugin.dll
plugins\libmpeg_audio_plugin.dll
plugins\libmpgatofixed32_plugin.dll
plugins\libmpgv_plugin.dll
plugins\libmsn_plugin.dll
plugins\libmux_asf_plugin.dll
plugins\libmux_avi_plugin.dll
plugins\libmux_dummy_plugin.dll
plugins\libmux_mp4_plugin.dll
plugins\libmux_mpjpeg_plugin.dll
plugins\libmux_ogg_plugin.dll
plugins\libmux_ps_plugin.dll
plugins\libmux_ts_plugin.dll
plugins\libmux_wav_plugin.dll
plugins\libnetsync_plugin.dll
plugins\libnoise_plugin.dll
plugins\libnormvol_plugin.dll
plugins\libnsc_plugin.dll
plugins\libnsv_plugin.dll
plugins\libntservice_plugin.dll
plugins\libnuv_plugin.dll
plugins\libogg_plugin.dll
plugins\liboldhttp_plugin.dll
plugins\liboldrc_plugin.dll
plugins\liboldtelnet_plugin.dll
plugins\libosdmenu_plugin.dll
plugins\libosd_parser_plugin.dll
plugins\libpacketizer_copy_plugin.dll
plugins\libpacketizer_dirac_plugin.dll
plugins\libpacketizer_flac_plugin.dll
plugins\libpacketizer_h264_plugin.dll
plugins\libpacketizer_mlp_plugin.dll
plugins\libpacketizer_mpeg4audio_plugin.dll
plugins\libpacketizer_mpeg4video_plugin.dll
plugins\libpacketizer_mpegvideo_plugin.dll
plugins\libpacketizer_vc1_plugin.dll
plugins\libpanoramix_plugin.dll
plugins\libparam_eq_plugin.dll
plugins\libplaylist_plugin.dll
plugins\libpng_plugin.dll
plugins\libpodcast_plugin.dll
plugins\libportaudio_plugin.dll
plugins\libpostproc_plugin.dll
plugins\libprojectm_plugin.dll
plugins\libpsychedelic_plugin.dll
plugins\libps_plugin.dll
plugins\libpuzzle_plugin.dll
plugins\libpva_plugin.dll
plugins\libqt4_plugin.dll
plugins\libquicktime_plugin.dll
plugins\librawaud_plugin.dll
plugins\librawdv_plugin.dll
plugins\librawvideo_plugin.dll
plugins\librawvid_plugin.dll
plugins\librealvideo_plugin.dll
plugins\libreal_plugin.dll
plugins\libremoteosd_plugin.dll
plugins\libripple_plugin.dll
plugins\librotate_plugin.dll
plugins\librss_plugin.dll
plugins\librtp_plugin.dll
plugins\librv32_plugin.dll
plugins\libsap_plugin.dll
plugins\libscaletempo_plugin.dll
plugins\libscale_plugin.dll
plugins\libscene_plugin.dll
plugins\libschroedinger_plugin.dll
plugins\libscreen_plugin.dll
plugins\libsdl_image_plugin.dll
plugins\libsharpen_plugin.dll
plugins\libsimple_channel_mixer_plugin.dll
plugins\libskins2_plugin.dll
plugins\libsmf_plugin.dll
plugins\libspatializer_plugin.dll
plugins\libspdif_mixer_plugin.dll
plugins\libspeex_plugin.dll
plugins\libspudec_plugin.dll
plugins\libstats_plugin.dll
plugins\libstream_filter_rar_plugin.dll
plugins\libstream_filter_record_plugin.dll
plugins\libstream_out_autodel_plugin.dll
plugins\libstream_out_bridge_plugin.dll
plugins\libstream_out_description_plugin.dll
plugins\libstream_out_display_plugin.dll
plugins\libstream_out_dummy_plugin.dll
plugins\libstream_out_duplicate_plugin.dll
plugins\libstream_out_es_plugin.dll
plugins\libstream_out_gather_plugin.dll
plugins\libstream_out_mosaic_bridge_plugin.dll
plugins\libstream_out_raop_plugin.dll
plugins\libstream_out_record_plugin.dll
plugins\libstream_out_rtp_plugin.dll
plugins\libstream_out_smem_plugin.dll
plugins\libstream_out_standard_plugin.dll
plugins\libstream_out_transcode_plugin.dll
plugins\libsubsdec_plugin.dll
plugins\libsubsusf_plugin.dll
plugins\libsubtitle_plugin.dll
plugins\libsvcdsub_plugin.dll
plugins\libswscale_plugin.dll
plugins\libt140_plugin.dll
plugins\libtaglib_plugin.dll
plugins\libtheora_plugin.dll
plugins\libtransform_plugin.dll
plugins\libtrivial_channel_mixer_plugin.dll
plugins\libtrivial_mixer_plugin.dll
plugins\libts_plugin.dll
plugins\libtta_plugin.dll
plugins\libtwolame_plugin.dll
plugins\libty_plugin.dll
plugins\libugly_resampler_plugin.dll
plugins\libvc1_plugin.dll
plugins\libvcd_plugin.dll
plugins\libvideo_filter_wrapper_plugin.dll
plugins\libvisual_plugin.dll
plugins\libvmem_plugin.dll
plugins\libvobsub_plugin.dll
plugins\libvoc_plugin.dll
plugins\libvod_rtsp_plugin.dll
plugins\libvorbis_plugin.dll
plugins\libvout_sdl_plugin.dll
plugins\libvout_wrapper_plugin.dll
plugins\libwall_plugin.dll
plugins\libwaveout_plugin.dll
plugins\libwave_plugin.dll
plugins\libwav_plugin.dll
plugins\libwingdi_plugin.dll
plugins\libx264_plugin.dll
plugins\libxa_plugin.dll
plugins\libxml_plugin.dll
plugins\libxtag_plugin.dll
plugins\libyuvp_plugin.dll
plugins\libyuv_plugin.dll
plugins\libyuy2_i420_plugin.dll
plugins\libyuy2_i422_plugin.dll
plugins\libzip_plugin.dll
plugins\libzvbi_plugin.dll
locale\ach\LC_MESSAGES\vlc.mo
locale\af\LC_MESSAGES\vlc.mo
locale\am\LC_MESSAGES\vlc.mo
locale\ar\LC_MESSAGES\vlc.mo
locale\ast\LC_MESSAGES\vlc.mo
locale\be\LC_MESSAGES\vlc.mo
locale\bg\LC_MESSAGES\vlc.mo
locale\bn\LC_MESSAGES\vlc.mo
locale\br\LC_MESSAGES\vlc.mo
locale\ca\LC_MESSAGES\vlc.mo
locale\cgg\LC_MESSAGES\vlc.mo
locale\ckb\LC_MESSAGES\vlc.mo
locale\co\LC_MESSAGES\vlc.mo
locale\cs\LC_MESSAGES\vlc.mo
locale\da\LC_MESSAGES\vlc.mo
locale\de\LC_MESSAGES\vlc.mo
locale\el\LC_MESSAGES\vlc.mo
locale\en_GB\LC_MESSAGES\vlc.mo
locale\es\LC_MESSAGES\vlc.mo
locale\et\LC_MESSAGES\vlc.mo
locale\eu\LC_MESSAGES\vlc.mo
locale\fa\LC_MESSAGES\vlc.mo
locale\ff\LC_MESSAGES\vlc.mo
locale\fi\LC_MESSAGES\vlc.mo
locale\fr\LC_MESSAGES\vlc.mo
locale\fur\LC_MESSAGES\vlc.mo
locale\ga\LC_MESSAGES\vlc.mo
locale\gl\LC_MESSAGES\vlc.mo
locale\he\LC_MESSAGES\vlc.mo
locale\hi\LC_MESSAGES\vlc.mo
locale\hr\LC_MESSAGES\vlc.mo
locale\hu\LC_MESSAGES\vlc.mo
locale\hy\LC_MESSAGES\vlc.mo
locale\id\LC_MESSAGES\vlc.mo
locale\is\LC_MESSAGES\vlc.mo
locale\it\LC_MESSAGES\vlc.mo
locale\ja\LC_MESSAGES\vlc.mo
locale\ka\LC_MESSAGES\vlc.mo
locale\kk\LC_MESSAGES\vlc.mo
locale\km\LC_MESSAGES\vlc.mo
locale\ko\LC_MESSAGES\vlc.mo
locale\lg\LC_MESSAGES\vlc.mo
locale\lt\LC_MESSAGES\vlc.mo
locale\lv\LC_MESSAGES\vlc.mo
locale\mk\LC_MESSAGES\vlc.mo
locale\ml\LC_MESSAGES\vlc.mo
locale\mn\LC_MESSAGES\vlc.mo
locale\ms\LC_MESSAGES\vlc.mo
locale\my\LC_MESSAGES\vlc.mo
locale\nb\LC_MESSAGES\vlc.mo
locale\ne\LC_MESSAGES\vlc.mo
locale\nl\LC_MESSAGES\vlc.mo
locale\nn\LC_MESSAGES\vlc.mo
locale\oc\LC_MESSAGES\vlc.mo
locale\pa\LC_MESSAGES\vlc.mo
locale\pl\LC_MESSAGES\vlc.mo
locale\ps\LC_MESSAGES\vlc.mo
locale\pt_BR\LC_MESSAGES\vlc.mo
locale\pt_PT\LC_MESSAGES\vlc.mo
locale\ro\LC_MESSAGES\vlc.mo
locale\ru\LC_MESSAGES\vlc.mo
locale\si\LC_MESSAGES\vlc.mo
locale\sk\LC_MESSAGES\vlc.mo
locale\sl\LC_MESSAGES\vlc.mo
locale\sq\LC_MESSAGES\vlc.mo
locale\sr\LC_MESSAGES\vlc.mo
locale\sv\LC_MESSAGES\vlc.mo
locale\ta\LC_MESSAGES\vlc.mo
locale\tet\LC_MESSAGES\vlc.mo
locale\th\LC_MESSAGES\vlc.mo
locale\tl\LC_MESSAGES\vlc.mo
locale\tr\LC_MESSAGES\vlc.mo
locale\uk\LC_MESSAGES\vlc.mo
locale\vi\LC_MESSAGES\vlc.mo
locale\wa\LC_MESSAGES\vlc.mo
locale\zh_CN\LC_MESSAGES\vlc.mo
locale\zh_TW\LC_MESSAGES\vlc.mo
locale\zu\LC_MESSAGES\vlc.mo
osdmenu\default\selected\bw.png
osdmenu\default\selected\esc.png
osdmenu\default\selected\fw.png
osdmenu\default\selected\next.png
osdmenu\default\selected\play_pause.png
osdmenu\default\selected\previous.png
osdmenu\default\selected\stop.png
osdmenu\default\selected\volume.png
osdmenu\default\selection\bw.png
osdmenu\default\selection\esc.png
osdmenu\default\selection\fw.png
osdmenu\default\selection\next.png
osdmenu\default\selection\play_pause.png
osdmenu\default\selection\previous.png
osdmenu\default\selection\stop.png
osdmenu\default\selection\volume.png
osdmenu\default\unselected.png
osdmenu\default\volume\volume_00.png
osdmenu\default\volume\volume_01.png
osdmenu\default\volume\volume_02.png
osdmenu\default\volume\volume_03.png
osdmenu\default\volume\volume_04.png
osdmenu\default\volume\volume_05.png
osdmenu\default\volume\volume_06.png
osdmenu\default\volume\volume_07.png
osdmenu\default\volume\volume_08.png
osdmenu\default\volume\volume_09.png
osdmenu\default\volume\volume_10.png
osdmenu\default.cfg
skins\default.vlt
skins\fonts\FreeSans.ttf
skins\fonts\FreeSansBold.ttf
skins\skin.catalog
skins\skin.dtd
http\.hosts
http\dialogs\.hosts
http\dialogs\browse
http\dialogs\footer
http\dialogs\input
http\dialogs\main
http\dialogs\mosaic
http\dialogs\playlist
http\dialogs\sout
http\dialogs\vlm
http\favicon.ico
http\flash.html
http\iehacks.css
http\images\delete.png
http\images\delete_small.png
http\images\eject.png
http\images\empty.png
http\images\fullscreen.png
http\images\help.png
http\images\info.png
http\images\loop.png
http\images\minus.png
http\images\next.png
http\images\pause.png
http\images\play.png
http\images\playlist.png
http\images\playlist_small.png
http\images\plus.png
http\images\prev.png
http\images\refresh.png
http\images\repeat.png
http\images\sd.png
http\images\shuffle.png
http\images\slider_bar.png
http\images\slider_left.png
http\images\slider_point.png
http\images\slider_right.png
http\images\slow.png
http\images\snapshot.png
http\images\sort.png
http\images\sout.png
http\images\speaker.png
http\images\speaker_mute.png
http\images\stop.png
http\images\vlc16x16.png
http\images\volume_down.png
http\images\volume_up.png
http\images\white.png
http\images\white_cross_small.png
http\index.html
http\js\functions.js
http\js\mosaic.js
http\js\vlm.js
http\mosaic.html
http\requests\browse.xml
http\requests\playlist.xml
http\requests\readme.txt
http\requests\status.xml
http\requests\vlm.xml
http\requests\vlm_cmd.xml
http\style.css
http\vlm.html
http\vlm_export.html
lua\extensions\allocine-fr.lua
lua\extensions\README.txt
lua\http\.hosts
lua\http\custom.lua
lua\http\dialogs\.hosts
lua\http\dialogs\browse
lua\http\dialogs\footer
lua\http\dialogs\input
lua\http\dialogs\main
lua\http\dialogs\mosaic
lua\http\dialogs\playlist
lua\http\dialogs\sout
lua\http\dialogs\vlm
lua\http\favicon.ico
lua\http\flash.html
lua\http\iehacks.css
lua\http\images\delete.png
lua\http\images\delete_small.png
lua\http\images\eject.png
lua\http\images\empty.png
lua\http\images\fullscreen.png
lua\http\images\help.png
lua\http\images\info.png
lua\http\images\loop.png
lua\http\images\minus.png
lua\http\images\next.png
lua\http\images\pause.png
lua\http\images\play.png
lua\http\images\playlist.png
lua\http\images\playlist_small.png
lua\http\images\plus.png
lua\http\images\prev.png
lua\http\images\refresh.png
lua\http\images\repeat.png
lua\http\images\reset.png
lua\http\images\sd.png
lua\http\images\shuffle.png
lua\http\images\slider_bar.png
lua\http\images\slider_left.png
lua\http\images\slider_point.png
lua\http\images\slider_right.png
lua\http\images\slow.png
lua\http\images\snapshot.png
lua\http\images\sort.png
lua\http\images\sout.png
lua\http\images\speaker.png
lua\http\images\speaker_mute.png
lua\http\images\stop.png
lua\http\images\vlc16x16.png
lua\http\images\volume_down.png
lua\http\images\volume_up.png
lua\http\images\white.png
lua\http\images\white_cross_small.png
lua\http\index.html
lua\http\js\functions.js
lua\http\js\mosaic.js
lua\http\js\vlm.js
lua\http\mosaic.html
lua\http\requests\browse.xml
lua\http\requests\playlist.xml
lua\http\requests\readme.txt
lua\http\requests\status.xml
lua\http\requests\vlm.xml
lua\http\requests\vlm_cmd.xml
lua\http\style.css
lua\http\vlm.html
lua\http\vlm_export.html
lua\intf\dummy.lua
lua\intf\dumpmeta.lua
lua\intf\hotkeys.lua
lua\intf\http.lua
lua\intf\luac.lua
lua\intf\modules\common.lua
lua\intf\modules\host.lua
lua\intf\rc.lua
lua\intf\README.txt
lua\intf\telnet.lua
lua\meta\art\01_googleimage.lua
lua\meta\art\02_frenchtv.lua
lua\meta\art\03_lastfm.lua
lua\meta\art\04_musicbrainz.lua
lua\meta\art\README.txt
lua\meta\fetcher\README.txt
lua\meta\fetcher\tvrage.lua
lua\meta\reader\filename.lua
lua\meta\reader\README.txt
lua\modules\sandbox.lua
lua\modules\simplexml.lua
lua\playlist\anevia_streams.lua
lua\playlist\anevia_xml.lua
lua\playlist\appletrailers.lua
lua\playlist\bbc_co_uk.lua
lua\playlist\break.lua
lua\playlist\canalplus.lua
lua\playlist\cue.lua
lua\playlist\dailymotion.lua
lua\playlist\france2.lua
lua\playlist\googlevideo.lua
lua\playlist\jamendo.lua
lua\playlist\joox.lua
lua\playlist\katsomo.lua
lua\playlist\koreus.lua
lua\playlist\lelombrik.lua
lua\playlist\megavideo.lua
lua\playlist\metacafe.lua
lua\playlist\metachannels.lua
lua\playlist\mpora.lua
lua\playlist\pinkbike.lua
lua\playlist\README.txt
lua\playlist\rockbox_fm_presets.lua
lua\playlist\vimeo.lua
lua\playlist\youtube.lua
lua\playlist\youtube_homepage.lua
lua\README.txt
lua\sd\fmc.lua
lua\sd\freebox.lua
lua\sd\icecast.lua
lua\sd\jamendo.lua
lua\sd\metachannels.lua
lua\sd\README.txt
plugins\plugins-04041e-fe8.dat
VideoLAN Website.url
Documentation.url
New_Skins.url
vlc.exe
vlc.exe.manifest
vlc-cache-gen.exe
axvlc.dll
libvlc.dll
libvlccore.dll
npvlc.dll
AUTHORS.txt
COPYING.txt
NEWS.txt
README.txt
THANKS.txt
plugins\access\libaccess_attachment_plugin.dll
plugins\access\libaccess_bd_plugin.dll
plugins\access\libaccess_ftp_plugin.dll
plugins\access\libaccess_http_plugin.dll
plugins\access\libaccess_imem_plugin.dll
plugins\access\libaccess_mms_plugin.dll
plugins\access\libaccess_rar_plugin.dll
plugins\access\libaccess_realrtsp_plugin.dll
plugins\access\libaccess_smb_plugin.dll
plugins\access\libaccess_tcp_plugin.dll
plugins\access\libaccess_udp_plugin.dll
plugins\access\libaccess_vdr_plugin.dll
plugins\access\libcdda_plugin.dll
plugins\access\libdshow_plugin.dll
plugins\access\libdtv_plugin.dll
plugins\access\libdvdnav_plugin.dll
plugins\access\libdvdread_plugin.dll
plugins\access\libfilesystem_plugin.dll
plugins\access\libidummy_plugin.dll
plugins\access\liblibbluray_plugin.dll
plugins\access\liblive555_plugin.dll
plugins\access\librtp_plugin.dll
plugins\access\libscreen_plugin.dll
plugins\access\libsdp_plugin.dll
plugins\access\libshm_plugin.dll
plugins\access\libstream_filter_rar_plugin.dll
plugins\access\libtimecode_plugin.dll
plugins\access\libvcd_plugin.dll
plugins\access\libzip_plugin.dll
plugins\access_output\libaccess_output_dummy_plugin.dll
plugins\access_output\libaccess_output_file_plugin.dll
plugins\access_output\libaccess_output_http_plugin.dll
plugins\access_output\libaccess_output_livehttp_plugin.dll
plugins\access_output\libaccess_output_shout_plugin.dll
plugins\access_output\libaccess_output_udp_plugin.dll
plugins\audio_filter\liba52tofloat32_plugin.dll
plugins\audio_filter\liba52tospdif_plugin.dll
plugins\audio_filter\libaudiobargraph_a_plugin.dll
plugins\audio_filter\libaudio_format_plugin.dll
plugins\audio_filter\libchorus_flanger_plugin.dll
plugins\audio_filter\libcompressor_plugin.dll
plugins\audio_filter\libdolby_surround_decoder_plugin.dll
plugins\audio_filter\libdtstofloat32_plugin.dll
plugins\audio_filter\libdtstospdif_plugin.dll
plugins\audio_filter\libequalizer_plugin.dll
plugins\audio_filter\libgain_plugin.dll
plugins\audio_filter\libheadphone_channel_mixer_plugin.dll
plugins\audio_filter\libkaraoke_plugin.dll
plugins\audio_filter\libmono_plugin.dll
plugins\audio_filter\libmpgatofixed32_plugin.dll
plugins\audio_filter\libnormvol_plugin.dll
plugins\audio_filter\libparam_eq_plugin.dll
plugins\audio_filter\libremap_plugin.dll
plugins\audio_filter\libsamplerate_plugin.dll
plugins\audio_filter\libscaletempo_plugin.dll
plugins\audio_filter\libsimple_channel_mixer_plugin.dll
plugins\audio_filter\libspatializer_plugin.dll
plugins\audio_filter\libspeex_resampler_plugin.dll
plugins\audio_filter\libstereo_widen_plugin.dll
plugins\audio_filter\libtrivial_channel_mixer_plugin.dll
plugins\audio_filter\libugly_resampler_plugin.dll
plugins\audio_mixer\libfloat_mixer_plugin.dll
plugins\audio_mixer\libinteger_mixer_plugin.dll
plugins\audio_output\libadummy_plugin.dll
plugins\audio_output\libafile_plugin.dll
plugins\audio_output\libamem_plugin.dll
plugins\audio_output\libdirectsound_plugin.dll
plugins\audio_output\libmmdevice_plugin.dll
plugins\audio_output\libwaveout_plugin.dll
plugins\codec\liba52_plugin.dll
plugins\codec\libadpcm_plugin.dll
plugins\codec\libaes3_plugin.dll
plugins\codec\libaraw_plugin.dll
plugins\codec\libavcodec_plugin.dll
plugins\codec\libcc_plugin.dll
plugins\codec\libcdg_plugin.dll
plugins\codec\libcrystalhd_plugin.dll
plugins\codec\libcvdsub_plugin.dll
plugins\codec\libddummy_plugin.dll
plugins\codec\libdmo_plugin.dll
plugins\codec\libdts_plugin.dll
plugins\codec\libdvbsub_plugin.dll
plugins\codec\libdxva2_plugin.dll
plugins\codec\libedummy_plugin.dll
plugins\codec\libfaad_plugin.dll
plugins\codec\libflac_plugin.dll
plugins\codec\libg711_plugin.dll
plugins\codec\libkate_plugin.dll
plugins\codec\liblibass_plugin.dll
plugins\codec\liblibmpeg2_plugin.dll
plugins\codec\liblpcm_plugin.dll
plugins\codec\libmpeg_audio_plugin.dll
plugins\codec\libopus_plugin.dll
plugins\codec\libpng_plugin.dll
plugins\codec\libquicktime_plugin.dll
plugins\codec\librawvideo_plugin.dll
plugins\codec\libschroedinger_plugin.dll
plugins\codec\libscte27_plugin.dll
plugins\codec\libspeex_plugin.dll
plugins\codec\libspudec_plugin.dll
plugins\codec\libstl_plugin.dll
plugins\codec\libsubsdec_plugin.dll
plugins\codec\libsubsusf_plugin.dll
plugins\codec\libsvcdsub_plugin.dll
plugins\codec\libt140_plugin.dll
plugins\codec\libtheora_plugin.dll
plugins\codec\libtwolame_plugin.dll
plugins\codec\libuleaddvaudio_plugin.dll
plugins\codec\libvorbis_plugin.dll
plugins\codec\libx264_plugin.dll
plugins\codec\libzvbi_plugin.dll
plugins\control\libdummy_plugin.dll
plugins\control\libgestures_plugin.dll
plugins\control\libglobalhotkeys_plugin.dll
plugins\control\libhotkeys_plugin.dll
plugins\control\libnetsync_plugin.dll
plugins\control\libntservice_plugin.dll
plugins\control\liboldrc_plugin.dll
plugins\demux\libaiff_plugin.dll
plugins\demux\libasf_plugin.dll
plugins\demux\libau_plugin.dll
plugins\demux\libavi_plugin.dll
plugins\demux\libdemuxdump_plugin.dll
plugins\demux\libdemux_cdg_plugin.dll
plugins\demux\libdemux_stl_plugin.dll
plugins\demux\libdirac_plugin.dll
plugins\demux\libes_plugin.dll
plugins\demux\libflacsys_plugin.dll
plugins\demux\libgme_plugin.dll
plugins\demux\libh264_plugin.dll
plugins\demux\libimage_plugin.dll
plugins\demux\libmjpeg_plugin.dll
plugins\demux\libmkv_plugin.dll
plugins\demux\libmod_plugin.dll
plugins\demux\libmp4_plugin.dll
plugins\demux\libmpc_plugin.dll
plugins\demux\libmpgv_plugin.dll
plugins\demux\libnsc_plugin.dll
plugins\demux\libnsv_plugin.dll
plugins\demux\libnuv_plugin.dll
plugins\demux\libogg_plugin.dll
plugins\demux\libplaylist_plugin.dll
plugins\demux\libps_plugin.dll
plugins\demux\libpva_plugin.dll
plugins\demux\librawaud_plugin.dll
plugins\demux\librawdv_plugin.dll
plugins\demux\librawvid_plugin.dll
plugins\demux\libreal_plugin.dll
plugins\demux\libsid_plugin.dll
plugins\demux\libsmf_plugin.dll
plugins\demux\libsubtitle_plugin.dll
plugins\demux\libts_plugin.dll
plugins\demux\libtta_plugin.dll
plugins\demux\libty_plugin.dll
plugins\demux\libvc1_plugin.dll
plugins\demux\libvobsub_plugin.dll
plugins\demux\libvoc_plugin.dll
plugins\demux\libwav_plugin.dll
plugins\demux\libxa_plugin.dll
plugins\gui\libqt4_plugin.dll
plugins\gui\libskins2_plugin.dll
plugins\liba52tofloat32_plugin.dll
plugins\liba52tospdif_plugin.dll
plugins\liba52_plugin.dll
plugins\libaccess_attachment_plugin.dll
plugins\libaccess_bd_plugin.dll
plugins\libaccess_fake_plugin.dll
plugins\libaccess_ftp_plugin.dll
plugins\libaccess_http_plugin.dll
plugins\libaccess_imem_plugin.dll
plugins\libaccess_mms_plugin.dll
plugins\libaccess_output_dummy_plugin.dll
plugins\libaccess_output_file_plugin.dll
plugins\libaccess_output_http_plugin.dll
plugins\libaccess_output_shout_plugin.dll
plugins\libaccess_output_udp_plugin.dll
plugins\libaccess_realrtsp_plugin.dll
plugins\libaccess_smb_plugin.dll
plugins\libaccess_tcp_plugin.dll
plugins\libaccess_udp_plugin.dll
plugins\libadjust_plugin.dll
plugins\libadpcm_plugin.dll
plugins\libaes3_plugin.dll
plugins\libaiff_plugin.dll
plugins\libalphamask_plugin.dll
plugins\libaout_directx_plugin.dll
plugins\libaout_file_plugin.dll
plugins\libaout_sdl_plugin.dll
plugins\libaraw_plugin.dll
plugins\libasf_plugin.dll
plugins\libatmo_plugin.dll
plugins\libaudiobargraph_a_plugin.dll
plugins\libaudiobargraph_v_plugin.dll
plugins\libaudioscrobbler_plugin.dll
plugins\libaudio_format_plugin.dll
plugins\libau_plugin.dll
plugins\libavcodec_plugin.dll
plugins\libavi_plugin.dll
plugins\libball_plugin.dll
plugins\libbda_plugin.dll
plugins\libblendbench_plugin.dll
plugins\libblend_plugin.dll
plugins\libbluescreen_plugin.dll
plugins\libcaca_plugin.dll
plugins\libcanvas_plugin.dll
plugins\libcc_plugin.dll
plugins\libcdda_plugin.dll
plugins\libcdg_plugin.dll
plugins\libchain_plugin.dll
plugins\libchorus_flanger_plugin.dll
plugins\libclone_plugin.dll
plugins\libcolorthres_plugin.dll
plugins\libconverter_fixed_plugin.dll
plugins\libcroppadd_plugin.dll
plugins\libcrop_plugin.dll
plugins\libcvdsub_plugin.dll
plugins\libdeinterlace_plugin.dll
plugins\libdemuxdump_plugin.dll
plugins\libdemux_cdg_plugin.dll
plugins\libdirac_plugin.dll
plugins\libdirect3d_plugin.dll
plugins\libdirectx_plugin.dll
plugins\libdmo_plugin.dll
plugins\libdolby_surround_decoder_plugin.dll
plugins\libdrawable_plugin.dll
plugins\libdshow_plugin.dll
plugins\libdtstofloat32_plugin.dll
plugins\libdtstospdif_plugin.dll
plugins\libdts_plugin.dll
plugins\libdummy_plugin.dll
plugins\libdvbsub_plugin.dll
plugins\libdvdnav_plugin.dll
plugins\libdvdread_plugin.dll
plugins\libequalizer_plugin.dll
plugins\liberase_plugin.dll
plugins\libes_plugin.dll
plugins\libexport_plugin.dll
plugins\libextract_plugin.dll
plugins\libfaad_plugin.dll
plugins\libfake_plugin.dll
plugins\libfilesystem_plugin.dll
plugins\libflacsys_plugin.dll
plugins\libflac_plugin.dll
plugins\libfloat32_mixer_plugin.dll
plugins\libfluidsynth_plugin.dll
plugins\libfolder_plugin.dll
plugins\libfreetype_plugin.dll
plugins\libgaussianblur_plugin.dll
plugins\libgestures_plugin.dll
plugins\libglobalhotkeys_plugin.dll
plugins\libglwin32_plugin.dll
plugins\libgme_plugin.dll
plugins\libgnutls_plugin.dll
plugins\libgoom_plugin.dll
plugins\libgradient_plugin.dll
plugins\libgrain_plugin.dll
plugins\libgrey_yuv_plugin.dll
plugins\libh264_plugin.dll
plugins\libheadphone_channel_mixer_plugin.dll
plugins\libhotkeys_plugin.dll
plugins\libi420_rgb_mmx_plugin.dll
plugins\libi420_rgb_plugin.dll
plugins\libi420_rgb_sse2_plugin.dll
plugins\libi420_yuy2_mmx_plugin.dll
plugins\libi420_yuy2_plugin.dll
plugins\libi420_yuy2_sse2_plugin.dll
plugins\libi422_i420_plugin.dll
plugins\libi422_yuy2_mmx_plugin.dll
plugins\libi422_yuy2_plugin.dll
plugins\libi422_yuy2_sse2_plugin.dll
plugins\libinvert_plugin.dll
plugins\libinvmem_plugin.dll
plugins\libkate_plugin.dll
plugins\liblibass_plugin.dll
plugins\liblibmpeg2_plugin.dll
plugins\liblive555_plugin.dll
plugins\liblogger_plugin.dll
plugins\liblogo_plugin.dll
plugins\liblpcm_plugin.dll
plugins\liblua_plugin.dll
plugins\libmagnify_plugin.dll
plugins\libmarq_plugin.dll
plugins\libmediadirs_plugin.dll
plugins\libmemcpy3dn_plugin.dll
plugins\libmemcpymmxext_plugin.dll
plugins\libmemcpymmx_plugin.dll
plugins\libmirror_plugin.dll
plugins\libmjpeg_plugin.dll
plugins\libmkv_plugin.dll
plugins\libmod_plugin.dll
plugins\libmono_plugin.dll
plugins\libmosaic_plugin.dll
plugins\libmotionblur_plugin.dll
plugins\libmotiondetect_plugin.dll
plugins\libmp4_plugin.dll
plugins\libmpc_plugin.dll
plugins\libmpeg_audio_plugin.dll
plugins\libmpgatofixed32_plugin.dll
plugins\libmpgv_plugin.dll
plugins\libmsn_plugin.dll
plugins\libmux_asf_plugin.dll
plugins\libmux_avi_plugin.dll
plugins\libmux_dummy_plugin.dll
plugins\libmux_mp4_plugin.dll
plugins\libmux_mpjpeg_plugin.dll
plugins\libmux_ogg_plugin.dll
plugins\libmux_ps_plugin.dll
plugins\libmux_ts_plugin.dll
plugins\libmux_wav_plugin.dll
plugins\libnetsync_plugin.dll
plugins\libnoise_plugin.dll
plugins\libnormvol_plugin.dll
plugins\libnsc_plugin.dll
plugins\libnsv_plugin.dll
plugins\libntservice_plugin.dll
plugins\libnuv_plugin.dll
plugins\libogg_plugin.dll
plugins\liboldhttp_plugin.dll
plugins\liboldrc_plugin.dll
plugins\liboldtelnet_plugin.dll
plugins\libosdmenu_plugin.dll
plugins\libosd_parser_plugin.dll
plugins\libpacketizer_copy_plugin.dll
plugins\libpacketizer_dirac_plugin.dll
plugins\libpacketizer_flac_plugin.dll
plugins\libpacketizer_h264_plugin.dll
plugins\libpacketizer_mlp_plugin.dll
plugins\libpacketizer_mpeg4audio_plugin.dll
plugins\libpacketizer_mpeg4video_plugin.dll
plugins\libpacketizer_mpegvideo_plugin.dll
plugins\libpacketizer_vc1_plugin.dll
plugins\libpanoramix_plugin.dll
plugins\libparam_eq_plugin.dll
plugins\libplaylist_plugin.dll
plugins\libpng_plugin.dll
plugins\libpodcast_plugin.dll
plugins\libportaudio_plugin.dll
plugins\libpostproc_plugin.dll
plugins\libprojectm_plugin.dll
plugins\libpsychedelic_plugin.dll
plugins\libps_plugin.dll
plugins\libpuzzle_plugin.dll
plugins\libpva_plugin.dll
plugins\libqt4_plugin.dll
plugins\libquicktime_plugin.dll
plugins\librawaud_plugin.dll
plugins\librawdv_plugin.dll
plugins\librawvideo_plugin.dll
plugins\librawvid_plugin.dll
plugins\librealvideo_plugin.dll
plugins\libreal_plugin.dll
plugins\libremoteosd_plugin.dll
plugins\libripple_plugin.dll
plugins\librotate_plugin.dll
plugins\librss_plugin.dll
plugins\librtp_plugin.dll
plugins\librv32_plugin.dll
plugins\libsap_plugin.dll
plugins\libscaletempo_plugin.dll
plugins\libscale_plugin.dll
plugins\libscene_plugin.dll
plugins\libschroedinger_plugin.dll
plugins\libscreen_plugin.dll
plugins\libsdl_image_plugin.dll
plugins\libsharpen_plugin.dll
plugins\libsimple_channel_mixer_plugin.dll
plugins\libskins2_plugin.dll
plugins\libsmf_plugin.dll
plugins\libspatializer_plugin.dll
plugins\libspdif_mixer_plugin.dll
plugins\libspeex_plugin.dll
plugins\libspudec_plugin.dll
plugins\libstats_plugin.dll
plugins\libstream_filter_rar_plugin.dll
plugins\libstream_filter_record_plugin.dll
plugins\libstream_out_autodel_plugin.dll
plugins\libstream_out_bridge_plugin.dll
plugins\libstream_out_description_plugin.dll
plugins\libstream_out_display_plugin.dll
plugins\libstream_out_dummy_plugin.dll
plugins\libstream_out_duplicate_plugin.dll
plugins\libstream_out_es_plugin.dll
plugins\libstream_out_gather_plugin.dll
plugins\libstream_out_mosaic_bridge_plugin.dll
plugins\libstream_out_raop_plugin.dll
plugins\libstream_out_record_plugin.dll
plugins\libstream_out_rtp_plugin.dll
plugins\libstream_out_smem_plugin.dll
plugins\libstream_out_standard_plugin.dll
plugins\libstream_out_transcode_plugin.dll
plugins\libsubsdec_plugin.dll
plugins\libsubsusf_plugin.dll
plugins\libsubtitle_plugin.dll
plugins\libsvcdsub_plugin.dll
plugins\libswscale_plugin.dll
plugins\libt140_plugin.dll
plugins\libtaglib_plugin.dll
plugins\libtheora_plugin.dll
plugins\libtransform_plugin.dll
plugins\libtrivial_channel_mixer_plugin.dll
plugins\libtrivial_mixer_plugin.dll
plugins\libts_plugin.dll
plugins\libtta_plugin.dll
plugins\libtwolame_plugin.dll
plugins\libty_plugin.dll
plugins\libugly_resampler_plugin.dll
plugins\libvc1_plugin.dll
plugins\libvcd_plugin.dll
plugins\libvideo_filter_wrapper_plugin.dll
plugins\libvisual_plugin.dll
plugins\libvmem_plugin.dll
plugins\libvobsub_plugin.dll
plugins\libvoc_plugin.dll
plugins\libvod_rtsp_plugin.dll
plugins\libvorbis_plugin.dll
plugins\libvout_sdl_plugin.dll
plugins\libvout_wrapper_plugin.dll
plugins\libwall_plugin.dll
plugins\libwaveout_plugin.dll
plugins\libwave_plugin.dll
plugins\libwav_plugin.dll
plugins\libwingdi_plugin.dll
plugins\libx264_plugin.dll
plugins\libxa_plugin.dll
plugins\libxml_plugin.dll
plugins\libxtag_plugin.dll
plugins\libyuvp_plugin.dll
plugins\libyuv_plugin.dll
plugins\libyuy2_i420_plugin.dll
plugins\libyuy2_i422_plugin.dll
plugins\libzip_plugin.dll
plugins\libzvbi_plugin.dll
plugins\lua\liblua_plugin.dll
plugins\meta_engine\libfolder_plugin.dll
plugins\meta_engine\libtaglib_plugin.dll
plugins\misc\libaudioscrobbler_plugin.dll
plugins\misc\libexport_plugin.dll
plugins\misc\libfingerprinter_plugin.dll
plugins\misc\libgnutls_plugin.dll
plugins\misc\liblogger_plugin.dll
plugins\misc\libstats_plugin.dll
plugins\misc\libvod_rtsp_plugin.dll
plugins\misc\libxml_plugin.dll
plugins\mmx\libi420_rgb_mmx_plugin.dll
plugins\mmx\libi420_yuy2_mmx_plugin.dll
plugins\mmx\libi422_yuy2_mmx_plugin.dll
plugins\mux\libmux_asf_plugin.dll
plugins\mux\libmux_avi_plugin.dll
plugins\mux\libmux_dummy_plugin.dll
plugins\mux\libmux_mp4_plugin.dll
plugins\mux\libmux_mpjpeg_plugin.dll
plugins\mux\libmux_ogg_plugin.dll
plugins\mux\libmux_ps_plugin.dll
plugins\mux\libmux_ts_plugin.dll
plugins\mux\libmux_wav_plugin.dll
plugins\packetizer\libpacketizer_copy_plugin.dll
plugins\packetizer\libpacketizer_dirac_plugin.dll
plugins\packetizer\libpacketizer_flac_plugin.dll
plugins\packetizer\libpacketizer_h264_plugin.dll
plugins\packetizer\libpacketizer_mlp_plugin.dll
plugins\packetizer\libpacketizer_mpeg4audio_plugin.dll
plugins\packetizer\libpacketizer_mpeg4video_plugin.dll
plugins\packetizer\libpacketizer_mpegvideo_plugin.dll
plugins\packetizer\libpacketizer_vc1_plugin.dll
plugins\plugins-04041e-fe8.dat
plugins\services_discovery\libmediadirs_plugin.dll
plugins\services_discovery\libpodcast_plugin.dll
plugins\services_discovery\libsap_plugin.dll
plugins\services_discovery\libupnp_plugin.dll
plugins\services_discovery\libwindrive_plugin.dll
plugins\sse2\libi420_rgb_sse2_plugin.dll
plugins\sse2\libi420_yuy2_sse2_plugin.dll
plugins\sse2\libi422_yuy2_sse2_plugin.dll
plugins\stream_filter\libdash_plugin.dll
plugins\stream_filter\libhttplive_plugin.dll
plugins\stream_filter\librecord_plugin.dll
plugins\stream_filter\libsmooth_plugin.dll
plugins\stream_out\libstream_out_autodel_plugin.dll
plugins\stream_out\libstream_out_bridge_plugin.dll
plugins\stream_out\libstream_out_chromaprint_plugin.dll
plugins\stream_out\libstream_out_delay_plugin.dll
plugins\stream_out\libstream_out_description_plugin.dll
plugins\stream_out\libstream_out_display_plugin.dll
plugins\stream_out\libstream_out_dummy_plugin.dll
plugins\stream_out\libstream_out_duplicate_plugin.dll
plugins\stream_out\libstream_out_es_plugin.dll
plugins\stream_out\libstream_out_gather_plugin.dll
plugins\stream_out\libstream_out_langfromtelx_plugin.dll
plugins\stream_out\libstream_out_mosaic_bridge_plugin.dll
plugins\stream_out\libstream_out_raop_plugin.dll
plugins\stream_out\libstream_out_record_plugin.dll
plugins\stream_out\libstream_out_rtp_plugin.dll
plugins\stream_out\libstream_out_setid_plugin.dll
plugins\stream_out\libstream_out_smem_plugin.dll
plugins\stream_out\libstream_out_standard_plugin.dll
plugins\stream_out\libstream_out_transcode_plugin.dll
plugins\text_renderer\libfreetype_plugin.dll
plugins\text_renderer\libtdummy_plugin.dll
plugins\video_chroma\libgrey_yuv_plugin.dll
plugins\video_chroma\libi420_rgb_plugin.dll
plugins\video_chroma\libi420_yuy2_plugin.dll
plugins\video_chroma\libi422_i420_plugin.dll
plugins\video_chroma\libi422_yuy2_plugin.dll
plugins\video_chroma\librv32_plugin.dll
plugins\video_chroma\libyuy2_i420_plugin.dll
plugins\video_chroma\libyuy2_i422_plugin.dll
plugins\video_filter\libadjust_plugin.dll
plugins\video_filter\libalphamask_plugin.dll
plugins\video_filter\libanaglyph_plugin.dll
plugins\video_filter\libantiflicker_plugin.dll
plugins\video_filter\libatmo_plugin.dll
plugins\video_filter\libaudiobargraph_v_plugin.dll
plugins\video_filter\libball_plugin.dll
plugins\video_filter\libblendbench_plugin.dll
plugins\video_filter\libblend_plugin.dll
plugins\video_filter\libbluescreen_plugin.dll
plugins\video_filter\libcanvas_plugin.dll
plugins\video_filter\libchain_plugin.dll
plugins\video_filter\libclone_plugin.dll
plugins\video_filter\libcolorthres_plugin.dll
plugins\video_filter\libcroppadd_plugin.dll
plugins\video_filter\libdeinterlace_plugin.dll
plugins\video_filter\liberase_plugin.dll
plugins\video_filter\libextract_plugin.dll
plugins\video_filter\libgaussianblur_plugin.dll
plugins\video_filter\libgradfun_plugin.dll
plugins\video_filter\libgradient_plugin.dll
plugins\video_filter\libgrain_plugin.dll
plugins\video_filter\libhqdn3d_plugin.dll
plugins\video_filter\libinvert_plugin.dll
plugins\video_filter\liblogo_plugin.dll
plugins\video_filter\libmagnify_plugin.dll
plugins\video_filter\libmarq_plugin.dll
plugins\video_filter\libmirror_plugin.dll
plugins\video_filter\libmosaic_plugin.dll
plugins\video_filter\libmotionblur_plugin.dll
plugins\video_filter\libmotiondetect_plugin.dll
plugins\video_filter\libpanoramix_plugin.dll
plugins\video_filter\libposterize_plugin.dll
plugins\video_filter\libpostproc_plugin.dll
plugins\video_filter\libpsychedelic_plugin.dll
plugins\video_filter\libpuzzle_plugin.dll
plugins\video_filter\libremoteosd_plugin.dll
plugins\video_filter\libripple_plugin.dll
plugins\video_filter\librotate_plugin.dll
plugins\video_filter\librss_plugin.dll
plugins\video_filter\libscale_plugin.dll
plugins\video_filter\libscene_plugin.dll
plugins\video_filter\libsepia_plugin.dll
plugins\video_filter\libsharpen_plugin.dll
plugins\video_filter\libsubsdelay_plugin.dll
plugins\video_filter\libswscale_plugin.dll
plugins\video_filter\libtransform_plugin.dll
plugins\video_filter\libwall_plugin.dll
plugins\video_filter\libwave_plugin.dll
plugins\video_filter\libyuvp_plugin.dll
plugins\video_output\libcaca_plugin.dll
plugins\video_output\libdirect2d_plugin.dll
plugins\video_output\libdirect3d_plugin.dll
plugins\video_output\libdirectdraw_plugin.dll
plugins\video_output\libdrawable_plugin.dll
plugins\video_output\libglwin32_plugin.dll
plugins\video_output\libvdummy_plugin.dll
plugins\video_output\libvmem_plugin.dll
plugins\video_output\libwingdi_plugin.dll
plugins\video_output\libyuv_plugin.dll
plugins\visualization\libgoom_plugin.dll
plugins\visualization\libprojectm_plugin.dll
plugins\visualization\libvisual_plugin.dll
locale\ach\LC_MESSAGES\vlc.mo
locale\af\LC_MESSAGES\vlc.mo
locale\am\LC_MESSAGES\vlc.mo
locale\an\LC_MESSAGES\vlc.mo
locale\ar\LC_MESSAGES\vlc.mo
locale\ast\LC_MESSAGES\vlc.mo
locale\az\LC_MESSAGES\vlc.mo
locale\be\LC_MESSAGES\vlc.mo
locale\bg\LC_MESSAGES\vlc.mo
locale\bn\LC_MESSAGES\vlc.mo
locale\bn_IN\LC_MESSAGES\vlc.mo
locale\br\LC_MESSAGES\vlc.mo
locale\bs\LC_MESSAGES\vlc.mo
locale\ca\LC_MESSAGES\vlc.mo
locale\cgg\LC_MESSAGES\vlc.mo
locale\ckb\LC_MESSAGES\vlc.mo
locale\co\LC_MESSAGES\vlc.mo
locale\cs\LC_MESSAGES\vlc.mo
locale\cy\LC_MESSAGES\vlc.mo
locale\da\LC_MESSAGES\vlc.mo
locale\de\LC_MESSAGES\vlc.mo
locale\el\LC_MESSAGES\vlc.mo
locale\en_GB\LC_MESSAGES\vlc.mo
locale\es\LC_MESSAGES\vlc.mo
locale\et\LC_MESSAGES\vlc.mo
locale\eu\LC_MESSAGES\vlc.mo
locale\fa\LC_MESSAGES\vlc.mo
locale\ff\LC_MESSAGES\vlc.mo
locale\fi\LC_MESSAGES\vlc.mo
locale\fr\LC_MESSAGES\vlc.mo
locale\fur\LC_MESSAGES\vlc.mo
locale\ga\LC_MESSAGES\vlc.mo
locale\gd\LC_MESSAGES\vlc.mo
locale\gl\LC_MESSAGES\vlc.mo
locale\gu\LC_MESSAGES\vlc.mo
locale\he\LC_MESSAGES\vlc.mo
locale\hi\LC_MESSAGES\vlc.mo
locale\hr\LC_MESSAGES\vlc.mo
locale\hu\LC_MESSAGES\vlc.mo
locale\hy\LC_MESSAGES\vlc.mo
locale\ia\LC_MESSAGES\vlc.mo
locale\id\LC_MESSAGES\vlc.mo
locale\is\LC_MESSAGES\vlc.mo
locale\it\LC_MESSAGES\vlc.mo
locale\ja\LC_MESSAGES\vlc.mo
locale\ka\LC_MESSAGES\vlc.mo
locale\kk\LC_MESSAGES\vlc.mo
locale\km\LC_MESSAGES\vlc.mo
locale\kn\LC_MESSAGES\vlc.mo
locale\ko\LC_MESSAGES\vlc.mo
locale\ky\LC_MESSAGES\vlc.mo
locale\lg\LC_MESSAGES\vlc.mo
locale\lt\LC_MESSAGES\vlc.mo
locale\lv\LC_MESSAGES\vlc.mo
locale\mk\LC_MESSAGES\vlc.mo
locale\ml\LC_MESSAGES\vlc.mo
locale\mn\LC_MESSAGES\vlc.mo
locale\mr\LC_MESSAGES\vlc.mo
locale\ms\LC_MESSAGES\vlc.mo
locale\my\LC_MESSAGES\vlc.mo
locale\nb\LC_MESSAGES\vlc.mo
locale\ne\LC_MESSAGES\vlc.mo
locale\nl\LC_MESSAGES\vlc.mo
locale\nn\LC_MESSAGES\vlc.mo
locale\oc\LC_MESSAGES\vlc.mo
locale\or\LC_MESSAGES\vlc.mo
locale\pa\LC_MESSAGES\vlc.mo
locale\pl\LC_MESSAGES\vlc.mo
locale\ps\LC_MESSAGES\vlc.mo
locale\pt_BR\LC_MESSAGES\vlc.mo
locale\pt_PT\LC_MESSAGES\vlc.mo
locale\ro\LC_MESSAGES\vlc.mo
locale\ru\LC_MESSAGES\vlc.mo
locale\si\LC_MESSAGES\vlc.mo
locale\sk\LC_MESSAGES\vlc.mo
locale\sl\LC_MESSAGES\vlc.mo
locale\sq\LC_MESSAGES\vlc.mo
locale\sr\LC_MESSAGES\vlc.mo
locale\sv\LC_MESSAGES\vlc.mo
locale\ta\LC_MESSAGES\vlc.mo
locale\te\LC_MESSAGES\vlc.mo
locale\tet\LC_MESSAGES\vlc.mo
locale\th\LC_MESSAGES\vlc.mo
locale\tl\LC_MESSAGES\vlc.mo
locale\tr\LC_MESSAGES\vlc.mo
locale\uk\LC_MESSAGES\vlc.mo
locale\uz\LC_MESSAGES\vlc.mo
locale\vi\LC_MESSAGES\vlc.mo
locale\wa\LC_MESSAGES\vlc.mo
locale\zh_CN\LC_MESSAGES\vlc.mo
locale\zh_TW\LC_MESSAGES\vlc.mo
locale\zu\LC_MESSAGES\vlc.mo
sdk\activex\README.TXT
sdk\activex\test.html
sdk\include\vlc\deprecated.h
sdk\include\vlc\libvlc.h
sdk\include\vlc\libvlc_events.h
sdk\include\vlc\libvlc_media.h
sdk\include\vlc\libvlc_media_discoverer.h
sdk\include\vlc\libvlc_media_library.h
sdk\include\vlc\libvlc_media_list.h
sdk\include\vlc\libvlc_media_list_player.h
sdk\include\vlc\libvlc_media_player.h
sdk\include\vlc\libvlc_structures.h
sdk\include\vlc\libvlc_version.h
sdk\include\vlc\libvlc_vlm.h
sdk\include\vlc\plugins\vlc_about.h
sdk\include\vlc\plugins\vlc_access.h
sdk\include\vlc\plugins\vlc_acl.h
sdk\include\vlc\plugins\vlc_aout.h
sdk\include\vlc\plugins\vlc_aout_mixer.h
sdk\include\vlc\plugins\vlc_aout_volume.h
sdk\include\vlc\plugins\vlc_arrays.h
sdk\include\vlc\plugins\vlc_art_finder.h
sdk\include\vlc\plugins\vlc_atomic.h
sdk\include\vlc\plugins\vlc_avcodec.h
sdk\include\vlc\plugins\vlc_bits.h
sdk\include\vlc\plugins\vlc_block.h
sdk\include\vlc\plugins\vlc_block_helper.h
sdk\include\vlc\plugins\vlc_charset.h
sdk\include\vlc\plugins\vlc_codec.h
sdk\include\vlc\plugins\vlc_common.h
sdk\include\vlc\plugins\vlc_config.h
sdk\include\vlc\plugins\vlc_configuration.h
sdk\include\vlc\plugins\vlc_config_cat.h
sdk\include\vlc\plugins\vlc_cpu.h
sdk\include\vlc\plugins\vlc_demux.h
sdk\include\vlc\plugins\vlc_dialog.h
sdk\include\vlc\plugins\vlc_epg.h
sdk\include\vlc\plugins\vlc_es.h
sdk\include\vlc\plugins\vlc_es_out.h
sdk\include\vlc\plugins\vlc_events.h
sdk\include\vlc\plugins\vlc_filter.h
sdk\include\vlc\plugins\vlc_fingerprinter.h
sdk\include\vlc\plugins\vlc_fourcc.h
sdk\include\vlc\plugins\vlc_fs.h
sdk\include\vlc\plugins\vlc_gcrypt.h
sdk\include\vlc\plugins\vlc_http.h
sdk\include\vlc\plugins\vlc_httpd.h
sdk\include\vlc\plugins\vlc_image.h
sdk\include\vlc\plugins\vlc_inhibit.h
sdk\include\vlc\plugins\vlc_input.h
sdk\include\vlc\plugins\vlc_input_item.h
sdk\include\vlc\plugins\vlc_keys.h
sdk\include\vlc\plugins\vlc_main.h
sdk\include\vlc\plugins\vlc_md5.h
sdk\include\vlc\plugins\vlc_media_library.h
sdk\include\vlc\plugins\vlc_messages.h
sdk\include\vlc\plugins\vlc_meta.h
sdk\include\vlc\plugins\vlc_mime.h
sdk\include\vlc\plugins\vlc_modules.h
sdk\include\vlc\plugins\vlc_mouse.h
sdk\include\vlc\plugins\vlc_mtime.h
sdk\include\vlc\plugins\vlc_network.h
sdk\include\vlc\plugins\vlc_objects.h
sdk\include\vlc\plugins\vlc_opengl.h
sdk\include\vlc\plugins\vlc_picture.h
sdk\include\vlc\plugins\vlc_picture_fifo.h
sdk\include\vlc\plugins\vlc_picture_pool.h
sdk\include\vlc\plugins\vlc_playlist.h
sdk\include\vlc\plugins\vlc_plugin.h
sdk\include\vlc\plugins\vlc_probe.h
sdk\include\vlc\plugins\vlc_rand.h
sdk\include\vlc\plugins\vlc_services_discovery.h
sdk\include\vlc\plugins\vlc_sout.h
sdk\include\vlc\plugins\vlc_spu.h
sdk\include\vlc\plugins\vlc_sql.h
sdk\include\vlc\plugins\vlc_stream.h
sdk\include\vlc\plugins\vlc_strings.h
sdk\include\vlc\plugins\vlc_subpicture.h
sdk\include\vlc\plugins\vlc_text_style.h
sdk\include\vlc\plugins\vlc_threads.h
sdk\include\vlc\plugins\vlc_tls.h
sdk\include\vlc\plugins\vlc_url.h
sdk\include\vlc\plugins\vlc_variables.h
sdk\include\vlc\plugins\vlc_video_splitter.h
sdk\include\vlc\plugins\vlc_vlm.h
sdk\include\vlc\plugins\vlc_vout.h
sdk\include\vlc\plugins\vlc_vout_display.h
sdk\include\vlc\plugins\vlc_vout_opengl.h
sdk\include\vlc\plugins\vlc_vout_osd.h
sdk\include\vlc\plugins\vlc_vout_window.h
sdk\include\vlc\plugins\vlc_xlib.h
sdk\include\vlc\plugins\vlc_xml.h
sdk\include\vlc\vlc.h
sdk\lib\libvlc.la
sdk\lib\libvlc.lib
sdk\lib\libvlccore.la
sdk\lib\libvlccore.lib
sdk\lib\pkgconfig\libvlc.pc
sdk\lib\pkgconfig\vlc-plugin.pc
skins\default.vlt
skins\fonts\FreeSans.ttf
skins\fonts\FreeSansBold.ttf
skins\skin.catalog
skins\skin.dtd
skins\winamp2.xml
lua\extensions\allocine-fr.lua
lua\extensions\README.txt
lua\extensions\VLSub.luac
lua\http\.hosts
lua\http\css\main.css
lua\http\css\mobile.css
lua\http\css\ui-lightness\images\ui-bg_diagonals-thick_18_b81900_40x40.png
lua\http\css\ui-lightness\images\ui-bg_diagonals-thick_20_666666_40x40.png
lua\http\css\ui-lightness\images\ui-bg_flat_10_000000_40x100.png
lua\http\css\ui-lightness\images\ui-bg_glass_100_f6f6f6_1x400.png
lua\http\css\ui-lightness\images\ui-bg_glass_100_fdf5ce_1x400.png
lua\http\css\ui-lightness\images\ui-bg_glass_65_ffffff_1x400.png
lua\http\css\ui-lightness\images\ui-bg_gloss-wave_35_f6a828_500x100.png
lua\http\css\ui-lightness\images\ui-bg_highlight-soft_100_eeeeee_1x100.png
lua\http\css\ui-lightness\images\ui-bg_highlight-soft_75_ffe45c_1x100.png
lua\http\css\ui-lightness\images\ui-icons_222222_256x240.png
lua\http\css\ui-lightness\images\ui-icons_228ef1_256x240.png
lua\http\css\ui-lightness\images\ui-icons_ef8c08_256x240.png
lua\http\css\ui-lightness\images\ui-icons_ffd27a_256x240.png
lua\http\css\ui-lightness\images\ui-icons_ffffff_256x240.png
lua\http\css\ui-lightness\jquery-ui-1.8.13.custom.css
lua\http\custom.lua
lua\http\dialogs\.hosts
lua\http\dialogs\batch_window.html
lua\http\dialogs\browse
lua\http\dialogs\browse_window.html
lua\http\dialogs\create_stream.html
lua\http\dialogs\equalizer_window.html
lua\http\dialogs\error_window.html
lua\http\dialogs\footer
lua\http\dialogs\input
lua\http\dialogs\main
lua\http\dialogs\mosaic
lua\http\dialogs\mosaic_window.html
lua\http\dialogs\offset_window.html
lua\http\dialogs\old\browse
lua\http\dialogs\old\footer
lua\http\dialogs\old\input
lua\http\dialogs\old\main
lua\http\dialogs\old\playlist
lua\http\dialogs\old\sout
lua\http\dialogs\old\vlm
lua\http\dialogs\playlist
lua\http\dialogs\sout
lua\http\dialogs\stream_config_window.html
lua\http\dialogs\stream_window.html
lua\http\dialogs\vlm
lua\http\favicon.ico
lua\http\flash.html
lua\http\iehacks.css
lua\http\images\Audio-48.png
lua\http\images\Back-48.png
lua\http\images\buttons.png
lua\http\images\delete.png
lua\http\images\delete_small.png
lua\http\images\eject.png
lua\http\images\empty.png
lua\http\images\Folder-48.png
lua\http\images\fullscreen.png
lua\http\images\help.png
lua\http\images\info.png
lua\http\images\loop.png
lua\http\images\minus.png
lua\http\images\next.png
lua\http\images\Other-48.png
lua\http\images\pause.png
lua\http\images\play.png
lua\http\images\playlist.png
lua\http\images\playlist_small.png
lua\http\images\plus.png
lua\http\images\prev.png
lua\http\images\refresh.png
lua\http\images\repeat.png
lua\http\images\reset.png
lua\http\images\sd.png
lua\http\images\shuffle.png
lua\http\images\slider_bar.png
lua\http\images\slider_left.png
lua\http\images\slider_point.png
lua\http\images\slider_right.png
lua\http\images\slow.png
lua\http\images\snapshot.png
lua\http\images\sort.png
lua\http\images\sout.png
lua\http\images\speaker-32.png
lua\http\images\speaker.png
lua\http\images\speaker_mute.png
lua\http\images\stop.png
lua\http\images\Video-48.png
lua\http\images\vlc-48.png
lua\http\images\vlc16x16.png
lua\http\images\volume_down.png
lua\http\images\volume_up.png
lua\http\images\white.png
lua\http\images\white_cross_small.png
lua\http\index.html
lua\http\js\common.js
lua\http\js\controlers.js
lua\http\js\functions.js
lua\http\js\jquery-1.5.1.min.js
lua\http\js\jquery-ui-1.8.13.custom.min.js
lua\http\js\jquery.jstree.js
lua\http\js\mosaic.js
lua\http\js\ui.js
lua\http\js\vlm.js
lua\http\mobile.html
lua\http\mobile_browse.html
lua\http\mobile_equalizer.html
lua\http\mobile_view.html
lua\http\mosaic.html
lua\http\old\images\delete.png
lua\http\old\images\delete_small.png
lua\http\old\images\eject.png
lua\http\old\images\empty.png
lua\http\old\images\fullscreen.png
lua\http\old\images\help.png
lua\http\old\images\info.png
lua\http\old\images\loop.png
lua\http\old\images\minus.png
lua\http\old\images\next.png
lua\http\old\images\pause.png
lua\http\old\images\play.png
lua\http\old\images\playlist.png
lua\http\old\images\playlist_small.png
lua\http\old\images\plus.png
lua\http\old\images\prev.png
lua\http\old\images\refresh.png
lua\http\old\images\repeat.png
lua\http\old\images\reset.png
lua\http\old\images\sd.png
lua\http\old\images\shuffle.png
lua\http\old\images\slider_bar.png
lua\http\old\images\slider_left.png
lua\http\old\images\slider_point.png
lua\http\old\images\slider_right.png
lua\http\old\images\slow.png
lua\http\old\images\snapshot.png
lua\http\old\images\sort.png
lua\http\old\images\sout.png
lua\http\old\images\speaker.png
lua\http\old\images\speaker_mute.png
lua\http\old\images\stop.png
lua\http\old\images\volume_down.png
lua\http\old\images\volume_up.png
lua\http\old\images\white.png
lua\http\old\images\white_cross_small.png
lua\http\old\js\functions.js
lua\http\old\js\vlm.js
lua\http\old\style.css
lua\http\requests\browse.json
lua\http\requests\browse.xml
lua\http\requests\playlist.json
lua\http\requests\playlist.xml
lua\http\requests\playlist_jstree.xml
lua\http\requests\readme.txt
lua\http\requests\status.json
lua\http\requests\status.xml
lua\http\requests\vlm.xml
lua\http\requests\vlm_cmd.xml
lua\http\style.css
lua\http\view.html
lua\http\vlm.html
lua\http\vlm_export.html
lua\intf\cli.luac
lua\intf\dummy.lua
lua\intf\dummy.luac
lua\intf\dumpmeta.lua
lua\intf\dumpmeta.luac
lua\intf\hotkeys.lua
lua\intf\http.lua
lua\intf\http.luac
lua\intf\luac.lua
lua\intf\luac.luac
lua\intf\modules\common.lua
lua\intf\modules\common.luac
lua\intf\modules\host.lua
lua\intf\modules\host.luac
lua\intf\modules\httprequests.luac
lua\intf\rc.lua
lua\intf\README.txt
lua\intf\telnet.lua
lua\intf\telnet.luac
lua\meta\art\00_musicbrainz.luac
lua\meta\art\01_googleimage.lua
lua\meta\art\01_googleimage.luac
lua\meta\art\02_frenchtv.lua
lua\meta\art\02_frenchtv.luac
lua\meta\art\03_lastfm.lua
lua\meta\art\03_lastfm.luac
lua\meta\art\04_musicbrainz.lua
lua\meta\art\README.txt
lua\meta\fetcher\README.txt
lua\meta\fetcher\tvrage.lua
lua\meta\fetcher\tvrage.luac
lua\meta\reader\filename.lua
lua\meta\reader\filename.luac
lua\meta\reader\README.txt
lua\modules\dkjson.luac
lua\modules\sandbox.lua
lua\modules\sandbox.luac
lua\modules\simplexml.lua
lua\modules\simplexml.luac
lua\playlist\anevia_streams.lua
lua\playlist\anevia_streams.luac
lua\playlist\anevia_xml.lua
lua\playlist\anevia_xml.luac
lua\playlist\appletrailers.lua
lua\playlist\appletrailers.luac
lua\playlist\bbc_co_uk.lua
lua\playlist\bbc_co_uk.luac
lua\playlist\break.lua
lua\playlist\break.luac
lua\playlist\canalplus.lua
lua\playlist\canalplus.luac
lua\playlist\cue.lua
lua\playlist\cue.luac
lua\playlist\dailymotion.lua
lua\playlist\dailymotion.luac
lua\playlist\extreme.luac
lua\playlist\france2.lua
lua\playlist\france2.luac
lua\playlist\googlevideo.lua
lua\playlist\googlevideo.luac
lua\playlist\jamendo.lua
lua\playlist\jamendo.luac
lua\playlist\joox.lua
lua\playlist\joox.luac
lua\playlist\katsomo.lua
lua\playlist\katsomo.luac
lua\playlist\koreus.lua
lua\playlist\koreus.luac
lua\playlist\lelombrik.lua
lua\playlist\lelombrik.luac
lua\playlist\liveleak.luac
lua\playlist\megavideo.lua
lua\playlist\metacafe.lua
lua\playlist\metacafe.luac
lua\playlist\metachannels.lua
lua\playlist\metachannels.luac
lua\playlist\mpora.lua
lua\playlist\mpora.luac
lua\playlist\pinkbike.lua
lua\playlist\pinkbike.luac
lua\playlist\pluzz.luac
lua\playlist\README.txt
lua\playlist\rockbox_fm_presets.lua
lua\playlist\rockbox_fm_presets.luac
lua\playlist\soundcloud.luac
lua\playlist\vimeo.lua
lua\playlist\vimeo.luac
lua\playlist\youtube.lua
lua\playlist\youtube.luac
lua\playlist\youtube_homepage.lua
lua\playlist\youtube_homepage.luac
lua\playlist\zapiks.luac
lua\README.txt
lua\sd\fmc.lua
lua\sd\fmc.luac
lua\sd\freebox.lua
lua\sd\icecast.lua
lua\sd\icecast.luac
lua\sd\jamendo.lua
lua\sd\jamendo.luac
lua\sd\metachannels.lua
lua\sd\metachannels.luac
lua\sd\README.txt
plugins\plugins-04041e-fe8.dat
VideoLAN Website.url
Documentation.url
New_Skins.url
npvlc.dll
npvlc.dll.manifest
axvlc.dll
axvlc.dll.manifest
