#
# A fatal error has been detected by the Java Runtime Environment:
#
#  EXCEPTION_ACCESS_VIOLATION (0xc0000005) at pc=0x00007ffa1da92e02, pid=6044, tid=5008
#
# JRE version: Java(TM) SE Runtime Environment (8.0_20-b26) (build 1.8.0_20-b26)
# Java VM: Java HotSpot(TM) 64-Bit Server VM (25.20-b23 mixed mode windows-amd64 compressed oops)
# Problematic frame:
# C  [ntdll.dll+0x32e02]
#
# Failed to write core dump. Minidumps are not enabled by default on client versions of Windows
#
# If you would like to submit a bug report, please visit:
#   http://bugreport.sun.com/bugreport/crash.jsp
# The crash happened outside the Java Virtual Machine in native code.
# See problematic frame for where to report the bug.
#

---------------  T H R E A D  ---------------

Current thread (0x000000001aec6800):  JavaThread "Thread-135" [_thread_in_native, id=5008, stack(0x000000001ca80000,0x000000001cb80000)]

siginfo: ExceptionCode=0xc0000005, writing address 0x0000000000000024

Registers:
RAX=0x0000000000000000, RBX=0x000000001c0cff38, RCX=0x00000000fffffffc, RDX=0x0000000000000b44
RSP=0x000000001cb7e110, RBP=0x00007ff763ab4000, RSI=0x0000000000000b44, RDI=0x0000000000000000
R8 =0xffffffffffffffff, R9 =0x00007ff763ab4000, R10=0x0000000000000000, R11=0x0000000000000246
R12=0x0000000000000000, R13=0x0000000000000000, R14=0x0000000000000000, R15=0x0000000000000000
RIP=0x00007ffa1da92e02, EFLAGS=0x0000000000010213

Top of Stack: (sp=0x000000001cb7e110)
0x000000001cb7e110:   0000000000000b44 00000000eb663258
0x000000001cb7e120:   00000000ed2346a0 0000000000000009
0x000000001cb7e130:   0000000000000000 000000001cb7e128
0x000000001cb7e140:   000000001ce9c308 000000001cb7e1a8
0x000000001cb7e150:   0000000000000000 0000000000000000
0x000000001cb7e160:   000000001ce9c348 0000000000000000
0x000000001cb7e170:   000000001cb7e1a0 000000001cb7e1f0
0x000000001cb7e180:   0000000002787a2d 0000000000000000
0x000000001cb7e190:   0000117136071609 00000000ed2346a0
0x000000001cb7e1a0:   0000000000000001 00007ff763ab4000
0x000000001cb7e1b0:   000000001db5dba0 00000000ff000000
0x000000001cb7e1c0:   0000000000000000 0000000000000000
0x000000001cb7e1d0:   0000000000000004 00007ffa1da92803
0x000000001cb7e1e0:   0000000000000000 000000001cb7e200
0x000000001cb7e1f0:   000000001c0cff38 0000000002787a2d
0x000000001cb7e200:   000000001cb7ea70 0000000000000000 

Instructions: (pc=0x00007ffa1da92e02)
0x00007ffa1da92de2:   a8 01 0f 85 bd 00 00 00 8b c8 41 2b ce f0 0f b1
0x00007ffa1da92df2:   4b 08 75 e9 48 8b 03 45 33 f6 48 83 f8 ff 74 03
0x00007ffa1da92e02:   ff 40 24 41 bf 82 03 fe 7f 41 8a 0f 84 c9 0f 85
0x00007ffa1da92e12:   62 cb 07 00 48 83 fe ff 0f 84 b7 cb 07 00 4c 8b 


Register to memory mapping:

RAX=0x0000000000000000 is an unknown value
RBX=0x000000001c0cff38 is an unknown value
RCX=0x00000000fffffffc is an unallocated location in the heap
RDX=0x0000000000000b44 is an unknown value
RSP=0x000000001cb7e110 is pointing into the stack for thread: 0x000000001aec6800
RBP=0x00007ff763ab4000 is an unknown value
RSI=0x0000000000000b44 is an unknown value
RDI=0x0000000000000000 is an unknown value
R8 =0xffffffffffffffff is an unknown value
R9 =0x00007ff763ab4000 is an unknown value
R10=0x0000000000000000 is an unknown value
R11=0x0000000000000246 is an unknown value
R12=0x0000000000000000 is an unknown value
R13=0x0000000000000000 is an unknown value
R14=0x0000000000000000 is an unknown value
R15=0x0000000000000000 is an unknown value


Stack: [0x000000001ca80000,0x000000001cb80000],  sp=0x000000001cb7e110,  free space=1016k
Native frames: (J=compiled Java code, j=interpreted, Vv=VM code, C=native code)
C  [ntdll.dll+0x32e02]
C  [ntdll.dll+0x32803]
C  [libvlccore.dll+0x75945]
C  [libvlc.dll+0xb118]
C  [jna3807010864674057914.dll+0x176f3]
C  [jna3807010864674057914.dll+0xffe7]
C  [jna3807010864674057914.dll+0x3d1a]
C  [jna3807010864674057914.dll+0x4e37]
C  0x0000000002795b74

Java frames: (J=compiled Java code, j=interpreted, Vv=VM code)
j  com.sun.jna.Native.invokeInt(JI[Ljava/lang/Object;)I+0
j  com.sun.jna.Function.invoke([Ljava/lang/Object;Ljava/lang/Class;Z)Ljava/lang/Object;+333
j  com.sun.jna.Function.invoke(Ljava/lang/Class;[Ljava/lang/Object;Ljava/util/Map;)Ljava/lang/Object;+214
j  com.sun.jna.Library$Handler.invoke(Ljava/lang/Object;Ljava/lang/reflect/Method;[Ljava/lang/Object;)Ljava/lang/Object;+341
j  com.sun.proxy.$Proxy0.libvlc_media_player_set_rate(Luk/co/caprica/vlcj/binding/internal/libvlc_media_player_t;F)I+23
j  uk.co.caprica.vlcj.player.DefaultMediaPlayer.setRate(F)I+25
j  com.ip2s.mediaplayer.IP2sMediaPlayer.play(Ljava/lang/String;Ljava/lang/String;FLjava/lang/String;)V+64
j  com.ip2s.mediaplayer.FrmMediaPlayer.playMedia()V+228
j  com.ip2s.mediaplayer.FrmMediaPlayer.access$2400(Lcom/ip2s/mediaplayer/FrmMediaPlayer;)V+1
j  com.ip2s.mediaplayer.FrmMediaPlayer$20.run()V+4
v  ~StubRoutines::call_stub

---------------  P R O C E S S  ---------------

Java Threads: ( => current thread )
  0x000000001aec8800 JavaThread "Image Animator 0" daemon [_thread_blocked, id=7628, stack(0x000000001ead0000,0x000000001ebd0000)]
=>0x000000001aec6800 JavaThread "Thread-135" [_thread_in_native, id=5008, stack(0x000000001ca80000,0x000000001cb80000)]
  0x000000001aec9800 JavaThread "Thread-7" daemon [_thread_in_native, id=4828, stack(0x000000001da10000,0x000000001db10000)]
  0x000000001acbd000 JavaThread "JavaFX Application Thread" [_thread_in_native, id=8636, stack(0x000000001d220000,0x000000001d320000)]
  0x000000001ae4c000 JavaThread "Thread-6" daemon [_thread_blocked, id=5292, stack(0x000000001d120000,0x000000001d220000)]
  0x000000001770a000 JavaThread "QuantumRenderer-0" daemon [_thread_blocked, id=8180, stack(0x000000001d020000,0x000000001d120000)]
  0x0000000017b13000 JavaThread "TimerQueue" daemon [_thread_blocked, id=1408, stack(0x000000001cb80000,0x000000001cc80000)]
  0x0000000017b2b800 JavaThread "Swing-Shell" daemon [_thread_blocked, id=3440, stack(0x000000001ab20000,0x000000001ac20000)]
  0x0000000017597000 JavaThread "D3D Screen Updater" daemon [_thread_blocked, id=9052, stack(0x000000001a0d0000,0x000000001a1d0000)]
  0x0000000002682800 JavaThread "DestroyJavaVM" [_thread_blocked, id=6148, stack(0x0000000002500000,0x0000000002600000)]
  0x0000000017480800 JavaThread "AWT-EventQueue-0" [_thread_blocked, id=6072, stack(0x0000000018030000,0x0000000018130000)]
  0x00000000167d2000 JavaThread "AWT-Windows" daemon [_thread_in_native, id=7212, stack(0x00000000171e0000,0x00000000172e0000)]
  0x00000000167d1000 JavaThread "AWT-Shutdown" [_thread_blocked, id=780, stack(0x00000000170e0000,0x00000000171e0000)]
  0x00000000167ce000 JavaThread "Java2D Disposer" daemon [_thread_blocked, id=3664, stack(0x0000000016fe0000,0x00000000170e0000)]
  0x0000000016422800 JavaThread "Service Thread" daemon [_thread_blocked, id=6544, stack(0x00000000169e0000,0x0000000016ae0000)]
  0x0000000014ddc000 JavaThread "C1 CompilerThread2" daemon [_thread_blocked, id=1980, stack(0x00000000168e0000,0x00000000169e0000)]
  0x0000000014dd6000 JavaThread "C2 CompilerThread1" daemon [_thread_blocked, id=6700, stack(0x00000000167e0000,0x00000000168e0000)]
  0x0000000014dce800 JavaThread "C2 CompilerThread0" daemon [_thread_blocked, id=8948, stack(0x00000000162e0000,0x00000000163e0000)]
  0x0000000014dcd000 JavaThread "Attach Listener" daemon [_thread_blocked, id=880, stack(0x00000000161e0000,0x00000000162e0000)]
  0x0000000014dcc000 JavaThread "Signal Dispatcher" daemon [_thread_blocked, id=1212, stack(0x00000000160e0000,0x00000000161e0000)]
  0x0000000002777000 JavaThread "Finalizer" daemon [_thread_blocked, id=7792, stack(0x0000000015fe0000,0x00000000160e0000)]
  0x000000000276e000 JavaThread "Reference Handler" daemon [_thread_blocked, id=4980, stack(0x0000000015ee0000,0x0000000015fe0000)]

Other Threads:
  0x0000000014d46800 VMThread [stack: 0x0000000015de0000,0x0000000015ee0000] [id=9020]
  0x0000000016456800 WatcherThread [stack: 0x0000000016ae0000,0x0000000016be0000] [id=8804]

VM state:not at safepoint (normal execution)

VM Mutex/Monitor currently owned by a thread: None

Heap:
 PSYoungGen      total 35328K, used 7090K [0x00000000eb200000, 0x00000000eff00000, 0x0000000100000000)
  eden space 32768K, 13% used [0x00000000eb200000,0x00000000eb66fbf8,0x00000000ed200000)
  from space 2560K, 99% used [0x00000000ed200000,0x00000000ed47d000,0x00000000ed480000)
  to   space 8192K, 0% used [0x00000000ef700000,0x00000000ef700000,0x00000000eff00000)
 ParOldGen       total 30208K, used 10920K [0x00000000c1600000, 0x00000000c3380000, 0x00000000eb200000)
  object space 30208K, 36% used [0x00000000c1600000,0x00000000c20aa1e0,0x00000000c3380000)
 Metaspace       used 31492K, capacity 32172K, committed 32256K, reserved 1077248K
  class space    used 4155K, capacity 4328K, committed 4352K, reserved 1048576K

Card table byte_map: [0x0000000011b40000,0x0000000011d40000] byte_map_base: 0x0000000011535000

Marking Bits: (ParMarkBitMap*) 0x000000007096b460
 Begin Bits: [0x0000000012290000, 0x0000000013238000)
 End Bits:   [0x0000000013238000, 0x00000000141e0000)

Polling page: 0x0000000000d90000

CodeCache: size=245760Kb used=11440Kb max_used=11458Kb free=234319Kb
 bounds [0x0000000002780000, 0x00000000032c0000, 0x0000000011780000]
 total_blobs=4598 nmethods=3743 adapters=766
 compilation: enabled

Compilation events (10 events):
Event: 41.452 Thread 0x0000000014dce800 nmethod 4060 0x00000000032adc10 code [0x00000000032add80, 0x00000000032adfa8]
Event: 41.452 Thread 0x0000000014dce800 4061       4       com.sun.crypto.provider.AESCrypt::decryptBlock (3852 bytes)
Event: 41.463 Thread 0x0000000014dd6000 nmethod 4059 0x00000000032acb50 code [0x00000000032accc0, 0x00000000032ad498]
Event: 41.468 Thread 0x0000000014ddc000 4062       3       java.awt.MultipleGradientPaint::getColors (16 bytes)
Event: 41.468 Thread 0x0000000014ddc000 nmethod 4062 0x00000000032b3290 code [0x00000000032b3400, 0x00000000032b3788]
Event: 41.468 Thread 0x0000000014ddc000 4063       3       java.awt.LinearGradientPaint::getStartPoint (22 bytes)
Event: 41.468 Thread 0x0000000014ddc000 nmethod 4063 0x00000000032b2a90 code [0x00000000032b2c20, 0x00000000032b30b8]
Event: 41.468 Thread 0x0000000014ddc000 4064       3       java.awt.MultipleGradientPaint::getTransform (12 bytes)
Event: 41.469 Thread 0x0000000014ddc000 nmethod 4064 0x00000000032b2650 code [0x00000000032b27c0, 0x00000000032b29c8]
Event: 41.489 Thread 0x0000000014dce800 nmethod 4061 0x00000000032b7050 code [0x00000000032b7360, 0x00000000032b90f8]

GC Heap History (10 events):
Event: 12.173 GC heap before
{Heap before GC invocations=2 (full 0):
 PSYoungGen      total 18944K, used 18937K [0x00000000eb200000, 0x00000000ec700000, 0x0000000100000000)
  eden space 16384K, 100% used [0x00000000eb200000,0x00000000ec200000,0x00000000ec200000)
  from space 2560K, 99% used [0x00000000ec200000,0x00000000ec47e5c8,0x00000000ec480000)
  to   space 2560K, 0% used [0x00000000ec480000,0x00000000ec480000,0x00000000ec700000)
 ParOldGen       total 44032K, used 2068K [0x00000000c1600000, 0x00000000c4100000, 0x00000000eb200000)
  object space 44032K, 4% used [0x00000000c1600000,0x00000000c18053c0,0x00000000c4100000)
 Metaspace       used 20859K, capacity 21050K, committed 21248K, reserved 1067008K
  class space    used 2681K, capacity 2755K, committed 2816K, reserved 1048576K
Event: 12.187 GC heap after
Heap after GC invocations=2 (full 0):
 PSYoungGen      total 18944K, used 2544K [0x00000000eb200000, 0x00000000ec700000, 0x0000000100000000)
  eden space 16384K, 0% used [0x00000000eb200000,0x00000000eb200000,0x00000000ec200000)
  from space 2560K, 99% used [0x00000000ec480000,0x00000000ec6fc020,0x00000000ec700000)
  to   space 2560K, 0% used [0x00000000ec200000,0x00000000ec200000,0x00000000ec480000)
 ParOldGen       total 44032K, used 6072K [0x00000000c1600000, 0x00000000c4100000, 0x00000000eb200000)
  object space 44032K, 13% used [0x00000000c1600000,0x00000000c1bee170,0x00000000c4100000)
 Metaspace       used 20859K, capacity 21050K, committed 21248K, reserved 1067008K
  class space    used 2681K, capacity 2755K, committed 2816K, reserved 1048576K
}
Event: 12.195 GC heap before
{Heap before GC invocations=3 (full 0):
 PSYoungGen      total 18944K, used 2819K [0x00000000eb200000, 0x00000000ec700000, 0x0000000100000000)
  eden space 16384K, 1% used [0x00000000eb200000,0x00000000eb244ec8,0x00000000ec200000)
  from space 2560K, 99% used [0x00000000ec480000,0x00000000ec6fc020,0x00000000ec700000)
  to   space 2560K, 0% used [0x00000000ec200000,0x00000000ec200000,0x00000000ec480000)
 ParOldGen       total 44032K, used 6072K [0x00000000c1600000, 0x00000000c4100000, 0x00000000eb200000)
  object space 44032K, 13% used [0x00000000c1600000,0x00000000c1bee170,0x00000000c4100000)
 Metaspace       used 20889K, capacity 21050K, committed 21248K, reserved 1067008K
  class space    used 2683K, capacity 2755K, committed 2816K, reserved 1048576K
Event: 12.200 GC heap after
Heap after GC invocations=3 (full 0):
 PSYoungGen      total 18944K, used 2553K [0x00000000eb200000, 0x00000000ed700000, 0x0000000100000000)
  eden space 16384K, 0% used [0x00000000eb200000,0x00000000eb200000,0x00000000ec200000)
  from space 2560K, 99% used [0x00000000ec200000,0x00000000ec47e5c8,0x00000000ec480000)
  to   space 2560K, 0% used [0x00000000ed480000,0x00000000ed480000,0x00000000ed700000)
 ParOldGen       total 44032K, used 6128K [0x00000000c1600000, 0x00000000c4100000, 0x00000000eb200000)
  object space 44032K, 13% used [0x00000000c1600000,0x00000000c1bfc170,0x00000000c4100000)
 Metaspace       used 20889K, capacity 21050K, committed 21248K, reserved 1067008K
  class space    used 2683K, capacity 2755K, committed 2816K, reserved 1048576K
}
Event: 12.200 GC heap before
{Heap before GC invocations=4 (full 1):
 PSYoungGen      total 18944K, used 2553K [0x00000000eb200000, 0x00000000ed700000, 0x0000000100000000)
  eden space 16384K, 0% used [0x00000000eb200000,0x00000000eb200000,0x00000000ec200000)
  from space 2560K, 99% used [0x00000000ec200000,0x00000000ec47e5c8,0x00000000ec480000)
  to   space 2560K, 0% used [0x00000000ed480000,0x00000000ed480000,0x00000000ed700000)
 ParOldGen       total 44032K, used 6128K [0x00000000c1600000, 0x00000000c4100000, 0x00000000eb200000)
  object space 44032K, 13% used [0x00000000c1600000,0x00000000c1bfc170,0x00000000c4100000)
 Metaspace       used 20889K, capacity 21050K, committed 21248K, reserved 1067008K
  class space    used 2683K, capacity 2755K, committed 2816K, reserved 1048576K
Event: 12.266 GC heap after
Heap after GC invocations=4 (full 1):
 PSYoungGen      total 18944K, used 0K [0x00000000eb200000, 0x00000000ed700000, 0x0000000100000000)
  eden space 16384K, 0% used [0x00000000eb200000,0x00000000eb200000,0x00000000ec200000)
  from space 2560K, 0% used [0x00000000ec200000,0x00000000ec200000,0x00000000ec480000)
  to   space 2560K, 0% used [0x00000000ed480000,0x00000000ed480000,0x00000000ed700000)
 ParOldGen       total 30208K, used 7472K [0x00000000c1600000, 0x00000000c3380000, 0x00000000eb200000)
  object space 30208K, 24% used [0x00000000c1600000,0x00000000c1d4c370,0x00000000c3380000)
 Metaspace       used 20887K, capacity 21048K, committed 21248K, reserved 1067008K
  class space    used 2682K, capacity 2754K, committed 2816K, reserved 1048576K
}
Event: 13.399 GC heap before
{Heap before GC invocations=5 (full 1):
 PSYoungGen      total 18944K, used 16384K [0x00000000eb200000, 0x00000000ed700000, 0x0000000100000000)
  eden space 16384K, 100% used [0x00000000eb200000,0x00000000ec200000,0x00000000ec200000)
  from space 2560K, 0% used [0x00000000ec200000,0x00000000ec200000,0x00000000ec480000)
  to   space 2560K, 0% used [0x00000000ed480000,0x00000000ed480000,0x00000000ed700000)
 ParOldGen       total 30208K, used 7472K [0x00000000c1600000, 0x00000000c3380000, 0x00000000eb200000)
  object space 30208K, 24% used [0x00000000c1600000,0x00000000c1d4c370,0x00000000c3380000)
 Metaspace       used 25950K, capacity 26294K, committed 26624K, reserved 1073152K
  class space    used 3423K, capacity 3535K, committed 3584K, reserved 1048576K
Event: 13.407 GC heap after
Heap after GC invocations=5 (full 1):
 PSYoungGen      total 34816K, used 2558K [0x00000000eb200000, 0x00000000ed700000, 0x0000000100000000)
  eden space 32256K, 0% used [0x00000000eb200000,0x00000000eb200000,0x00000000ed180000)
  from space 2560K, 99% used [0x00000000ed480000,0x00000000ed6ffaf0,0x00000000ed700000)
  to   space 2560K, 0% used [0x00000000ed200000,0x00000000ed200000,0x00000000ed480000)
 ParOldGen       total 30208K, used 7539K [0x00000000c1600000, 0x00000000c3380000, 0x00000000eb200000)
  object space 30208K, 24% used [0x00000000c1600000,0x00000000c1d5cf10,0x00000000c3380000)
 Metaspace       used 25950K, capacity 26294K, committed 26624K, reserved 1073152K
  class space    used 3423K, capacity 3535K, committed 3584K, reserved 1048576K
}
Event: 34.995 GC heap before
{Heap before GC invocations=6 (full 1):
 PSYoungGen      total 34816K, used 34814K [0x00000000eb200000, 0x00000000ed700000, 0x0000000100000000)
  eden space 32256K, 100% used [0x00000000eb200000,0x00000000ed180000,0x00000000ed180000)
  from space 2560K, 99% used [0x00000000ed480000,0x00000000ed6ffaf0,0x00000000ed700000)
  to   space 2560K, 0% used [0x00000000ed200000,0x00000000ed200000,0x00000000ed480000)
 ParOldGen       total 30208K, used 7539K [0x00000000c1600000, 0x00000000c3380000, 0x00000000eb200000)
  object space 30208K, 24% used [0x00000000c1600000,0x00000000c1d5cf10,0x00000000c3380000)
 Metaspace       used 31417K, capacity 32044K, committed 32256K, reserved 1077248K
  class space    used 4155K, capacity 4328K, committed 4352K, reserved 1048576K
Event: 35.018 GC heap after
Heap after GC invocations=6 (full 1):
 PSYoungGen      total 35328K, used 2548K [0x00000000eb200000, 0x00000000eff00000, 0x0000000100000000)
  eden space 32768K, 0% used [0x00000000eb200000,0x00000000eb200000,0x00000000ed200000)
  from space 2560K, 99% used [0x00000000ed200000,0x00000000ed47d000,0x00000000ed480000)
  to   space 8192K, 0% used [0x00000000ef700000,0x00000000ef700000,0x00000000eff00000)
 ParOldGen       total 30208K, used 10920K [0x00000000c1600000, 0x00000000c3380000, 0x00000000eb200000)
  object space 30208K, 36% used [0x00000000c1600000,0x00000000c20aa1e0,0x00000000c3380000)
 Metaspace       used 31417K, capacity 32044K, committed 32256K, reserved 1077248K
  class space    used 4155K, capacity 4328K, committed 4352K, reserved 1048576K
}

Deoptimization events (10 events):
Event: 14.143 Thread 0x0000000017480800 Uncommon trap: reason=bimorphic action=maybe_recompile pc=0x0000000002d3aafc method=java.util.concurrent.locks.AbstractQueuedSynchronizer.release(I)Z @ 2
Event: 14.270 Thread 0x0000000017480800 Uncommon trap: reason=bimorphic action=maybe_recompile pc=0x0000000002d3aafc method=java.util.concurrent.locks.AbstractQueuedSynchronizer.release(I)Z @ 2
Event: 14.279 Thread 0x0000000017480800 Uncommon trap: reason=bimorphic action=maybe_recompile pc=0x0000000002d3aafc method=java.util.concurrent.locks.AbstractQueuedSynchronizer.release(I)Z @ 2
Event: 14.318 Thread 0x0000000017480800 Uncommon trap: reason=bimorphic action=maybe_recompile pc=0x0000000002d3aafc method=java.util.concurrent.locks.AbstractQueuedSynchronizer.release(I)Z @ 2
Event: 16.247 Thread 0x0000000017480800 Uncommon trap: reason=unreached action=reinterpret pc=0x0000000002d17e38 method=javax.swing.JComponent.getClientProperty(Ljava/lang/Object;)Ljava/lang/Object; @ 16
Event: 24.659 Thread 0x000000001aec8000 Uncommon trap: reason=unreached action=reinterpret pc=0x0000000002a8c684 method=java.lang.ThreadLocal$ThreadLocalMap.getEntry(Ljava/lang/ThreadLocal;)Ljava/lang/ThreadLocal$ThreadLocalMap$Entry; @ 29
Event: 24.659 Thread 0x000000001aec8000 Uncommon trap: reason=unreached action=reinterpret pc=0x0000000002a8a31c method=java.lang.ThreadLocal$ThreadLocalMap.getEntry(Ljava/lang/ThreadLocal;)Ljava/lang/ThreadLocal$ThreadLocalMap$Entry; @ 29
Event: 27.478 Thread 0x000000001aec6800 Uncommon trap: reason=null_check action=make_not_entrant pc=0x0000000002b14758 method=java.lang.StringCoding.deref(Ljava/lang/ThreadLocal;)Ljava/lang/Object; @ 4
Event: 34.485 Thread 0x000000001aec6800 Uncommon trap: reason=null_check action=make_not_entrant pc=0x000000000326f09c method=com.sun.jna.Native.getNativeSize(Ljava/lang/Class;Ljava/lang/Object;)I @ 83
Event: 41.370 Thread 0x0000000017480800 Uncommon trap: reason=null_check action=make_not_entrant pc=0x0000000003109dfc method=javax.swing.plaf.nimbus.NimbusDefaults$LazyStyle.matches(Ljava/awt/Component;I)Z @ 39

Internal exceptions (10 events):
Event: 27.761 Thread 0x000000001aec7000 Exception <a 'java/security/PrivilegedActionException'> (0x00000000ec5ade90) thrown at [D:\re\workspace\8-2-build-windows-amd64-cygwin\jdk8u20\1074\hotspot\src\share\vm\prims\jvm.cpp, line 1275]
Event: 27.763 Thread 0x000000001aeca000 Exception <a 'java/security/PrivilegedActionException'> (0x00000000ec42bcf0) thrown at [D:\re\workspace\8-2-build-windows-amd64-cygwin\jdk8u20\1074\hotspot\src\share\vm\prims\jvm.cpp, line 1275]
Event: 27.777 Thread 0x000000001aec7000 Exception <a 'java/security/PrivilegedActionException'> (0x00000000ec5cfc20) thrown at [D:\re\workspace\8-2-build-windows-amd64-cygwin\jdk8u20\1074\hotspot\src\share\vm\prims\jvm.cpp, line 1275]
Event: 27.786 Thread 0x000000001aec6800 Exception <a 'java/security/PrivilegedActionException'> (0x00000000ec61e718) thrown at [D:\re\workspace\8-2-build-windows-amd64-cygwin\jdk8u20\1074\hotspot\src\share\vm\prims\jvm.cpp, line 1275]
Event: 27.919 Thread 0x000000001aec6800 Exception <a 'java/security/PrivilegedActionException'> (0x00000000ec6db430) thrown at [D:\re\workspace\8-2-build-windows-amd64-cygwin\jdk8u20\1074\hotspot\src\share\vm\prims\jvm.cpp, line 1275]
Event: 27.923 Thread 0x000000001aec8000 Exception <a 'java/security/PrivilegedActionException'> (0x00000000ec6f6388) thrown at [D:\re\workspace\8-2-build-windows-amd64-cygwin\jdk8u20\1074\hotspot\src\share\vm\prims\jvm.cpp, line 1275]
Event: 27.927 Thread 0x000000001aeca000 Exception <a 'java/security/PrivilegedActionException'> (0x00000000ec432ec8) thrown at [D:\re\workspace\8-2-build-windows-amd64-cygwin\jdk8u20\1074\hotspot\src\share\vm\prims\jvm.cpp, line 1275]
Event: 30.165 Thread 0x000000001acbd000 Exception <a 'java/security/PrivilegedActionException'> (0x00000000ec9ba648) thrown at [D:\re\workspace\8-2-build-windows-amd64-cygwin\jdk8u20\1074\hotspot\src\share\vm\prims\jvm.cpp, line 1275]
Event: 30.221 Thread 0x000000001acbd000 Exception <a 'java/security/PrivilegedActionException'> (0x00000000ec9fdf98) thrown at [D:\re\workspace\8-2-build-windows-amd64-cygwin\jdk8u20\1074\hotspot\src\share\vm\prims\jvm.cpp, line 1275]
Event: 41.370 Thread 0x0000000017480800 Implicit null exception at 0x0000000003106ad2 to 0x0000000003109ddd

Events (10 events):
Event: 41.422 Thread 0x000000001aec6800 DEOPT PACKING pc=0x0000000002a6d81d sp=0x000000001cb7e7b0
Event: 41.422 Thread 0x000000001aec6800 DEOPT UNPACKING pc=0x00000000027c75bf sp=0x000000001cb7e4d0 mode 0
Event: 41.426 Thread 0x000000001aec6800 DEOPT PACKING pc=0x0000000002a6d81d sp=0x000000001cb7e7b0
Event: 41.426 Thread 0x000000001aec6800 DEOPT UNPACKING pc=0x00000000027c75bf sp=0x000000001cb7e4d0 mode 0
Event: 41.427 Thread 0x000000001aec6800 DEOPT PACKING pc=0x0000000002a6d81d sp=0x000000001cb7e7b0
Event: 41.427 Thread 0x000000001aec6800 DEOPT UNPACKING pc=0x00000000027c75bf sp=0x000000001cb7e4d0 mode 0
Event: 41.428 Thread 0x000000001aec6800 DEOPT PACKING pc=0x0000000002a6d81d sp=0x000000001cb7e7b0
Event: 41.428 Thread 0x000000001aec6800 DEOPT UNPACKING pc=0x00000000027c75bf sp=0x000000001cb7e4d0 mode 0
Event: 41.429 Thread 0x000000001aec6800 DEOPT PACKING pc=0x0000000002a6d81d sp=0x000000001cb7e7b0
Event: 41.429 Thread 0x000000001aec6800 DEOPT UNPACKING pc=0x00000000027c75bf sp=0x000000001cb7e4d0 mode 0


Dynamic libraries:
0x00007ff764870000 - 0x00007ff7648a4000 	C:\Program Files\Java\jdk1.8.0_20\bin\java.exe
0x00007ffa1da60000 - 0x00007ffa1dc09000 	C:\Windows\SYSTEM32\ntdll.dll
0x00007ffa1cee0000 - 0x00007ffa1d01a000 	C:\Windows\system32\KERNEL32.DLL
0x00007ffa1b1e0000 - 0x00007ffa1b2ef000 	C:\Windows\system32\KERNELBASE.dll
0x00007ffa1d610000 - 0x00007ffa1d6b5000 	C:\Windows\system32\ADVAPI32.dll
0x00007ffa1d8c0000 - 0x00007ffa1da31000 	C:\Windows\system32\USER32.dll
0x00007ffa18bb0000 - 0x00007ffa18e0a000 	C:\Windows\WinSxS\amd64_microsoft.windows.common-controls_6595b64144ccf1df_6.0.9600.16384_none_62475f7becb72503\COMCTL32.dll
0x00007ffa1b780000 - 0x00007ffa1b827000 	C:\Windows\system32\msvcrt.dll
0x00007ffa1d410000 - 0x00007ffa1d467000 	C:\Windows\SYSTEM32\sechost.dll
0x00007ffa1d470000 - 0x00007ffa1d5a6000 	C:\Windows\system32\RPCRT4.dll
0x00007ffa1b350000 - 0x00007ffa1b495000 	C:\Windows\system32\GDI32.dll
0x00007ffa1d6c0000 - 0x00007ffa1d6f4000 	C:\Windows\system32\IMM32.DLL
0x00007ffa1b4a0000 - 0x00007ffa1b5d9000 	C:\Windows\system32\MSCTF.dll
0x00000000700b0000 - 0x0000000070182000 	C:\Program Files\Java\jdk1.8.0_20\jre\bin\msvcr100.dll
0x0000000070190000 - 0x00000000709e8000 	C:\Program Files\Java\jdk1.8.0_20\jre\bin\server\jvm.dll
0x00007ffa0e9d0000 - 0x00007ffa0e9d9000 	C:\Windows\SYSTEM32\WSOCK32.dll
0x00007ffa0ef40000 - 0x00007ffa0ef5f000 	C:\Windows\SYSTEM32\WINMM.dll
0x00007ffa1d8b0000 - 0x00007ffa1d8b7000 	C:\Windows\system32\PSAPI.DLL
0x00007ffa1d220000 - 0x00007ffa1d278000 	C:\Windows\system32\WS2_32.dll
0x00007ffa0ef10000 - 0x00007ffa0ef3a000 	C:\Windows\SYSTEM32\WINMMBASE.dll
0x00007ffa1d020000 - 0x00007ffa1d029000 	C:\Windows\system32\NSI.dll
0x00007ffa1b140000 - 0x00007ffa1b18a000 	C:\Windows\SYSTEM32\cfgmgr32.dll
0x00007ffa19c70000 - 0x00007ffa19c96000 	C:\Windows\SYSTEM32\DEVOBJ.dll
0x0000000070060000 - 0x000000007006f000 	C:\Program Files\Java\jdk1.8.0_20\jre\bin\verify.dll
0x0000000070030000 - 0x0000000070058000 	C:\Program Files\Java\jdk1.8.0_20\jre\bin\java.dll
0x0000000070010000 - 0x0000000070026000 	C:\Program Files\Java\jdk1.8.0_20\jre\bin\zip.dll
0x00007ffa1b8f0000 - 0x00007ffa1ccfe000 	C:\Windows\system32\SHELL32.dll
0x00007ffa1d030000 - 0x00007ffa1d207000 	C:\Windows\SYSTEM32\combase.dll
0x00007ffa1d850000 - 0x00007ffa1d8a1000 	C:\Windows\system32\SHLWAPI.dll
0x00007ffa19430000 - 0x00007ffa194d1000 	C:\Windows\SYSTEM32\SHCORE.dll
0x00007ffa1ade0000 - 0x00007ffa1adf4000 	C:\Windows\SYSTEM32\profapi.dll
0x000000006fe30000 - 0x000000006ffc8000 	C:\Program Files\Java\jdk1.8.0_20\jre\bin\awt.dll
0x00007ffa1b830000 - 0x00007ffa1b8e7000 	C:\Windows\system32\OLEAUT32.dll
0x00007ffa19a10000 - 0x00007ffa19a9b000 	C:\Windows\system32\apphelp.dll
0x00007ffa19af0000 - 0x00007ffa19c12000 	C:\Windows\system32\uxtheme.dll
0x00007ffa19250000 - 0x00007ffa19271000 	C:\Windows\system32\dwmapi.dll
0x00007ffa1d290000 - 0x00007ffa1d405000 	C:\Windows\system32\ole32.dll
0x00007ffa19aa0000 - 0x00007ffa19aaa000 	C:\Windows\SYSTEM32\kernel.appcore.dll
0x00007ffa1acb0000 - 0x00007ffa1acba000 	C:\Windows\SYSTEM32\CRYPTBASE.dll
0x00007ffa1ac50000 - 0x00007ffa1acae000 	C:\Windows\SYSTEM32\bcryptPrimitives.dll
0x000000006fde0000 - 0x000000006fe27000 	C:\Program Files\Java\jdk1.8.0_20\jre\bin\fontmanager.dll
0x00007ffa00b90000 - 0x00007ffa00d9a000 	C:\Windows\system32\d3d9.dll
0x00007ffa111f0000 - 0x00007ffa111fa000 	C:\Windows\SYSTEM32\VERSION.dll
0x00007ff9f1b30000 - 0x00007ff9f3411000 	C:\Windows\SYSTEM32\igdumdim64.dll
0x00007ffa169e0000 - 0x00007ffa16e40000 	C:\Windows\SYSTEM32\igdusc64.dll
0x000000006fce0000 - 0x000000006fd11000 	C:\Program Files\Java\jdk1.8.0_20\jre\bin\jpeg.dll
0x000000006fff0000 - 0x000000007000a000 	C:\Program Files\Java\jdk1.8.0_20\jre\bin\net.dll
0x00007ffa1a6a0000 - 0x00007ffa1a6f8000 	C:\Windows\system32\mswsock.dll
0x000000006ffd0000 - 0x000000006ffe1000 	C:\Program Files\Java\jdk1.8.0_20\jre\bin\nio.dll
0x000000006fd90000 - 0x000000006fdd1000 	C:\Program Files\Java\jdk1.8.0_20\jre\bin\t2k.dll
0x00007ffa00850000 - 0x00007ffa008f0000 	C:\Windows\system32\RICHED20.DLL
0x00007ffa12cd0000 - 0x00007ffa12ce4000 	C:\Windows\SYSTEM32\USP10.dll
0x00007ffa00080000 - 0x00007ffa000c2000 	C:\Windows\SYSTEM32\msls31.dll
0x00007ffa1a700000 - 0x00007ffa1a71e000 	C:\Windows\SYSTEM32\CRYPTSP.dll
0x00007ffa1a340000 - 0x00007ffa1a375000 	C:\Windows\system32\rsaenh.dll
0x00007ffa1a930000 - 0x00007ffa1a956000 	C:\Windows\SYSTEM32\bcrypt.dll
0x00007ffa1d700000 - 0x00007ffa1d7a4000 	C:\Windows\SYSTEM32\clbcatq.dll
0x00007ffa1a450000 - 0x00007ffa1a46f000 	C:\Windows\SYSTEM32\USERENV.dll
0x00007ffa14ed0000 - 0x00007ffa14ef9000 	C:\Windows\SYSTEM32\IPHLPAPI.DLL
0x00007ffa14ea0000 - 0x00007ffa14eaa000 	C:\Windows\SYSTEM32\WINNSI.DLL
0x00007ffa14b20000 - 0x00007ffa14b34000 	C:\Windows\SYSTEM32\dhcpcsvc6.DLL
0x00007ffa14b00000 - 0x00007ffa14b19000 	C:\Windows\SYSTEM32\dhcpcsvc.DLL
0x000000006fd20000 - 0x000000006fd44000 	C:\Program Files\Java\jdk1.8.0_20\jre\bin\sunec.dll
0x00007ffa0c890000 - 0x00007ffa0c8a4000 	C:\Windows\system32\napinsp.dll
0x00007ffa0c870000 - 0x00007ffa0c889000 	C:\Windows\system32\pnrpnsp.dll
0x00007ffa16080000 - 0x00007ffa16099000 	C:\Windows\system32\NLAapi.dll
0x00007ffa1a4b0000 - 0x00007ffa1a553000 	C:\Windows\SYSTEM32\DNSAPI.dll
0x00007ffa0c860000 - 0x00007ffa0c86c000 	C:\Windows\System32\winrnr.dll
0x00007ffa0c840000 - 0x00007ffa0c853000 	C:\Windows\system32\wshbth.dll
0x0000000072d40000 - 0x0000000072d66000 	C:\Program Files\Bonjour\mdnsNSP.dll
0x00007ffa0c830000 - 0x00007ffa0c839000 	C:\Windows\System32\rasadhlp.dll
0x00007ffa14b50000 - 0x00007ffa14bb7000 	C:\Windows\System32\fwpuclnt.dll
0x00007ffa1b090000 - 0x00007ffa1b131000 	C:\Windows\WinSxS\amd64_microsoft.windows.common-controls_6595b64144ccf1df_5.82.9600.16384_none_34a8918f959016ea\comctl32.dll
0x00007ffa15030000 - 0x00007ffa15194000 	C:\Windows\SYSTEM32\PROPSYS.dll
0x00007ffa098a0000 - 0x00007ffa09a3c000 	C:\Windows\system32\NetworkExplorer.dll
0x00007ffa0af90000 - 0x00007ffa0afca000 	C:\Windows\system32\RemoteFileBrowse.dll
0x00007ffa0af40000 - 0x00007ffa0af8d000 	C:\Windows\system32\framedynos.dll
0x00007ffa1ac20000 - 0x00007ffa1ac4b000 	C:\Windows\system32\SspiCli.dll
0x00007ffa1cd00000 - 0x00007ffa1ced6000 	C:\Windows\system32\SETUPAPI.dll
0x00007ffa0f050000 - 0x00007ffa0f06b000 	C:\Windows\SYSTEM32\MPR.dll
0x00007ffa09fe0000 - 0x00007ffa09feb000 	C:\Windows\System32\drprov.dll
0x00007ffa1a2a0000 - 0x00007ffa1a2f7000 	C:\Windows\System32\WINSTA.dll
0x00007ffa09fc0000 - 0x00007ffa09fd5000 	C:\Windows\System32\ntlanman.dll
0x00007ffa09fa0000 - 0x00007ffa09fbf000 	C:\Windows\System32\davclnt.dll
0x00007ffa09f90000 - 0x00007ffa09f9b000 	C:\Windows\System32\DAVHLPR.dll
0x00007ffa160a0000 - 0x00007ffa160b6000 	C:\Windows\System32\wkscli.dll
0x00007ffa158a0000 - 0x00007ffa158b0000 	C:\Windows\SYSTEM32\cscapi.dll
0x00007ffa1a090000 - 0x00007ffa1a09c000 	C:\Windows\System32\netutils.dll
0x00007ffa09f10000 - 0x00007ffa09f85000 	C:\Windows\System32\dlnashext.dll
0x00007ffa015e0000 - 0x00007ffa01627000 	C:\Windows\System32\PlayToDevice.dll
0x00007ffa09ea0000 - 0x00007ffa09ebc000 	C:\Windows\System32\DevDispItemProvider.dll
0x00007ffa158f0000 - 0x00007ffa1592d000 	C:\Windows\System32\netprofm.dll
0x00007ffa04570000 - 0x00007ffa0457e000 	C:\Windows\System32\npmproxy.dll
0x00007ffa0d8d0000 - 0x00007ffa0db7f000 	C:\Windows\System32\actxprxy.dll
0x00007ff9fb400000 - 0x00007ff9fb5ef000 	C:\Windows\system32\wpdshext.dll
0x00007ffa1b5e0000 - 0x00007ffa1b778000 	C:\Windows\WinSxS\amd64_microsoft.windows.gdiplus_6595b64144ccf1df_1.1.9600.16384_none_9332526147499ed1\gdiplus.dll
0x00007ffa03950000 - 0x00007ffa039f6000 	C:\Windows\System32\PortableDeviceApi.dll
0x00007ffa1b190000 - 0x00007ffa1b1de000 	C:\Windows\system32\WINTRUST.dll
0x00007ffa1aeb0000 - 0x00007ffa1b087000 	C:\Windows\system32\CRYPT32.dll
0x00007ffa1ae90000 - 0x00007ffa1aea2000 	C:\Windows\system32\MSASN1.dll
0x00007ffa09050000 - 0x00007ffa09086000 	C:\Windows\System32\EhStorShell.dll
0x00007ffa0a0a0000 - 0x00007ffa0a0c5000 	C:\Windows\System32\EhStorAPI.dll
0x00007ffa15eb0000 - 0x00007ffa15ec1000 	C:\Windows\System32\WTSAPI32.dll
0x00007ffa151b0000 - 0x00007ffa151bc000 	C:\Windows\SYSTEM32\LINKINFO.dll
0x00007ffa190b0000 - 0x00007ffa19243000 	C:\Windows\SYSTEM32\WindowsCodecs.dll
0x000000006fcb0000 - 0x000000006fcdc000 	C:\Program Files\Java\jdk1.8.0_20\jre\bin\prism_d3d.dll
0x000000006fc60000 - 0x000000006fca2000 	C:\Program Files\Java\jdk1.8.0_20\jre\bin\glass.dll
0x00007ffa1d7b0000 - 0x00007ffa1d84a000 	C:\Windows\system32\COMDLG32.dll
0x00007ffa03a70000 - 0x00007ffa03aa7000 	C:\Users\ark-insingths\AppData\Local\Temp\jna-ark-insingths\jna3807010864674057914.dll
0x000000006fc40000 - 0x000000006fc55000 	C:\Program Files\Java\jdk1.8.0_20\jre\bin\javafx_font.dll
0x000000006fc10000 - 0x000000006fc39000 	C:\Users\ark-insingths\Documents\NetBeansProjects\IP2SMediaPlayer\lib\VLC\libvlc.dll
0x000000006f990000 - 0x000000006fc04000 	C:\Users\ark-insingths\Documents\NetBeansProjects\IP2SMediaPlayer\lib\VLC\libvlccore.dll
0x0000000061440000 - 0x000000006145c000 	C:\Users\ark-insingths\Documents\NetBeansProjects\IP2SMediaPlayer\lib\VLC\libgcc_s_seh-1.dll
0x00007ffa156c0000 - 0x00007ffa1589f000 	C:\Windows\SYSTEM32\dwrite.dll
0x000000006f970000 - 0x000000006f981000 	C:\Users\ark-insingths\Documents\NetBeansProjects\IP2SMediaPlayer\lib\VLC\plugins\audio_output\libdirectsound_plugin.dll
0x000000006f950000 - 0x000000006f962000 	C:\Users\ark-insingths\Documents\NetBeansProjects\IP2SMediaPlayer\lib\VLC\plugins\audio_output\libwaveout_plugin.dll
0x000000006f930000 - 0x000000006f94b000 	C:\Users\ark-insingths\Documents\NetBeansProjects\IP2SMediaPlayer\lib\VLC\plugins\video_output\libdirectdraw_plugin.dll
0x000000006f910000 - 0x000000006f921000 	C:\Program Files\Java\jdk1.8.0_20\jre\bin\prism_common.dll
0x000000006fd50000 - 0x000000006fd7a000 	C:\Program Files\Java\jdk1.8.0_20\jre\bin\dcpr.dll
0x000000006f900000 - 0x000000006f907000 	C:\Program Files\Java\jdk1.8.0_20\jre\bin\jawt.dll
0x000000006f6b0000 - 0x000000006f900000 	C:\Users\ark-insingths\Documents\NetBeansProjects\IP2SMediaPlayer\lib\VLC\plugins\access\liblibbluray_plugin.dll
0x000000006f680000 - 0x000000006f6a4000 	C:\Users\ark-insingths\Documents\NetBeansProjects\IP2SMediaPlayer\lib\VLC\plugins\access\libaccess_bd_plugin.dll
0x000000006f630000 - 0x000000006f67c000 	C:\Users\ark-insingths\Documents\NetBeansProjects\IP2SMediaPlayer\lib\VLC\plugins\access\libdvdnav_plugin.dll
0x000000006f610000 - 0x000000006f62e000 	C:\Users\ark-insingths\Documents\NetBeansProjects\IP2SMediaPlayer\lib\VLC\plugins\access\libaccess_vdr_plugin.dll
0x000000006f5f0000 - 0x000000006f607000 	C:\Users\ark-insingths\Documents\NetBeansProjects\IP2SMediaPlayer\lib\VLC\plugins\access\libfilesystem_plugin.dll
0x000000006f5d0000 - 0x000000006f5ea000 	C:\Users\ark-insingths\Documents\NetBeansProjects\IP2SMediaPlayer\lib\VLC\plugins\stream_filter\libsmooth_plugin.dll
0x000000006f530000 - 0x000000006f5cf000 	C:\Users\ark-insingths\Documents\NetBeansProjects\IP2SMediaPlayer\lib\VLC\plugins\stream_filter\libhttplive_plugin.dll
0x000000006f500000 - 0x000000006f528000 	C:\Users\ark-insingths\Documents\NetBeansProjects\IP2SMediaPlayer\lib\VLC\plugins\access\libzip_plugin.dll

VM Arguments:
jvm_args: -Dfile.encoding=UTF-8 
java_command: com.ip2s.mediaplayer.Login
java_class_path (initial): C:\Program Files\NetBeans 8.0.1\java\modules\ext\eclipselink\eclipselink.jar;C:\Program Files\NetBeans 8.0.1\java\modules\ext\eclipselink\javax.persistence_2.1.0.v201304241213.jar;C:\Program Files\NetBeans 8.0.1\java\modules\ext\eclipselink\org.eclipse.persistence.jpa.jpql_2.5.2.v20140319-9ad6abd.jar;C:\Program Files\NetBeans 8.0.1\platform\modules\ext\swing-layout-1.0.4.jar;C:\Users\ark-insingths\Documents\NetBeansProjects\IP2SMediaPlayer\lib\jdatepicker-1.3.2.jar;C:\Users\ark-insingths\Documents\NetBeansProjects\IP2SMediaPlayer\lib\jcifs-1.1.11.jar;C:\Users\ark-insingths\Documents\NetBeansProjects\IP2SMediaPlayer\lib\sqljdbc4.jar;C:\Program Files\Java\jdk1.8.0_20\jre\lib\javaws.jar;C:\Program Files\Java\jdk1.8.0_20\jre\lib\deploy.jar;C:\Program Files\Java\jdk1.8.0_20\jre\lib\plugin.jar;C:\Users\ark-insingths\Documents\NetBeansProjects\IP2SMediaPlayer\lib\IP2SRSA.jar;C:\Program Files\NetBeans 8.0.1\java\modules\ext\AbsoluteLayout.jar;C:\Users\ark-insingths\Documents\NetBeansProjects\IP2SMediaPlayer\lib\DateChooser.jar;C:\Users\ark-insingths\Documents\NetBeansProjects\IP2SMediaPlayer\lib\jna-3.5.2.jar;C:\Users\ark-insingths\Documents\NetBeansProjects\IP2SMediaPlayer\lib\platform-3.5.2.jar;C:\Users\ark-insingths\Documents\NetBeansProjects\IP2SMediaPlayer\lib\vlcj-3.0.1.jar;C:\Users\ark-insingths\Documents\NetBeansProjects\IP2SMediaPlayer\build\classes
Launcher Type: SUN_STANDARD

Environment Variables:
JAVA_HOME=C:\PROGRA~1\Java\JDK18~1.0_2
JRE_HOME=C:\Program Files\Java\jre1.8.0_20
CLASSPATH=C:\Program Files\Avaya\AE Services\JTAPI Client\JTAPI\ECSJTAPIA.jar;C:\Program Files\Avaya\AE Services\JTAPI Client\JTAPI
PATH=C:\Avaya\Proactive Contact 5.1\Services\3rdParty\Oracle11g;C:\Avaya\Proactive Contact 5.1\Services\Common;C:\Program Files\ibm\gsk8\lib64;C:\Program Files\ibm\gsk8\bin;C:\Program Files\IBM Informix Software Bundle\bin;C:\ProgramData\Oracle\Java\javapath;C:\Program Files (x86)\Intel\iCLS Client\;C:\Program Files\Intel\iCLS Client\;C:\Windows\system32;C:\Windows;C:\Windows\System32\Wbem;C:\Windows\System32\WindowsPowerShell\v1.0\;C:\Program Files (x86)\Microsoft SQL Server\100\Tools\Binn\;C:\Program Files\Microsoft SQL Server\100\Tools\Binn\;C:\Program Files\Microsoft SQL Server\100\DTS\Binn\;C:\Program Files (x86)\Microsoft SQL Server\100\Tools\Binn\VSShell\Common7\IDE\;C:\Program Files (x86)\Microsoft Visual Studio 9.0\Common7\IDE\PrivateAssemblies\;C:\Program Files (x86)\Microsoft SQL Server\100\DTS\Binn\;C:\Program Files\Intel\Intel(R) Management Engine Components\DAL;C:\Program Files\Intel\Intel(R) Management Engine Components\IPT;C:\Program Files (x86)\Intel\Intel(R) Management Engine Components\DAL;C:\Program Files (x86)\Intel\Intel(R) Management Engine Components\IPT;C:\Program Files (x86)\Java\jdk1.8.0_05\bin;"C:\Program Files (x86)\Zend\ZendServer\bin";"C:\Program Files (x86)\Zend\ZendServer\share\ZendFramework\bin";C:\Program Files (x86)\VisualSVN Server\bin;C:\Program Files (x86)\VisualSVN\bin;C:\Program Files (x86)\WiX Toolset v3.7\bin;C:\Program Files (x86)\Inno Setup 5\;C:\Program Files\TortoiseSVN\bin;C:\Program Files (x86)\Windows Kits\8.1\Windows Performance Toolkit\;C:\Program Files\Microsoft SQL Server\110\Tools\Binn\;C:\Program Files (x86)\Microsoft SDKs\TypeScript\1.0\;C:\Program Files (x86)\Java\jdk1.8.0_05\bin\bin;C:\Program Files (x86)\Android\android-sdk\tools;C:\Program Files (x86)\Android\android-sdk\platform-tools;C:\apache-ant-1.9.3\bin;C:\Program Files (x86)\nodejs\;C:\Program Files (x86)\Git\cmd;C:\Program Files\Microsoft SQL Server\120\Tools\Binn\;C:\Program Files (x86)\Jar2Exe Wizard\;C:\Users\ark-insingths\AppData\Roaming\npm
USERNAME=ark-insingths
OS=Windows_NT
PROCESSOR_IDENTIFIER=Intel64 Family 6 Model 69 Stepping 1, GenuineIntel



---------------  S Y S T E M  ---------------

OS: Windows 8.1 , 64 bit Build 9600 

CPU:total 4 (2 cores per cpu, 2 threads per core) family 6 model 69 stepping 1, cmov, cx8, fxsr, mmx, sse, sse2, sse3, ssse3, sse4.1, sse4.2, popcnt, avx, avx2, aes, clmul, erms, lzcnt, ht, tsc, tscinvbit, bmi1, bmi2

Memory: 4k page, physical 4097684k(497900k free), swap 5867156k(611364k free)

vm_info: Java HotSpot(TM) 64-Bit Server VM (25.20-b23) for windows-amd64 JRE (1.8.0_20-b26), built on Jul 30 2014 13:51:23 by "java_re" with MS VC++ 10.0 (VS2010)

time: Mon Jan 26 21:30:50 2015
elapsed time: 41 seconds (0d 0h 0m 41s)

