#
# A fatal error has been detected by the Java Runtime Environment:
#
#  EXCEPTION_ACCESS_VIOLATION (0xc0000005) at pc=0x77b12239, pid=2668, tid=2264
#
# JRE version: Java(TM) SE Runtime Environment (8.0_25-b18) (build 1.8.0_25-b18)
# Java VM: Java HotSpot(TM) Client VM (25.25-b02 mixed mode, sharing windows-x86 )
# Problematic frame:
# C  [ntdll.dll+0x32239]
#
# Failed to write core dump. Minidumps are not enabled by default on client versions of Windows
#
# If you would like to submit a bug report, please visit:
#   http://bugreport.sun.com/bugreport/crash.jsp
# The crash happened outside the Java Virtual Machine in native code.
# See problematic frame for where to report the bug.
#

---------------  T H R E A D  ---------------

Current thread (0x16663000):  JavaThread "pool-4-thread-1" [_thread_in_native, id=2264, stack(0x19aa0000,0x19af0000)]

siginfo: ExceptionCode=0xc0000005, writing address 0x00000014

Registers:
EAX=0x00000000, EBX=0xfffffffc, ECX=0x00000000, EDX=0x00000004
ESP=0x19aeed44, EBP=0x19aeed94, ESI=0x1b4dbe24, EDI=0x1b4dbe28
EIP=0x77b12239, EFLAGS=0x00010213

Top of Stack: (sp=0x19aeed44)
0x19aeed44:   1b4dbe24 1b4dbe28 1b4dbe24 19e96cb8
0x19aeed54:   679809d8 00000000 679809e4 67b6ca2c
0x19aeed64:   13c036c0 00000001 00000000 1b5038a8
0x19aeed74:   00000004 00000000 00000000 00000000
0x19aeed84:   00000000 00000000 7ff9b000 000007dc
0x19aeed94:   19aeedbc 77b12148 00000000 00000000
0x19aeeda4:   1b4dbe24 19aef500 1b4dbe20 00000004
0x19aeedb4:   00000000 00000001 19aeeddc 681e6653 

Instructions: (pc=0x77b12239)
0x77b12219:   c2 8b d8 8b c1 f0 0f b1 1f 3b c1 0f 85 20 da ff
0x77b12229:   ff 33 c0 89 45 0c 89 45 08 8b 06 83 f8 ff 74 03
0x77b12239:   ff 40 14 8b 5d f4 8b 7d f0 80 3d 82 03 fe 7f 00
0x77b12249:   0f 85 c9 fb 04 00 8b 45 fc 57 6a 00 83 f8 ff 0f 


Register to memory mapping:

EAX=0x00000000 is an unknown value
EBX=0xfffffffc is an unknown value
ECX=0x00000000 is an unknown value
EDX=0x00000004 is an unknown value
ESP=0x19aeed44 is pointing into the stack for thread: 0x16663000
EBP=0x19aeed94 is pointing into the stack for thread: 0x16663000
ESI=0x1b4dbe24 is an unknown value
EDI=0x1b4dbe28 is an unknown value


Stack: [0x19aa0000,0x19af0000],  sp=0x19aeed44,  free space=315k
Native frames: (J=compiled Java code, j=interpreted, Vv=VM code, C=native code)
C  [ntdll.dll+0x32239]
C  [ntdll.dll+0x32148]
C  [libvlccore.dll+0x86653]
C  [libvlc.dll+0xbda5]
C  [jna2153110351804526452.dll+0xd546]
C  [jna2153110351804526452.dll+0x2e5e]
C  [jna2153110351804526452.dll+0x554e]
j  com.sun.jna.Native.invokeVoid(JI[Ljava/lang/Object;)V+0
j  com.sun.jna.Function.invoke([Ljava/lang/Object;Ljava/lang/Class;Z)Ljava/lang/Object;+48
J 1719 C1 com.sun.jna.Function.invoke(Ljava/lang/Class;[Ljava/lang/Object;Ljava/util/Map;)Ljava/lang/Object; (526 bytes) @ 0x01eb424c [0x01eb3dd0+0x47c]
j  com.sun.jna.Library$Handler.invoke(Ljava/lang/Object;Ljava/lang/reflect/Method;[Ljava/lang/Object;)Ljava/lang/Object;+341
j  com.sun.proxy.$Proxy0.libvlc_media_player_pause(Luk/co/caprica/vlcj/binding/internal/libvlc_media_player_t;)V+16
j  uk.co.caprica.vlcj.player.DefaultMediaPlayer.pause()V+17
j  com.ip2s.mediaplayer.IP2sMediaPlayer.stopped(Luk/co/caprica/vlcj/player/MediaPlayer;)V+27
j  uk.co.caprica.vlcj.player.events.MediaPlayerStoppedEvent.notify(Luk/co/caprica/vlcj/player/MediaPlayerEventListener;)V+5
J 1568 C1 uk.co.caprica.vlcj.player.DefaultMediaPlayer$NotifyEventListenersRunnable.run()V (85 bytes) @ 0x01e759bc [0x01e75860+0x15c]
J 1757 C1 java.util.concurrent.Executors$RunnableAdapter.call()Ljava/lang/Object; (14 bytes) @ 0x01ec013e [0x01ec0110+0x2e]
J 1760 C1 java.util.concurrent.FutureTask.run()V (126 bytes) @ 0x01ec089e [0x01ec0810+0x8e]
j  java.util.concurrent.ThreadPoolExecutor.runWorker(Ljava/util/concurrent/ThreadPoolExecutor$Worker;)V+95
j  java.util.concurrent.ThreadPoolExecutor$Worker.run()V+5
j  java.lang.Thread.run()V+11
v  ~StubRoutines::call_stub
V  [jvm.dll+0x147285]
V  [jvm.dll+0x20d19e]
V  [jvm.dll+0x14731e]
V  [jvm.dll+0x1474a6]
V  [jvm.dll+0x147517]
V  [jvm.dll+0xf06bf]
V  [jvm.dll+0x1698cc]
V  [jvm.dll+0x16a15a]
V  [jvm.dll+0x1aee06]
C  [msvcr100.dll+0x5c556]
C  [msvcr100.dll+0x5c600]
C  [kernel32.dll+0x53c45]
C  [ntdll.dll+0x637f5]
C  [ntdll.dll+0x637c8]
C  0x00000000

Java frames: (J=compiled Java code, j=interpreted, Vv=VM code)
j  com.sun.jna.Native.invokeVoid(JI[Ljava/lang/Object;)V+0
j  com.sun.jna.Function.invoke([Ljava/lang/Object;Ljava/lang/Class;Z)Ljava/lang/Object;+48
J 1719 C1 com.sun.jna.Function.invoke(Ljava/lang/Class;[Ljava/lang/Object;Ljava/util/Map;)Ljava/lang/Object; (526 bytes) @ 0x01eb424c [0x01eb3dd0+0x47c]
j  com.sun.jna.Library$Handler.invoke(Ljava/lang/Object;Ljava/lang/reflect/Method;[Ljava/lang/Object;)Ljava/lang/Object;+341
j  com.sun.proxy.$Proxy0.libvlc_media_player_pause(Luk/co/caprica/vlcj/binding/internal/libvlc_media_player_t;)V+16
j  uk.co.caprica.vlcj.player.DefaultMediaPlayer.pause()V+17
j  com.ip2s.mediaplayer.IP2sMediaPlayer.stopped(Luk/co/caprica/vlcj/player/MediaPlayer;)V+27
j  uk.co.caprica.vlcj.player.events.MediaPlayerStoppedEvent.notify(Luk/co/caprica/vlcj/player/MediaPlayerEventListener;)V+5
J 1568 C1 uk.co.caprica.vlcj.player.DefaultMediaPlayer$NotifyEventListenersRunnable.run()V (85 bytes) @ 0x01e759bc [0x01e75860+0x15c]
J 1757 C1 java.util.concurrent.Executors$RunnableAdapter.call()Ljava/lang/Object; (14 bytes) @ 0x01ec013e [0x01ec0110+0x2e]
J 1760 C1 java.util.concurrent.FutureTask.run()V (126 bytes) @ 0x01ec089e [0x01ec0810+0x8e]
j  java.util.concurrent.ThreadPoolExecutor.runWorker(Ljava/util/concurrent/ThreadPoolExecutor$Worker;)V+95
j  java.util.concurrent.ThreadPoolExecutor$Worker.run()V+5
j  java.lang.Thread.run()V+11
v  ~StubRoutines::call_stub

---------------  P R O C E S S  ---------------

Java Threads: ( => current thread )
=>0x16663000 JavaThread "pool-4-thread-1" [_thread_in_native, id=2264, stack(0x19aa0000,0x19af0000)]
  0x16661c00 JavaThread "Thread-9" daemon [_thread_in_native, id=4044, stack(0x17af0000,0x17b40000)]
  0x16661800 JavaThread "JavaFX Application Thread" [_thread_in_native, id=3512, stack(0x195a0000,0x195f0000)]
  0x16661000 JavaThread "Thread-8" daemon [_thread_blocked, id=1176, stack(0x19430000,0x19480000)]
  0x16660800 JavaThread "QuantumRenderer-0" daemon [_thread_blocked, id=3656, stack(0x17da0000,0x17df0000)]
  0x16653800 JavaThread "TimerQueue" daemon [_thread_blocked, id=3192, stack(0x17e00000,0x17e50000)]
  0x165e8400 JavaThread "Swing-Shell" daemon [_thread_blocked, id=2984, stack(0x17a90000,0x17ae0000)]
  0x164d2400 JavaThread "D3D Screen Updater" daemon [_thread_blocked, id=2488, stack(0x17390000,0x173e0000)]
  0x01a84800 JavaThread "DestroyJavaVM" [_thread_blocked, id=4024, stack(0x01670000,0x016c0000)]
  0x1507a400 JavaThread "AWT-EventQueue-0" [_thread_blocked, id=2212, stack(0x14e70000,0x14ec0000)]
  0x15064800 JavaThread "AWT-Windows" daemon [_thread_in_native, id=1520, stack(0x01220000,0x01270000)]
  0x15063400 JavaThread "AWT-Shutdown" [_thread_blocked, id=2116, stack(0x14d50000,0x14da0000)]
  0x15060c00 JavaThread "Java2D Disposer" daemon [_thread_blocked, id=2204, stack(0x15190000,0x151e0000)]
  0x01aec000 JavaThread "Service Thread" daemon [_thread_blocked, id=1328, stack(0x14e20000,0x14e70000)]
  0x01ac5400 JavaThread "C1 CompilerThread0" daemon [_thread_blocked, id=3464, stack(0x016e0000,0x01730000)]
  0x01ac4400 JavaThread "Attach Listener" daemon [_thread_blocked, id=3912, stack(0x147a0000,0x147f0000)]
  0x01ac0c00 JavaThread "Signal Dispatcher" daemon [_thread_blocked, id=2884, stack(0x03b90000,0x03be0000)]
  0x01aad400 JavaThread "Finalizer" daemon [_thread_blocked, id=1632, stack(0x14630000,0x14680000)]
  0x01aab800 JavaThread "Reference Handler" daemon [_thread_blocked, id=1980, stack(0x14750000,0x147a0000)]

Other Threads:
  0x01aa9400 VMThread [stack: 0x01730000,0x01780000] [id=3132]
  0x01aed000 WatcherThread [stack: 0x14ee0000,0x14f30000] [id=2896]

VM state:not at safepoint (normal execution)

VM Mutex/Monitor currently owned by a thread: None

Heap:
 def new generation   total 8064K, used 1597K [0x03c00000, 0x044c0000, 0x09150000)
  eden space 7168K,  20% used [0x03c00000, 0x03d69c40, 0x04300000)
  from space 896K,  16% used [0x04300000, 0x04325908, 0x043e0000)
  to   space 896K,   0% used [0x043e0000, 0x043e0000, 0x044c0000)
 tenured generation   total 17796K, used 11091K [0x09150000, 0x0a2b1000, 0x13c00000)
   the space 17796K,  62% used [0x09150000, 0x09c24e80, 0x09c25000, 0x0a2b1000)
 Metaspace       used 10544K, capacity 11019K, committed 11136K, reserved 11648K

Card table byte_map: [0x015d0000,0x01660000] byte_map_base: 0x015b2000

Polling page: 0x00190000

CodeCache: size=32768Kb used=3459Kb max_used=3459Kb free=29308Kb
 bounds [0x01b80000, 0x01ee8000, 0x03b80000]
 total_blobs=2285 nmethods=1844 adapters=371
 compilation: enabled

Compilation events (10 events):
Event: 21.771 Thread 0x01ac5400 1854             java.lang.Math::max (45 bytes)
Event: 21.771 Thread 0x01ac5400 nmethod 1854 0x01ee0188 code [0x01ee0280, 0x01ee0390]
Event: 21.834 Thread 0x01ac5400 1855             com.sun.prism.impl.ps.BaseShaderContext$State::access$100 (5 bytes)
Event: 21.834 Thread 0x01ac5400 nmethod 1855 0x01ee03c8 code [0x01ee04c0, 0x01ee0530]
Event: 21.867 Thread 0x01ac5400 1856             com.sun.scenario.effect.impl.state.BoxRenderState::getInputKernelSize (65 bytes)
Event: 21.868 Thread 0x01ac5400 nmethod 1856 0x01ee05c8 code [0x01ee06f0, 0x01ee083c]
Event: 21.868 Thread 0x01ac5400 1857  s          com.sun.scenario.effect.impl.prism.ps.PPSRenderer::getRendererState (5 bytes)
Event: 21.868 Thread 0x01ac5400 nmethod 1857 0x01ee0908 code [0x01ee0a00, 0x01ee0bb0]
Event: 21.869 Thread 0x01ac5400 1858             com.sun.prism.impl.ps.BaseShaderContext::setTexture (44 bytes)
Event: 21.869 Thread 0x01ac5400 nmethod 1858 0x01ee0c08 code [0x01ee0d40, 0x01ee0f20]

GC Heap History (10 events):
Event: 19.097 GC heap before
{Heap before GC invocations=26 (full 1):
 def new generation   total 8064K, used 7318K [0x03c00000, 0x044c0000, 0x09150000)
  eden space 7168K, 100% used [0x03c00000, 0x04300000, 0x04300000)
  from space 896K,  16% used [0x043e0000, 0x04405ba0, 0x044c0000)
  to   space 896K,   0% used [0x04300000, 0x04300000, 0x043e0000)
 tenured generation   total 17796K, used 11074K [0x09150000, 0x0a2b1000, 0x13c00000)
   the space 17796K,  62% used [0x09150000, 0x09c20908, 0x09c20a00, 0x0a2b1000)
 Metaspace       used 10481K, capacity 10962K, committed 11008K, reserved 11648K
Event: 19.100 GC heap after
Heap after GC invocations=27 (full 1):
 def new generation   total 8064K, used 154K [0x03c00000, 0x044c0000, 0x09150000)
  eden space 7168K,   0% used [0x03c00000, 0x03c00000, 0x04300000)
  from space 896K,  17% used [0x04300000, 0x04326898, 0x043e0000)
  to   space 896K,   0% used [0x043e0000, 0x043e0000, 0x044c0000)
 tenured generation   total 17796K, used 11074K [0x09150000, 0x0a2b1000, 0x13c00000)
   the space 17796K,  62% used [0x09150000, 0x09c20908, 0x09c20a00, 0x0a2b1000)
 Metaspace       used 10481K, capacity 10962K, committed 11008K, reserved 11648K
}
Event: 19.700 GC heap before
{Heap before GC invocations=27 (full 1):
 def new generation   total 8064K, used 7322K [0x03c00000, 0x044c0000, 0x09150000)
  eden space 7168K, 100% used [0x03c00000, 0x04300000, 0x04300000)
  from space 896K,  17% used [0x04300000, 0x04326898, 0x043e0000)
  to   space 896K,   0% used [0x043e0000, 0x043e0000, 0x044c0000)
 tenured generation   total 17796K, used 11074K [0x09150000, 0x0a2b1000, 0x13c00000)
   the space 17796K,  62% used [0x09150000, 0x09c20908, 0x09c20a00, 0x0a2b1000)
 Metaspace       used 10481K, capacity 10962K, committed 11008K, reserved 11648K
Event: 19.706 GC heap after
Heap after GC invocations=28 (full 1):
 def new generation   total 8064K, used 150K [0x03c00000, 0x044c0000, 0x09150000)
  eden space 7168K,   0% used [0x03c00000, 0x03c00000, 0x04300000)
  from space 896K,  16% used [0x043e0000, 0x04405b18, 0x044c0000)
  to   space 896K,   0% used [0x04300000, 0x04300000, 0x043e0000)
 tenured generation   total 17796K, used 11074K [0x09150000, 0x0a2b1000, 0x13c00000)
   the space 17796K,  62% used [0x09150000, 0x09c20908, 0x09c20a00, 0x0a2b1000)
 Metaspace       used 10481K, capacity 10962K, committed 11008K, reserved 11648K
}
Event: 20.469 GC heap before
{Heap before GC invocations=28 (full 1):
 def new generation   total 8064K, used 7318K [0x03c00000, 0x044c0000, 0x09150000)
  eden space 7168K, 100% used [0x03c00000, 0x04300000, 0x04300000)
  from space 896K,  16% used [0x043e0000, 0x04405b18, 0x044c0000)
  to   space 896K,   0% used [0x04300000, 0x04300000, 0x043e0000)
 tenured generation   total 17796K, used 11074K [0x09150000, 0x0a2b1000, 0x13c00000)
   the space 17796K,  62% used [0x09150000, 0x09c20908, 0x09c20a00, 0x0a2b1000)
 Metaspace       used 10481K, capacity 10962K, committed 11008K, reserved 11648K
Event: 20.473 GC heap after
Heap after GC invocations=29 (full 1):
 def new generation   total 8064K, used 146K [0x03c00000, 0x044c0000, 0x09150000)
  eden space 7168K,   0% used [0x03c00000, 0x03c00000, 0x04300000)
  from space 896K,  16% used [0x04300000, 0x043248a0, 0x043e0000)
  to   space 896K,   0% used [0x043e0000, 0x043e0000, 0x044c0000)
 tenured generation   total 17796K, used 11074K [0x09150000, 0x0a2b1000, 0x13c00000)
   the space 17796K,  62% used [0x09150000, 0x09c20908, 0x09c20a00, 0x0a2b1000)
 Metaspace       used 10481K, capacity 10962K, committed 11008K, reserved 11648K
}
Event: 21.073 GC heap before
{Heap before GC invocations=29 (full 1):
 def new generation   total 8064K, used 7314K [0x03c00000, 0x044c0000, 0x09150000)
  eden space 7168K, 100% used [0x03c00000, 0x04300000, 0x04300000)
  from space 896K,  16% used [0x04300000, 0x043248a0, 0x043e0000)
  to   space 896K,   0% used [0x043e0000, 0x043e0000, 0x044c0000)
 tenured generation   total 17796K, used 11074K [0x09150000, 0x0a2b1000, 0x13c00000)
   the space 17796K,  62% used [0x09150000, 0x09c20908, 0x09c20a00, 0x0a2b1000)
 Metaspace       used 10481K, capacity 10962K, committed 11008K, reserved 11648K
Event: 21.078 GC heap after
Heap after GC invocations=30 (full 1):
 def new generation   total 8064K, used 134K [0x03c00000, 0x044c0000, 0x09150000)
  eden space 7168K,   0% used [0x03c00000, 0x03c00000, 0x04300000)
  from space 896K,  14% used [0x043e0000, 0x04401840, 0x044c0000)
  to   space 896K,   0% used [0x04300000, 0x04300000, 0x043e0000)
 tenured generation   total 17796K, used 11090K [0x09150000, 0x0a2b1000, 0x13c00000)
   the space 17796K,  62% used [0x09150000, 0x09c248f0, 0x09c24a00, 0x0a2b1000)
 Metaspace       used 10481K, capacity 10962K, committed 11008K, reserved 11648K
}
Event: 21.741 GC heap before
{Heap before GC invocations=30 (full 1):
 def new generation   total 8064K, used 7302K [0x03c00000, 0x044c0000, 0x09150000)
  eden space 7168K,  99% used [0x03c00000, 0x042fffe0, 0x04300000)
  from space 896K,  14% used [0x043e0000, 0x04401840, 0x044c0000)
  to   space 896K,   0% used [0x04300000, 0x04300000, 0x043e0000)
 tenured generation   total 17796K, used 11090K [0x09150000, 0x0a2b1000, 0x13c00000)
   the space 17796K,  62% used [0x09150000, 0x09c248f0, 0x09c24a00, 0x0a2b1000)
 Metaspace       used 10534K, capacity 11017K, committed 11136K, reserved 11648K
Event: 21.746 GC heap after
Heap after GC invocations=31 (full 1):
 def new generation   total 8064K, used 150K [0x03c00000, 0x044c0000, 0x09150000)
  eden space 7168K,   0% used [0x03c00000, 0x03c00000, 0x04300000)
  from space 896K,  16% used [0x04300000, 0x04325908, 0x043e0000)
  to   space 896K,   0% used [0x043e0000, 0x043e0000, 0x044c0000)
 tenured generation   total 17796K, used 11091K [0x09150000, 0x0a2b1000, 0x13c00000)
   the space 17796K,  62% used [0x09150000, 0x09c24e80, 0x09c25000, 0x0a2b1000)
 Metaspace       used 10534K, capacity 11017K, committed 11136K, reserved 11648K
}

Deoptimization events (0 events):
No events

Internal exceptions (10 events):
Event: 10.664 Thread 0x16660400 Exception <a 'java/security/PrivilegedActionException'> (0x0429fd10) thrown at [C:\re\workspace\8-2-build-windows-i586-cygwin\jdk8u25\1677\hotspot\src\share\vm\prims\jvm.cpp, line 1312]
Event: 10.680 Thread 0x16660400 Exception <a 'java/security/PrivilegedActionException'> (0x03c0cab0) thrown at [C:\re\workspace\8-2-build-windows-i586-cygwin\jdk8u25\1677\hotspot\src\share\vm\prims\jvm.cpp, line 1312]
Event: 10.683 Thread 0x16660400 Exception <a 'java/security/PrivilegedActionException'> (0x03c26268) thrown at [C:\re\workspace\8-2-build-windows-i586-cygwin\jdk8u25\1677\hotspot\src\share\vm\prims\jvm.cpp, line 1312]
Event: 10.686 Thread 0x16660400 Exception <a 'java/security/PrivilegedActionException'> (0x03c55ba0) thrown at [C:\re\workspace\8-2-build-windows-i586-cygwin\jdk8u25\1677\hotspot\src\share\vm\prims\jvm.cpp, line 1312]
Event: 10.692 Thread 0x16660400 Exception <a 'java/security/PrivilegedActionException'> (0x03c9af50) thrown at [C:\re\workspace\8-2-build-windows-i586-cygwin\jdk8u25\1677\hotspot\src\share\vm\prims\jvm.cpp, line 1312]
Event: 10.716 Thread 0x16663000 Exception <a 'java/security/PrivilegedActionException'> (0x03c9fef0) thrown at [C:\re\workspace\8-2-build-windows-i586-cygwin\jdk8u25\1677\hotspot\src\share\vm\prims\jvm.cpp, line 1312]
Event: 10.720 Thread 0x16663000 Exception <a 'java/security/PrivilegedActionException'> (0x03cd3f18) thrown at [C:\re\workspace\8-2-build-windows-i586-cygwin\jdk8u25\1677\hotspot\src\share\vm\prims\jvm.cpp, line 1312]
Event: 18.378 Thread 0x16662400 Exception <a 'java/security/PrivilegedActionException'> (0x042a7d78) thrown at [C:\re\workspace\8-2-build-windows-i586-cygwin\jdk8u25\1677\hotspot\src\share\vm\prims\jvm.cpp, line 1312]
Event: 18.388 Thread 0x16662400 Exception <a 'java/security/PrivilegedActionException'> (0x042c1d78) thrown at [C:\re\workspace\8-2-build-windows-i586-cygwin\jdk8u25\1677\hotspot\src\share\vm\prims\jvm.cpp, line 1312]
Event: 18.394 Thread 0x16663000 Exception <a 'java/security/PrivilegedActionException'> (0x04228b70) thrown at [C:\re\workspace\8-2-build-windows-i586-cygwin\jdk8u25\1677\hotspot\src\share\vm\prims\jvm.cpp, line 1312]

Events (10 events):
Event: 21.838 Thread 0x1665fc00 Thread added: 0x1665fc00
Event: 21.839 Thread 0x1665fc00 Thread exited: 0x1665fc00
Event: 21.839 Thread 0x1665fc00 Thread added: 0x1665fc00
Event: 21.839 Thread 0x1665fc00 Thread exited: 0x1665fc00
Event: 21.839 Thread 0x1665fc00 Thread added: 0x1665fc00
Event: 21.840 Thread 0x1665fc00 Thread exited: 0x1665fc00
Event: 21.845 Executing VM operation: RevokeBias
Event: 21.845 Executing VM operation: RevokeBias done
Event: 21.847 Executing VM operation: RevokeBias
Event: 21.847 Executing VM operation: RevokeBias done


Dynamic libraries:
0x01290000 - 0x012c0000 	C:\Program Files\Java\jdk1.8.0_25\bin\java.exe
0x77ae0000 - 0x77c1c000 	C:\Windows\SYSTEM32\ntdll.dll
0x76060000 - 0x76134000 	C:\Windows\system32\kernel32.dll
0x75eb0000 - 0x75efa000 	C:\Windows\system32\KERNELBASE.dll
0x75f30000 - 0x75fd0000 	C:\Windows\system32\ADVAPI32.dll
0x77a30000 - 0x77adc000 	C:\Windows\system32\msvcrt.dll
0x77c30000 - 0x77c49000 	C:\Windows\SYSTEM32\sechost.dll
0x76430000 - 0x764d1000 	C:\Windows\system32\RPCRT4.dll
0x77420000 - 0x774e9000 	C:\Windows\system32\USER32.dll
0x76680000 - 0x766ce000 	C:\Windows\system32\GDI32.dll
0x77c50000 - 0x77c5a000 	C:\Windows\system32\LPK.dll
0x76250000 - 0x762ed000 	C:\Windows\system32\USP10.dll
0x74bc0000 - 0x74d5e000 	C:\Windows\WinSxS\x86_microsoft.windows.common-controls_6595b64144ccf1df_6.0.7601.17514_none_41e6975e2bd6f2b2\COMCTL32.dll
0x77cb0000 - 0x77d07000 	C:\Windows\system32\SHLWAPI.dll
0x766d0000 - 0x766ef000 	C:\Windows\system32\IMM32.DLL
0x77350000 - 0x7741c000 	C:\Windows\system32\MSCTF.dll
0x6c820000 - 0x6c8df000 	C:\Program Files\Java\jdk1.8.0_25\jre\bin\msvcr100.dll
0x678b0000 - 0x67c54000 	C:\Program Files\Java\jdk1.8.0_25\jre\bin\client\jvm.dll
0x71810000 - 0x71817000 	C:\Windows\system32\WSOCK32.dll
0x77c70000 - 0x77ca5000 	C:\Windows\system32\WS2_32.dll
0x766f0000 - 0x766f6000 	C:\Windows\system32\NSI.dll
0x72440000 - 0x72472000 	C:\Windows\system32\WINMM.dll
0x77c20000 - 0x77c25000 	C:\Windows\system32\PSAPI.DLL
0x75050000 - 0x7505c000 	C:\Program Files\Java\jdk1.8.0_25\jre\bin\verify.dll
0x6fc00000 - 0x6fc21000 	C:\Program Files\Java\jdk1.8.0_25\jre\bin\java.dll
0x70510000 - 0x70523000 	C:\Program Files\Java\jdk1.8.0_25\jre\bin\zip.dll
0x76700000 - 0x7734a000 	C:\Windows\system32\SHELL32.dll
0x778d0000 - 0x77a2c000 	C:\Windows\system32\ole32.dll
0x75c00000 - 0x75c0b000 	C:\Windows\system32\profapi.dll
0x68a60000 - 0x68ba6000 	C:\Program Files\Java\jdk1.8.0_25\jre\bin\awt.dll
0x75fd0000 - 0x7605f000 	C:\Windows\system32\OLEAUT32.dll
0x74960000 - 0x749a0000 	C:\Windows\system32\uxtheme.dll
0x74540000 - 0x74553000 	C:\Windows\system32\dwmapi.dll
0x75b80000 - 0x75b8c000 	C:\Windows\system32\CRYPTBASE.dll
0x6fad0000 - 0x6fb08000 	C:\Program Files\Java\jdk1.8.0_25\jre\bin\fontmanager.dll
0x65b40000 - 0x65d03000 	C:\Windows\system32\d3d9.dll
0x75130000 - 0x75139000 	C:\Windows\system32\VERSION.dll
0x70bd0000 - 0x70bd6000 	C:\Windows\system32\d3d8thk.dll
0x74620000 - 0x7465a000 	C:\Windows\system32\vm3dum.dll
0x70b80000 - 0x70ba5000 	C:\Program Files\Java\jdk1.8.0_25\jre\bin\jpeg.dll
0x70bb0000 - 0x70bc5000 	C:\Program Files\Java\jdk1.8.0_25\jre\bin\net.dll
0x75670000 - 0x756ac000 	C:\Windows\system32\mswsock.dll
0x75660000 - 0x75666000 	C:\Windows\System32\wship6.dll
0x70d40000 - 0x70d4f000 	C:\Program Files\Java\jdk1.8.0_25\jre\bin\nio.dll
0x6d070000 - 0x6d0a0000 	C:\Program Files\Java\jdk1.8.0_25\jre\bin\t2k.dll
0x6bf90000 - 0x6c006000 	C:\Windows\system32\RICHED20.DLL
0x756b0000 - 0x756c6000 	C:\Windows\system32\CRYPTSP.dll
0x75450000 - 0x7548b000 	C:\Windows\system32\rsaenh.dll
0x75290000 - 0x752a7000 	C:\Windows\system32\USERENV.dll
0x741d0000 - 0x741ec000 	C:\Windows\system32\IPHLPAPI.DLL
0x74170000 - 0x74177000 	C:\Windows\system32\WINNSI.DLL
0x74020000 - 0x7402d000 	C:\Windows\system32\dhcpcsvc6.DLL
0x73fa0000 - 0x73fb2000 	C:\Windows\system32\dhcpcsvc.DLL
0x6d050000 - 0x6d070000 	C:\Program Files\Java\jdk1.8.0_25\jre\bin\sunec.dll
0x74950000 - 0x74960000 	C:\Windows\system32\NLAapi.dll
0x717e0000 - 0x717f0000 	C:\Windows\system32\napinsp.dll
0x717c0000 - 0x717d2000 	C:\Windows\system32\pnrpnsp.dll
0x75530000 - 0x75574000 	C:\Windows\system32\DNSAPI.dll
0x71710000 - 0x71718000 	C:\Windows\System32\winrnr.dll
0x71700000 - 0x7170d000 	C:\Windows\system32\wshbth.dll
0x751c0000 - 0x751c5000 	C:\Windows\System32\wshtcpip.dll
0x72830000 - 0x72836000 	C:\Windows\system32\rasadhlp.dll
0x740f0000 - 0x74128000 	C:\Windows\System32\fwpuclnt.dll
0x72b00000 - 0x72b84000 	C:\Windows\WinSxS\x86_microsoft.windows.common-controls_6595b64144ccf1df_5.82.7601.17514_none_ec83dffa859149af\comctl32.dll
0x76140000 - 0x761c3000 	C:\Windows\system32\CLBCatQ.DLL
0x749a0000 - 0x74a95000 	C:\Windows\system32\propsys.dll
0x74860000 - 0x74881000 	C:\Windows\system32\ntmarta.dll
0x774f0000 - 0x77535000 	C:\Windows\system32\WLDAP32.dll
0x75b30000 - 0x75b7c000 	C:\Windows\system32\apphelp.dll
0x72b90000 - 0x72d28000 	C:\Windows\system32\NetworkExplorer.dll
0x74220000 - 0x7424e000 	C:\Windows\System32\shdocvw.dll
0x74450000 - 0x7445a000 	C:\Windows\system32\slc.dll
0x71550000 - 0x71562000 	C:\Windows\system32\MPR.dll
0x74b20000 - 0x74b2e000 	C:\Windows\System32\vmhgfs.dll
0x73250000 - 0x73258000 	C:\Windows\System32\drprov.dll
0x75c10000 - 0x75c39000 	C:\Windows\System32\WINSTA.dll
0x70cf0000 - 0x70d04000 	C:\Windows\System32\ntlanman.dll
0x70be0000 - 0x70bf7000 	C:\Windows\System32\davclnt.dll
0x73240000 - 0x73248000 	C:\Windows\System32\DAVHLPR.dll
0x764e0000 - 0x7667d000 	C:\Windows\system32\SETUPAPI.dll
0x75cb0000 - 0x75cd7000 	C:\Windows\system32\CFGMGR32.dll
0x75e90000 - 0x75ea2000 	C:\Windows\system32\DEVOBJ.dll
0x74090000 - 0x7409f000 	C:\Windows\system32\wkscli.dll
0x71640000 - 0x7164b000 	C:\Windows\system32\cscapi.dll
0x740a0000 - 0x740a9000 	C:\Windows\system32\netutils.dll
0x64700000 - 0x64938000 	C:\Windows\system32\wpdshext.dll
0x73720000 - 0x738b0000 	C:\Windows\WinSxS\x86_microsoft.windows.gdiplus_6595b64144ccf1df_1.1.7601.17514_none_72d18a4386696c80\gdiplus.dll
0x708b0000 - 0x70939000 	C:\Windows\system32\PortableDeviceApi.dll
0x75f00000 - 0x75f2d000 	C:\Windows\system32\WINTRUST.dll
0x75ce0000 - 0x75dfd000 	C:\Windows\system32\CRYPT32.dll
0x75ca0000 - 0x75cac000 	C:\Windows\system32\MSASN1.dll
0x6cc60000 - 0x6cc9f000 	C:\Windows\system32\audiodev.dll
0x64490000 - 0x646f7000 	C:\Windows\system32\WMVCore.DLL
0x6c950000 - 0x6c98d000 	C:\Windows\system32\WMASF.DLL
0x736e0000 - 0x73711000 	C:\Windows\system32\EhStorShell.dll
0x6ca30000 - 0x6ca52000 	C:\Windows\system32\EhStorAPI.dll
0x74600000 - 0x74609000 	C:\Windows\system32\LINKINFO.dll
0x74320000 - 0x7441b000 	C:\Windows\system32\WindowsCodecs.dll
0x73670000 - 0x736e0000 	C:\Windows\system32\ntshrui.dll
0x75850000 - 0x75869000 	C:\Windows\system32\srvcli.dll
0x6cf60000 - 0x6cf84000 	C:\Program Files\Java\jdk1.8.0_25\jre\bin\dcpr.dll
0x6fbd0000 - 0x6fbf5000 	C:\Program Files\Java\jdk1.8.0_25\jre\bin\prism_d3d.dll
0x6c910000 - 0x6c946000 	C:\Program Files\Java\jdk1.8.0_25\jre\bin\glass.dll
0x761d0000 - 0x7624b000 	C:\Windows\system32\COMDLG32.dll
0x703b0000 - 0x703c1000 	C:\Program Files\Java\jdk1.8.0_25\jre\bin\javafx_font.dll
0x685c0000 - 0x686ca000 	C:\Windows\system32\dwrite.dll
0x73260000 - 0x7326e000 	C:\Program Files\Java\jdk1.8.0_25\jre\bin\prism_common.dll
0x17950000 - 0x1798d000 	C:\Users\Administrator\AppData\Local\Temp\jna-Administrator\jna2153110351804526452.dll
0x6ca90000 - 0x6cab4000 	C:\Users\Administrator\Documents\ArkPlayer\lib\VLC\libvlc.dll
0x68160000 - 0x683b1000 	C:\Users\Administrator\Documents\ArkPlayer\lib\VLC\libvlccore.dll
0x68bb0000 - 0x68bf8000 	C:\Users\Administrator\Documents\ArkPlayer\lib\VLC\plugins\access\libdshow_plugin.dll
0x70500000 - 0x7050f000 	C:\Users\Administrator\Documents\ArkPlayer\lib\VLC\plugins\audio_output\libdirectsound_plugin.dll
0x70580000 - 0x70590000 	C:\Users\Administrator\Documents\ArkPlayer\lib\VLC\plugins\audio_output\libwaveout_plugin.dll
0x6cf40000 - 0x6cf59000 	C:\Users\Administrator\Documents\ArkPlayer\lib\VLC\plugins\video_output\libdirectdraw_plugin.dll
0x703a0000 - 0x703a6000 	C:\Program Files\Java\jdk1.8.0_25\jre\bin\jawt.dll
0x63720000 - 0x6391c000 	C:\Users\Administrator\Documents\ArkPlayer\lib\VLC\plugins\access\liblibbluray_plugin.dll
0x6ca70000 - 0x6ca90000 	C:\Users\Administrator\Documents\ArkPlayer\lib\VLC\plugins\access\libaccess_bd_plugin.dll
0x6c7a0000 - 0x6c7e4000 	C:\Users\Administrator\Documents\ArkPlayer\lib\VLC\plugins\access\libdvdnav_plugin.dll
0x6ca10000 - 0x6ca2b000 	C:\Users\Administrator\Documents\ArkPlayer\lib\VLC\plugins\access\libaccess_vdr_plugin.dll
0x68140000 - 0x68154000 	C:\Users\Administrator\Documents\ArkPlayer\lib\VLC\plugins\access\libfilesystem_plugin.dll
0x68120000 - 0x68137000 	C:\Users\Administrator\Documents\ArkPlayer\lib\VLC\plugins\stream_filter\libsmooth_plugin.dll
0x67e40000 - 0x67ecb000 	C:\Users\Administrator\Documents\ArkPlayer\lib\VLC\plugins\stream_filter\libhttplive_plugin.dll
0x67d80000 - 0x67e36000 	C:\Users\Administrator\Documents\ArkPlayer\lib\VLC\plugins\stream_filter\libdash_plugin.dll
0x680f0000 - 0x68114000 	C:\Users\Administrator\Documents\ArkPlayer\lib\VLC\plugins\access\libzip_plugin.dll
0x680d0000 - 0x680e2000 	C:\Users\Administrator\Documents\ArkPlayer\lib\VLC\plugins\access\libstream_filter_rar_plugin.dll
0x70340000 - 0x7034c000 	C:\Users\Administrator\Documents\ArkPlayer\lib\VLC\plugins\stream_filter\librecord_plugin.dll
0x67d50000 - 0x67d77000 	C:\Users\Administrator\Documents\ArkPlayer\lib\VLC\plugins\demux\libplaylist_plugin.dll
0x635a0000 - 0x6371a000 	C:\Users\Administrator\Documents\ArkPlayer\lib\VLC\plugins\meta_engine\libtaglib_plugin.dll

VM Arguments:
jvm_args: -Dfile.encoding=UTF-8 
java_command: com.ip2s.mediaplayer.Login
java_class_path (initial): C:\Program Files\NetBeans 8.0.1\java\modules\ext\eclipselink\eclipselink.jar;C:\Program Files\NetBeans 8.0.1\java\modules\ext\eclipselink\javax.persistence_2.1.0.v201304241213.jar;C:\Program Files\NetBeans 8.0.1\java\modules\ext\eclipselink\org.eclipse.persistence.jpa.jpql_2.5.2.v20140319-9ad6abd.jar;C:\Program Files\NetBeans 8.0.1\platform\modules\ext\swing-layout-1.0.4.jar;C:\Users\Administrator\Documents\IP2SMediaPlayer\lib\jdatepicker-1.3.2.jar;C:\Users\Administrator\Documents\IP2SMediaPlayer\lib\jcifs-1.1.11.jar;C:\Users\Administrator\Documents\IP2SMediaPlayer\lib\sqljdbc4.jar;C:\Program Files\Java\jdk1.8.0_25\jre\lib\javaws.jar;C:\Program Files\Java\jdk1.8.0_25\jre\lib\deploy.jar;C:\Program Files\Java\jdk1.8.0_25\jre\lib\plugin.jar;C:\Users\Administrator\Documents\IP2SMediaPlayer\lib\IP2SRSA.jar;C:\Program Files\NetBeans 8.0.1\java\modules\ext\AbsoluteLayout.jar;C:\Users\Administrator\Documents\IP2SMediaPlayer\lib\DateChooser.jar;C:\Users\Administrator\Documents\ArkPlayer\lib\jna-3.5.2.jar;C:\Users\Administrator\Documents\ArkPlayer\lib\platform-3.5.2.jar;C:\Users\Administrator\Documents\ArkPlayer\lib\vlcj-3.0.1.jar;C:\Users\Administrator\Documents\IP2SMediaPlayer\build\classes
Launcher Type: SUN_STANDARD

Environment Variables:
PATH=C:\ProgramData\Oracle\Java\javapath;C:\Windows\system32;C:\Windows;C:\Windows\System32\Wbem;C:\Windows\System32\WindowsPowerShell\v1.0\;C:\Program Files\Inno Setup 5\;C:\Program Files\WiX Toolset v3.7\bin
USERNAME=Administrator
OS=Windows_NT
PROCESSOR_IDENTIFIER=x86 Family 6 Model 69 Stepping 1, GenuineIntel



---------------  S Y S T E M  ---------------

OS: Windows 7 Build 7601 Service Pack 1

CPU:total 1 (1 cores per cpu, 1 threads per core) family 6 model 69 stepping 1, cmov, cx8, fxsr, mmx, sse, sse2, sse3, ssse3, sse4.1, sse4.2, popcnt, avx, aes, clmul, erms, tsc, tscinvbit

Memory: 4k page, physical 1048056k(302432k free), swap 2096632k(923264k free)

vm_info: Java HotSpot(TM) Client VM (25.25-b02) for windows-x86 JRE (1.8.0_25-b18), built on Oct  7 2014 14:31:05 by "java_re" with MS VC++ 10.0 (VS2010)

time: Mon Jan 26 16:58:08 2015
elapsed time: 22 seconds (0d 0h 0m 22s)

