#
# A fatal error has been detected by the Java Runtime Environment:
#
#  EXCEPTION_ACCESS_VIOLATION (0xc0000005) at pc=0x77182239, pid=3388, tid=4060
#
# JRE version: Java(TM) SE Runtime Environment (8.0_25-b18) (build 1.8.0_25-b18)
# Java VM: Java HotSpot(TM) Client VM (25.25-b02 mixed mode, sharing windows-x86 )
# Problematic frame:
# C  [ntdll.dll+0x32239]
#
# Failed to write core dump. Minidumps are not enabled by default on client versions of Windows
#
# If you would like to submit a bug report, please visit:
#   http://bugreport.sun.com/bugreport/crash.jsp
# The crash happened outside the Java Virtual Machine in native code.
# See problematic frame for where to report the bug.
#

---------------  T H R E A D  ---------------

Current thread (0x1673fc00):  JavaThread "Thread-9" [_thread_in_native, id=4060, stack(0x1a8f0000,0x1a940000)]

siginfo: ExceptionCode=0xc0000005, writing address 0x00000014

Registers:
EAX=0x00000000, EBX=0xfffffffc, ECX=0x00000000, EDX=0x00000004
ESP=0x1a93e9a0, EBP=0x1a93e9f0, ESI=0x1a577134, EDI=0x1a577138
EIP=0x77182239, EFLAGS=0x00010213

Top of Stack: (sp=0x1a93e9a0)
0x1a93e9a0:   1a577134 1a577138 1a577134 00000000
0x1a93e9b0:   1492ec18 00000000 1a93e9c4 1a93e9f4
0x1a93e9c0:   01b44094 00000001 092d0340 0000001c
0x1a93e9d0:   03fc98d0 1a93e9d4 13d84fe4 00000000
0x1a93e9e0:   00000000 00000000 7ffab000 00000668
0x1a93e9f0:   1a93ea18 77182148 00000000 00000000
0x1a93ea00:   1a577134 1a577130 1a577174 00000004
0x1a93ea10:   00000000 00000001 1a93ea38 67b36653 

Instructions: (pc=0x77182239)
0x77182219:   c2 8b d8 8b c1 f0 0f b1 1f 3b c1 0f 85 20 da ff
0x77182229:   ff 33 c0 89 45 0c 89 45 08 8b 06 83 f8 ff 74 03
0x77182239:   ff 40 14 8b 5d f4 8b 7d f0 80 3d 82 03 fe 7f 00
0x77182249:   0f 85 c9 fb 04 00 8b 45 fc 57 6a 00 83 f8 ff 0f 


Register to memory mapping:

EAX=0x00000000 is an unknown value
EBX=0xfffffffc is an unknown value
ECX=0x00000000 is an unknown value
EDX=0x00000004 is an unknown value
ESP=0x1a93e9a0 is pointing into the stack for thread: 0x1673fc00
EBP=0x1a93e9f0 is pointing into the stack for thread: 0x1673fc00
ESI=0x1a577134 is an unknown value
EDI=0x1a577138 is an unknown value


Stack: [0x1a8f0000,0x1a940000],  sp=0x1a93e9a0,  free space=314k
Native frames: (J=compiled Java code, j=interpreted, Vv=VM code, C=native code)
C  [ntdll.dll+0x32239]
C  [ntdll.dll+0x32148]
C  [libvlccore.dll+0x86653]
C  [libvlccore.dll+0x7d12d]
C  0x1a93eac4

Java frames: (J=compiled Java code, j=interpreted, Vv=VM code)
j  com.sun.jna.Native.invokeInt(JI[Ljava/lang/Object;)I+0
j  com.sun.jna.Function.invoke([Ljava/lang/Object;Ljava/lang/Class;Z)Ljava/lang/Object;+333
j  com.sun.jna.Function.invoke(Ljava/lang/Class;[Ljava/lang/Object;Ljava/util/Map;)Ljava/lang/Object;+214
j  com.sun.jna.Library$Handler.invoke(Ljava/lang/Object;Ljava/lang/reflect/Method;[Ljava/lang/Object;)Ljava/lang/Object;+341
j  com.sun.proxy.$Proxy0.libvlc_media_player_set_rate(Luk/co/caprica/vlcj/binding/internal/libvlc_media_player_t;F)I+23
j  uk.co.caprica.vlcj.player.DefaultMediaPlayer.setRate(F)I+25
j  com.ip2s.mediaplayer.IP2sMediaPlayer.play(Ljava/lang/String;Ljava/lang/String;FLjava/lang/String;)V+72
j  com.ip2s.mediaplayer.FrmMediaPlayer.playMedia()V+202
j  com.ip2s.mediaplayer.FrmMediaPlayer.access$2400(Lcom/ip2s/mediaplayer/FrmMediaPlayer;)V+1
j  com.ip2s.mediaplayer.FrmMediaPlayer$20.run()V+28
v  ~StubRoutines::call_stub

---------------  P R O C E S S  ---------------

Java Threads: ( => current thread )
=>0x1673fc00 JavaThread "Thread-9" [_thread_in_native, id=4060, stack(0x1a8f0000,0x1a940000)]
  0x16742000 JavaThread "Thread-7" daemon [_thread_in_native, id=3632, stack(0x18ed0000,0x18f20000)]
  0x16741c00 JavaThread "JavaFX Application Thread" [_thread_in_native, id=1068, stack(0x17f40000,0x17f90000)]
  0x16741400 JavaThread "Thread-6" daemon [_thread_blocked, id=3588, stack(0x188e0000,0x18930000)]
  0x16741000 JavaThread "QuantumRenderer-0" daemon [_thread_blocked, id=2760, stack(0x18810000,0x18860000)]
  0x16740400 JavaThread "Image Animator 3" daemon [_thread_blocked, id=1788, stack(0x17fd0000,0x18020000)]
  0x1673c000 JavaThread "TimerQueue" daemon [_thread_blocked, id=3704, stack(0x17ef0000,0x17f40000)]
  0x166c7c00 JavaThread "Swing-Shell" daemon [_thread_blocked, id=3056, stack(0x17a80000,0x17ad0000)]
  0x165b3400 JavaThread "D3D Screen Updater" daemon [_thread_blocked, id=1036, stack(0x169f0000,0x16a40000)]
  0x00744800 JavaThread "DestroyJavaVM" [_thread_blocked, id=3040, stack(0x006c0000,0x00710000)]
  0x1502a400 JavaThread "AWT-EventQueue-0" [_thread_blocked, id=1292, stack(0x15200000,0x15250000)]
  0x15014800 JavaThread "AWT-Windows" daemon [_thread_in_native, id=3532, stack(0x008d0000,0x00920000)]
  0x15013400 JavaThread "AWT-Shutdown" [_thread_blocked, id=3656, stack(0x15260000,0x152b0000)]
  0x15010c00 JavaThread "Java2D Disposer" daemon [_thread_blocked, id=3748, stack(0x00660000,0x006b0000)]
  0x0079c000 JavaThread "Service Thread" daemon [_thread_blocked, id=4076, stack(0x14e20000,0x14e70000)]
  0x00785400 JavaThread "C1 CompilerThread0" daemon [_thread_blocked, id=2196, stack(0x03ba0000,0x03bf0000)]
  0x00784400 JavaThread "Attach Listener" daemon [_thread_blocked, id=2428, stack(0x14d30000,0x14d80000)]
  0x00780c00 JavaThread "Signal Dispatcher" daemon [_thread_blocked, id=3444, stack(0x14790000,0x147e0000)]
  0x0076d400 JavaThread "Finalizer" daemon [_thread_blocked, id=324, stack(0x146e0000,0x14730000)]
  0x0076b800 JavaThread "Reference Handler" daemon [_thread_blocked, id=3264, stack(0x00870000,0x008c0000)]

Other Threads:
  0x00769400 VMThread [stack: 0x14660000,0x146b0000] [id=1160]
  0x007b5000 WatcherThread [stack: 0x14e90000,0x14ee0000] [id=1716]

VM state:not at safepoint (normal execution)

VM Mutex/Monitor currently owned by a thread: None

Heap:
 def new generation   total 4928K, used 4318K [0x03c00000, 0x04150000, 0x09150000)
  eden space 4416K,  92% used [0x03c00000, 0x03ffdef8, 0x04050000)
  from space 512K,  45% used [0x04050000, 0x04089c60, 0x040d0000)
  to   space 512K,   0% used [0x040d0000, 0x040d0000, 0x04150000)
 tenured generation   total 12996K, used 12338K [0x09150000, 0x09e01000, 0x13c00000)
   the space 12996K,  94% used [0x09150000, 0x09d5cab0, 0x09d5cc00, 0x09e01000)
 Metaspace       used 10423K, capacity 10865K, committed 10880K, reserved 11648K

Card table byte_map: [0x005c0000,0x00650000] byte_map_base: 0x005a2000

Polling page: 0x00260000

CodeCache: size=32768Kb used=3074Kb max_used=3074Kb free=29693Kb
 bounds [0x01b40000, 0x01e48000, 0x03b40000]
 total_blobs=2087 nmethods=1662 adapters=355
 compilation: enabled

Compilation events (10 events):
Event: 13.363 Thread 0x00785400 1671             com.sun.crypto.provider.AESCipher::engineUpdate (15 bytes)
Event: 13.363 Thread 0x00785400 nmethod 1671 0x01e3cac8 code [0x01e3cbd0, 0x01e3cc8c]
Event: 13.363 Thread 0x00785400 1672             java.io.DataInputStream::read (12 bytes)
Event: 13.363 Thread 0x00785400 nmethod 1672 0x01e3cd48 code [0x01e3ce50, 0x01e3cefc]
Event: 13.363 Thread 0x00785400 1673             javax.crypto.Cipher::update (58 bytes)
Event: 13.364 Thread 0x00785400 nmethod 1673 0x01e3cf88 code [0x01e3d0b0, 0x01e3d258]
Event: 13.387 Thread 0x00785400 1674   !         sun.java2d.pipe.AAShapePipe::renderTiles (349 bytes)
Event: 13.389 Thread 0x00785400 nmethod 1674 0x01e3d388 code [0x01e3d5f0, 0x01e3e6b0]
Event: 13.398 Thread 0x00785400 1675             java.awt.MultipleGradientPaintContext::calculateLookupData (318 bytes)
Event: 13.399 Thread 0x00785400 nmethod 1675 0x01e3fbc8 code [0x01e3fd70, 0x01e403f4]

GC Heap History (10 events):
Event: 6.367 GC heap before
{Heap before GC invocations=9 (full 0):
 def new generation   total 4928K, used 4925K [0x03c00000, 0x04150000, 0x09150000)
  eden space 4416K,  99% used [0x03c00000, 0x0404f5e0, 0x04050000)
  from space 512K, 100% used [0x040d0000, 0x04150000, 0x04150000)
  to   space 512K,   0% used [0x04050000, 0x04050000, 0x040d0000)
 tenured generation   total 10944K, used 8596K [0x09150000, 0x09c00000, 0x13c00000)
   the space 10944K,  78% used [0x09150000, 0x099b5308, 0x099b5400, 0x09c00000)
 Metaspace       used 8975K, capacity 9368K, committed 9472K, reserved 9600K
Event: 6.372 GC heap after
Heap after GC invocations=10 (full 0):
 def new generation   total 4928K, used 401K [0x03c00000, 0x04150000, 0x09150000)
  eden space 4416K,   0% used [0x03c00000, 0x03c00000, 0x04050000)
  from space 512K,  78% used [0x04050000, 0x040b44b8, 0x040d0000)
  to   space 512K,   0% used [0x040d0000, 0x040d0000, 0x04150000)
 tenured generation   total 10944K, used 9063K [0x09150000, 0x09c00000, 0x13c00000)
   the space 10944K,  82% used [0x09150000, 0x09a29db8, 0x09a29e00, 0x09c00000)
 Metaspace       used 8975K, capacity 9368K, committed 9472K, reserved 9600K
}
Event: 6.569 GC heap before
{Heap before GC invocations=10 (full 0):
 def new generation   total 4928K, used 4826K [0x03c00000, 0x04150000, 0x09150000)
  eden space 4416K, 100% used [0x03c00000, 0x04050000, 0x04050000)
  from space 512K,  80% used [0x04050000, 0x040b6b90, 0x040d0000)
  to   space 512K,   0% used [0x040d0000, 0x040d0000, 0x04150000)
 tenured generation   total 10944K, used 9063K [0x09150000, 0x09c00000, 0x13c00000)
   the space 10944K,  82% used [0x09150000, 0x09a29db8, 0x09a29e00, 0x09c00000)
 Metaspace       used 9513K, capacity 9922K, committed 9984K, reserved 10624K
Event: 6.575 GC heap after
Heap after GC invocations=11 (full 0):
 def new generation   total 4928K, used 320K [0x03c00000, 0x04150000, 0x09150000)
  eden space 4416K,   0% used [0x03c00000, 0x03c00000, 0x04050000)
  from space 512K,  62% used [0x040d0000, 0x04120090, 0x04150000)
  to   space 512K,   0% used [0x04050000, 0x04050000, 0x040d0000)
 tenured generation   total 12996K, used 11445K [0x09150000, 0x09e01000, 0x13c00000)
   the space 12996K,  88% used [0x09150000, 0x09c7d5f0, 0x09c7d600, 0x09e01000)
 Metaspace       used 9513K, capacity 9922K, committed 9984K, reserved 10624K
}
Event: 6.808 GC heap before
{Heap before GC invocations=11 (full 0):
 def new generation   total 4928K, used 4736K [0x03c00000, 0x04150000, 0x09150000)
  eden space 4416K, 100% used [0x03c00000, 0x04050000, 0x04050000)
  from space 512K,  62% used [0x040d0000, 0x04120090, 0x04150000)
  to   space 512K,   0% used [0x04050000, 0x04050000, 0x040d0000)
 tenured generation   total 12996K, used 11445K [0x09150000, 0x09e01000, 0x13c00000)
   the space 12996K,  88% used [0x09150000, 0x09c7d5f0, 0x09c7d600, 0x09e01000)
 Metaspace       used 9946K, capacity 10373K, committed 10496K, reserved 10624K
Event: 6.812 GC heap after
Heap after GC invocations=12 (full 0):
 def new generation   total 4928K, used 511K [0x03c00000, 0x04150000, 0x09150000)
  eden space 4416K,   0% used [0x03c00000, 0x03c00000, 0x04050000)
  from space 512K,  99% used [0x04050000, 0x040cff58, 0x040d0000)
  to   space 512K,   0% used [0x040d0000, 0x040d0000, 0x04150000)
 tenured generation   total 12996K, used 11675K [0x09150000, 0x09e01000, 0x13c00000)
   the space 12996K,  89% used [0x09150000, 0x09cb6ff0, 0x09cb7000, 0x09e01000)
 Metaspace       used 9946K, capacity 10373K, committed 10496K, reserved 10624K
}
Event: 10.675 GC heap before
{Heap before GC invocations=12 (full 0):
 def new generation   total 4928K, used 4927K [0x03c00000, 0x04150000, 0x09150000)
  eden space 4416K, 100% used [0x03c00000, 0x04050000, 0x04050000)
  from space 512K,  99% used [0x04050000, 0x040cff58, 0x040d0000)
  to   space 512K,   0% used [0x040d0000, 0x040d0000, 0x04150000)
 tenured generation   total 12996K, used 11675K [0x09150000, 0x09e01000, 0x13c00000)
   the space 12996K,  89% used [0x09150000, 0x09cb6ff0, 0x09cb7000, 0x09e01000)
 Metaspace       used 10358K, capacity 10799K, committed 10880K, reserved 11648K
Event: 10.680 GC heap after
Heap after GC invocations=13 (full 0):
 def new generation   total 4928K, used 512K [0x03c00000, 0x04150000, 0x09150000)
  eden space 4416K,   0% used [0x03c00000, 0x03c00000, 0x04050000)
  from space 512K, 100% used [0x040d0000, 0x04150000, 0x04150000)
  to   space 512K,   0% used [0x04050000, 0x04050000, 0x040d0000)
 tenured generation   total 12996K, used 11957K [0x09150000, 0x09e01000, 0x13c00000)
   the space 12996K,  92% used [0x09150000, 0x09cfd7f8, 0x09cfd800, 0x09e01000)
 Metaspace       used 10358K, capacity 10799K, committed 10880K, reserved 11648K
}
Event: 11.129 GC heap before
{Heap before GC invocations=13 (full 0):
 def new generation   total 4928K, used 4928K [0x03c00000, 0x04150000, 0x09150000)
  eden space 4416K, 100% used [0x03c00000, 0x04050000, 0x04050000)
  from space 512K, 100% used [0x040d0000, 0x04150000, 0x04150000)
  to   space 512K,   0% used [0x04050000, 0x04050000, 0x040d0000)
 tenured generation   total 12996K, used 11957K [0x09150000, 0x09e01000, 0x13c00000)
   the space 12996K,  92% used [0x09150000, 0x09cfd7f8, 0x09cfd800, 0x09e01000)
 Metaspace       used 10365K, capacity 10799K, committed 10880K, reserved 11648K
Event: 11.134 GC heap after
Heap after GC invocations=14 (full 0):
 def new generation   total 4928K, used 231K [0x03c00000, 0x04150000, 0x09150000)
  eden space 4416K,   0% used [0x03c00000, 0x03c00000, 0x04050000)
  from space 512K,  45% used [0x04050000, 0x04089c60, 0x040d0000)
  to   space 512K,   0% used [0x040d0000, 0x040d0000, 0x04150000)
 tenured generation   total 12996K, used 12338K [0x09150000, 0x09e01000, 0x13c00000)
   the space 12996K,  94% used [0x09150000, 0x09d5cab0, 0x09d5cc00, 0x09e01000)
 Metaspace       used 10365K, capacity 10799K, committed 10880K, reserved 11648K
}

Deoptimization events (0 events):
No events

Internal exceptions (10 events):
Event: 6.830 Thread 0x1502a400 Exception <a 'java/security/PrivilegedActionException'> (0x03c9b6e0) thrown at [C:\re\workspace\8-2-build-windows-i586-cygwin\jdk8u25\1677\hotspot\src\share\vm\prims\jvm.cpp, line 1312]
Event: 6.830 Thread 0x1502a400 Exception <a 'java/security/PrivilegedActionException'> (0x03ca0d18) thrown at [C:\re\workspace\8-2-build-windows-i586-cygwin\jdk8u25\1677\hotspot\src\share\vm\prims\jvm.cpp, line 1312]
Event: 6.831 Thread 0x1502a400 Exception <a 'java/security/PrivilegedActionException'> (0x03ca61f0) thrown at [C:\re\workspace\8-2-build-windows-i586-cygwin\jdk8u25\1677\hotspot\src\share\vm\prims\jvm.cpp, line 1312]
Event: 6.831 Thread 0x1502a400 Exception <a 'java/security/PrivilegedActionException'> (0x03cac2e8) thrown at [C:\re\workspace\8-2-build-windows-i586-cygwin\jdk8u25\1677\hotspot\src\share\vm\prims\jvm.cpp, line 1312]
Event: 6.833 Thread 0x1502a400 Exception <a 'java/security/PrivilegedActionException'> (0x03cb1f28) thrown at [C:\re\workspace\8-2-build-windows-i586-cygwin\jdk8u25\1677\hotspot\src\share\vm\prims\jvm.cpp, line 1312]
Event: 6.833 Thread 0x1502a400 Exception <a 'java/security/PrivilegedActionException'> (0x03cb78e0) thrown at [C:\re\workspace\8-2-build-windows-i586-cygwin\jdk8u25\1677\hotspot\src\share\vm\prims\jvm.cpp, line 1312]
Event: 6.833 Thread 0x1502a400 Exception <a 'java/security/PrivilegedActionException'> (0x03cbcbf8) thrown at [C:\re\workspace\8-2-build-windows-i586-cygwin\jdk8u25\1677\hotspot\src\share\vm\prims\jvm.cpp, line 1312]
Event: 11.499 Thread 0x16742800 Exception <a 'java/security/PrivilegedActionException'> (0x03e22998) thrown at [C:\re\workspace\8-2-build-windows-i586-cygwin\jdk8u25\1677\hotspot\src\share\vm\prims\jvm.cpp, line 1312]
Event: 11.592 Thread 0x16740400 Exception <a 'java/lang/InterruptedException': sleep interrupted> (0x03eeb8b0) thrown at [C:\re\workspace\8-2-build-windows-i586-cygwin\jdk8u25\1677\hotspot\src\share\vm\prims\jvm.cpp, line 3093]
Event: 13.066 Thread 0x1673fc00 Exception <a 'java/security/PrivilegedActionException'> (0x03f3d498) thrown at [C:\re\workspace\8-2-build-windows-i586-cygwin\jdk8u25\1677\hotspot\src\share\vm\prims\jvm.cpp, line 1312]

Events (10 events):
Event: 13.137 loading class sun/security/rsa/RSACore$BlindingRandomPair
Event: 13.137 loading class sun/security/rsa/RSACore$BlindingRandomPair done
Event: 13.341 loading class com/sun/crypto/provider/ConstructKeys
Event: 13.341 loading class com/sun/crypto/provider/ConstructKeys done
Event: 13.401 loading class java/nio/HeapIntBuffer
Event: 13.402 loading class java/nio/HeapIntBuffer done
Event: 13.418 Executing VM operation: RevokeBias
Event: 13.420 Executing VM operation: RevokeBias done
Event: 13.427 Executing VM operation: RevokeBias
Event: 13.428 Executing VM operation: RevokeBias done


Dynamic libraries:
0x00930000 - 0x00960000 	C:\Program Files\Java\jdk1.8.0_25\bin\java.exe
0x77150000 - 0x7728c000 	C:\Windows\SYSTEM32\ntdll.dll
0x75920000 - 0x759f4000 	C:\Windows\system32\kernel32.dll
0x75320000 - 0x7536a000 	C:\Windows\system32\KERNELBASE.dll
0x76d60000 - 0x76e00000 	C:\Windows\system32\ADVAPI32.dll
0x76e00000 - 0x76eac000 	C:\Windows\system32\msvcrt.dll
0x75cc0000 - 0x75cd9000 	C:\Windows\SYSTEM32\sechost.dll
0x75b40000 - 0x75be1000 	C:\Windows\system32\RPCRT4.dll
0x75850000 - 0x75919000 	C:\Windows\system32\USER32.dll
0x772a0000 - 0x772ee000 	C:\Windows\system32\GDI32.dll
0x76c30000 - 0x76c3a000 	C:\Windows\system32\LPK.dll
0x75a20000 - 0x75abd000 	C:\Windows\system32\USP10.dll
0x74230000 - 0x743ce000 	C:\Windows\WinSxS\x86_microsoft.windows.common-controls_6595b64144ccf1df_6.0.7601.17514_none_41e6975e2bd6f2b2\COMCTL32.dll
0x77320000 - 0x77377000 	C:\Windows\system32\SHLWAPI.dll
0x75a00000 - 0x75a1f000 	C:\Windows\system32\IMM32.DLL
0x76c40000 - 0x76d0c000 	C:\Windows\system32\MSCTF.dll
0x6d4b0000 - 0x6d56f000 	C:\Program Files\Java\jdk1.8.0_25\jre\bin\msvcr100.dll
0x6ce10000 - 0x6d1b4000 	C:\Program Files\Java\jdk1.8.0_25\jre\bin\client\jvm.dll
0x70de0000 - 0x70de7000 	C:\Windows\system32\WSOCK32.dll
0x75bf0000 - 0x75c25000 	C:\Windows\system32\WS2_32.dll
0x77290000 - 0x77296000 	C:\Windows\system32\NSI.dll
0x716a0000 - 0x716d2000 	C:\Windows\system32\WINMM.dll
0x75840000 - 0x75845000 	C:\Windows\system32\PSAPI.DLL
0x6e4f0000 - 0x6e4fc000 	C:\Program Files\Java\jdk1.8.0_25\jre\bin\verify.dll
0x6d440000 - 0x6d461000 	C:\Program Files\Java\jdk1.8.0_25\jre\bin\java.dll
0x6d420000 - 0x6d433000 	C:\Program Files\Java\jdk1.8.0_25\jre\bin\zip.dll
0x75ee0000 - 0x76b2a000 	C:\Windows\system32\SHELL32.dll
0x76eb0000 - 0x7700c000 	C:\Windows\system32\ole32.dll
0x75270000 - 0x7527b000 	C:\Windows\system32\profapi.dll
0x6d2b0000 - 0x6d3f6000 	C:\Program Files\Java\jdk1.8.0_25\jre\bin\awt.dll
0x76b30000 - 0x76bbf000 	C:\Windows\system32\OLEAUT32.dll
0x73fb0000 - 0x73ff0000 	C:\Windows\system32\uxtheme.dll
0x73b00000 - 0x73b13000 	C:\Windows\system32\dwmapi.dll
0x751f0000 - 0x751fc000 	C:\Windows\system32\CRYPTBASE.dll
0x6d270000 - 0x6d2a8000 	C:\Program Files\Java\jdk1.8.0_25\jre\bin\fontmanager.dll
0x6b350000 - 0x6b513000 	C:\Windows\system32\d3d9.dll
0x747a0000 - 0x747a9000 	C:\Windows\system32\VERSION.dll
0x72070000 - 0x72076000 	C:\Windows\system32\d3d8thk.dll
0x72cc0000 - 0x72cfa000 	C:\Windows\system32\vm3dum.dll
0x72220000 - 0x72245000 	C:\Program Files\Java\jdk1.8.0_25\jre\bin\jpeg.dll
0x6d400000 - 0x6d415000 	C:\Program Files\Java\jdk1.8.0_25\jre\bin\net.dll
0x74cd0000 - 0x74d0c000 	C:\Windows\system32\mswsock.dll
0x74db0000 - 0x74db6000 	C:\Windows\System32\wship6.dll
0x6e4e0000 - 0x6e4ef000 	C:\Program Files\Java\jdk1.8.0_25\jre\bin\nio.dll
0x6d240000 - 0x6d270000 	C:\Program Files\Java\jdk1.8.0_25\jre\bin\t2k.dll
0x6b6f0000 - 0x6b766000 	C:\Windows\system32\RICHED20.DLL
0x74de0000 - 0x74df6000 	C:\Windows\system32\CRYPTSP.dll
0x74ac0000 - 0x74afb000 	C:\Windows\system32\rsaenh.dll
0x74940000 - 0x74957000 	C:\Windows\system32\USERENV.dll
0x73a70000 - 0x73a8c000 	C:\Windows\system32\IPHLPAPI.DLL
0x73a20000 - 0x73a27000 	C:\Windows\system32\WINNSI.DLL
0x73740000 - 0x7374d000 	C:\Windows\system32\dhcpcsvc6.DLL
0x73720000 - 0x73732000 	C:\Windows\system32\dhcpcsvc.DLL
0x70440000 - 0x70460000 	C:\Program Files\Java\jdk1.8.0_25\jre\bin\sunec.dll
0x73f90000 - 0x73fa0000 	C:\Windows\system32\NLAapi.dll
0x70d80000 - 0x70d90000 	C:\Windows\system32\napinsp.dll
0x70d60000 - 0x70d72000 	C:\Windows\system32\pnrpnsp.dll
0x74b30000 - 0x74b74000 	C:\Windows\system32\DNSAPI.dll
0x70cf0000 - 0x70cf8000 	C:\Windows\System32\winrnr.dll
0x70ca0000 - 0x70cad000 	C:\Windows\system32\wshbth.dll
0x74830000 - 0x74835000 	C:\Windows\System32\wshtcpip.dll
0x71d40000 - 0x71d46000 	C:\Windows\system32\rasadhlp.dll
0x737f0000 - 0x73828000 	C:\Windows\System32\fwpuclnt.dll
0x724a0000 - 0x72524000 	C:\Windows\WinSxS\x86_microsoft.windows.common-controls_6595b64144ccf1df_5.82.7601.17514_none_ec83dffa859149af\comctl32.dll
0x75c30000 - 0x75cb3000 	C:\Windows\system32\CLBCatQ.DLL
0x74010000 - 0x74105000 	C:\Windows\system32\propsys.dll
0x73c50000 - 0x73c71000 	C:\Windows\system32\ntmarta.dll
0x76d10000 - 0x76d55000 	C:\Windows\system32\WLDAP32.dll
0x751a0000 - 0x751ec000 	C:\Windows\system32\apphelp.dll
0x6b520000 - 0x6b6b8000 	C:\Windows\system32\NetworkExplorer.dll
0x736f0000 - 0x7371e000 	C:\Windows\System32\shdocvw.dll
0x73af0000 - 0x73afa000 	C:\Windows\system32\slc.dll
0x70c80000 - 0x70c92000 	C:\Windows\system32\MPR.dll
0x74600000 - 0x7460e000 	C:\Windows\System32\vmhgfs.dll
0x745f0000 - 0x745f8000 	C:\Windows\System32\drprov.dll
0x75280000 - 0x752a9000 	C:\Windows\System32\WINSTA.dll
0x74190000 - 0x741a4000 	C:\Windows\System32\ntlanman.dll
0x73ff0000 - 0x74007000 	C:\Windows\System32\davclnt.dll
0x745e0000 - 0x745e8000 	C:\Windows\System32\DAVHLPR.dll
0x756a0000 - 0x7583d000 	C:\Windows\system32\SETUPAPI.dll
0x75370000 - 0x75397000 	C:\Windows\system32\CFGMGR32.dll
0x75430000 - 0x75442000 	C:\Windows\system32\DEVOBJ.dll
0x735b0000 - 0x735bf000 	C:\Windows\system32\wkscli.dll
0x70710000 - 0x7071b000 	C:\Windows\system32\cscapi.dll
0x735d0000 - 0x735d9000 	C:\Windows\system32\netutils.dll
0x680d0000 - 0x68308000 	C:\Windows\system32\wpdshext.dll
0x72e10000 - 0x72fa0000 	C:\Windows\WinSxS\x86_microsoft.windows.gdiplus_6595b64144ccf1df_1.1.7601.17514_none_72d18a4386696c80\gdiplus.dll
0x70300000 - 0x70389000 	C:\Windows\system32\PortableDeviceApi.dll
0x75570000 - 0x7559d000 	C:\Windows\system32\WINTRUST.dll
0x75450000 - 0x7556d000 	C:\Windows\system32\CRYPT32.dll
0x75310000 - 0x7531c000 	C:\Windows\system32\MSASN1.dll
0x6b210000 - 0x6b24f000 	C:\Windows\system32\audiodev.dll
0x67e60000 - 0x680c7000 	C:\Windows\system32\WMVCore.DLL
0x6ff10000 - 0x6ff4d000 	C:\Windows\system32\WMASF.DLL
0x744e0000 - 0x74511000 	C:\Windows\system32\EhStorShell.dll
0x70200000 - 0x70222000 	C:\Windows\system32\EhStorAPI.dll
0x73be0000 - 0x73be9000 	C:\Windows\system32\LINKINFO.dll
0x73830000 - 0x7392b000 	C:\Windows\system32\WindowsCodecs.dll
0x733c0000 - 0x73430000 	C:\Windows\system32\ntshrui.dll
0x74f10000 - 0x74f29000 	C:\Windows\system32\srvcli.dll
0x6d210000 - 0x6d235000 	C:\Program Files\Java\jdk1.8.0_25\jre\bin\prism_d3d.dll
0x67e20000 - 0x67e56000 	C:\Program Files\Java\jdk1.8.0_25\jre\bin\glass.dll
0x75ac0000 - 0x75b3b000 	C:\Windows\system32\COMDLG32.dll
0x72010000 - 0x72021000 	C:\Program Files\Java\jdk1.8.0_25\jre\bin\javafx_font.dll
0x67d10000 - 0x67e1a000 	C:\Windows\system32\dwrite.dll
0x702f0000 - 0x702fe000 	C:\Program Files\Java\jdk1.8.0_25\jre\bin\prism_common.dll
0x164c0000 - 0x164fd000 	C:\Users\Administrator\AppData\Local\Temp\jna-Administrator\jna7118477588007998828.dll
0x70230000 - 0x70254000 	C:\Users\Administrator\Documents\ArkPlayer\lib\VLC\libvlc.dll
0x67ab0000 - 0x67d01000 	C:\Users\Administrator\Documents\ArkPlayer\lib\VLC\libvlccore.dll
0x67a60000 - 0x67aa8000 	C:\Users\Administrator\Documents\ArkPlayer\lib\VLC\plugins\access\libdshow_plugin.dll
0x705a0000 - 0x705af000 	C:\Users\Administrator\Documents\ArkPlayer\lib\VLC\plugins\audio_output\libdirectsound_plugin.dll
0x70180000 - 0x70190000 	C:\Users\Administrator\Documents\ArkPlayer\lib\VLC\plugins\audio_output\libwaveout_plugin.dll
0x6c8f0000 - 0x6c909000 	C:\Users\Administrator\Documents\ArkPlayer\lib\VLC\plugins\video_output\libdirectdraw_plugin.dll
0x6d1e0000 - 0x6d204000 	C:\Program Files\Java\jdk1.8.0_25\jre\bin\dcpr.dll
0x6cc70000 - 0x6cd5b000 	C:\Windows\system32\dbghelp.dll

VM Arguments:
jvm_args: -Dfile.encoding=UTF-8 
java_command: com.ip2s.mediaplayer.Login
java_class_path (initial): C:\Program Files\NetBeans 8.0.1\java\modules\ext\eclipselink\eclipselink.jar;C:\Program Files\NetBeans 8.0.1\java\modules\ext\eclipselink\javax.persistence_2.1.0.v201304241213.jar;C:\Program Files\NetBeans 8.0.1\java\modules\ext\eclipselink\org.eclipse.persistence.jpa.jpql_2.5.2.v20140319-9ad6abd.jar;C:\Program Files\NetBeans 8.0.1\platform\modules\ext\swing-layout-1.0.4.jar;C:\Users\Administrator\Documents\IP2SMediaPlayer\lib\jdatepicker-1.3.2.jar;C:\Users\Administrator\Documents\IP2SMediaPlayer\lib\jcifs-1.1.11.jar;C:\Users\Administrator\Documents\IP2SMediaPlayer\lib\sqljdbc4.jar;C:\Program Files\Java\jdk1.8.0_25\jre\lib\javaws.jar;C:\Program Files\Java\jdk1.8.0_25\jre\lib\deploy.jar;C:\Program Files\Java\jdk1.8.0_25\jre\lib\plugin.jar;C:\Users\Administrator\Documents\IP2SMediaPlayer\lib\IP2SRSA.jar;C:\Program Files\NetBeans 8.0.1\java\modules\ext\AbsoluteLayout.jar;C:\Users\Administrator\Documents\IP2SMediaPlayer\lib\DateChooser.jar;C:\Users\Administrator\Documents\IP2SMediaPlayer\lib\jna-3.5.2.jar;C:\Users\Administrator\Documents\IP2SMediaPlayer\lib\platform-3.5.2.jar;C:\Users\Administrator\Documents\IP2SMediaPlayer\lib\vlcj-3.0.1.jar;C:\Users\Administrator\Documents\IP2SMediaPlayer\build\classes
Launcher Type: SUN_STANDARD

Environment Variables:
PATH=C:\ProgramData\Oracle\Java\javapath;C:\Windows\system32;C:\Windows;C:\Windows\System32\Wbem;C:\Windows\System32\WindowsPowerShell\v1.0\;C:\Program Files\Inno Setup 5\;C:\Program Files\WiX Toolset v3.7\bin
USERNAME=Administrator
OS=Windows_NT
PROCESSOR_IDENTIFIER=x86 Family 6 Model 69 Stepping 1, GenuineIntel



---------------  S Y S T E M  ---------------

OS: Windows 7 Build 7601 Service Pack 1

CPU:total 1 (1 cores per cpu, 1 threads per core) family 6 model 69 stepping 1, cmov, cx8, fxsr, mmx, sse, sse2, sse3, ssse3, sse4.1, sse4.2, popcnt, avx, aes, clmul, erms, tsc, tscinvbit

Memory: 4k page, physical 1048056k(356828k free), swap 2096632k(971000k free)

vm_info: Java HotSpot(TM) Client VM (25.25-b02) for windows-x86 JRE (1.8.0_25-b18), built on Oct  7 2014 14:31:05 by "java_re" with MS VC++ 10.0 (VS2010)

time: Wed Jan 28 13:39:22 2015
elapsed time: 13 seconds (0d 0h 0m 13s)

