#
# A fatal error has been detected by the Java Runtime Environment:
#
#  EXCEPTION_ACCESS_VIOLATION (0xc0000005) at pc=0x77b12239, pid=900, tid=3900
#
# JRE version: Java(TM) SE Runtime Environment (8.0_25-b18) (build 1.8.0_25-b18)
# Java VM: Java HotSpot(TM) Client VM (25.25-b02 mixed mode, sharing windows-x86 )
# Problematic frame:
# C  [ntdll.dll+0x32239]
#
# Failed to write core dump. Minidumps are not enabled by default on client versions of Windows
#
# If you would like to submit a bug report, please visit:
#   http://bugreport.sun.com/bugreport/crash.jsp
# The crash happened outside the Java Virtual Machine in native code.
# See problematic frame for where to report the bug.
#

---------------  T H R E A D  ---------------

Current thread (0x16634c00):  JavaThread "Thread-866" [_thread_in_native, id=3900, stack(0x19b70000,0x19bc0000)]

siginfo: ExceptionCode=0xc0000005, writing address 0x00000014

Registers:
EAX=0x00000000, EBX=0xfffffffc, ECX=0x00000000, EDX=0x00000004
ESP=0x19bbee50, EBP=0x19bbeea0, ESI=0x19d9ccdc, EDI=0x19d9cce0
EIP=0x77b12239, EFLAGS=0x00010213

Top of Stack: (sp=0x19bbee50)
0x19bbee50:   19d9ccdc 19d9cce0 19d9ccdc 148ea040
0x19bbee60:   148e50c8 16634c00 148e4cf0 16634c00
0x19bbee70:   00000001 16634c00 67929405 16634c00
0x19bbee80:   1a15ae38 148e4cf0 19bbeee4 00000000
0x19bbee90:   00000000 00000000 7ffac000 0000094c
0x19bbeea0:   19bbeec8 77b12148 00000000 00000000
0x19bbeeb0:   19d9ccdc 19d9ccd8 19d9cd1c 00000004
0x19bbeec0:   00000000 00000001 19bbeee8 63746653 

Instructions: (pc=0x77b12239)
0x77b12219:   c2 8b d8 8b c1 f0 0f b1 1f 3b c1 0f 85 20 da ff
0x77b12229:   ff 33 c0 89 45 0c 89 45 08 8b 06 83 f8 ff 74 03
0x77b12239:   ff 40 14 8b 5d f4 8b 7d f0 80 3d 82 03 fe 7f 00
0x77b12249:   0f 85 c9 fb 04 00 8b 45 fc 57 6a 00 83 f8 ff 0f 


Register to memory mapping:

EAX=0x00000000 is an unknown value
EBX=0xfffffffc is an unknown value
ECX=0x00000000 is an unknown value
EDX=0x00000004 is an unknown value
ESP=0x19bbee50 is pointing into the stack for thread: 0x16634c00
EBP=0x19bbeea0 is pointing into the stack for thread: 0x16634c00
ESI=0x19d9ccdc is an unknown value
EDI=0x19d9cce0 is an unknown value


Stack: [0x19b70000,0x19bc0000],  sp=0x19bbee50,  free space=315k
Native frames: (J=compiled Java code, j=interpreted, Vv=VM code, C=native code)
C  [ntdll.dll+0x32239]
C  [ntdll.dll+0x32148]
C  [libvlccore.dll+0x86653]
C  [libvlccore.dll+0x7d12d]
C  0x19bbef74

Java frames: (J=compiled Java code, j=interpreted, Vv=VM code)
j  com.sun.jna.Native.invokeInt(JI[Ljava/lang/Object;)I+0
j  com.sun.jna.Function.invoke([Ljava/lang/Object;Ljava/lang/Class;Z)Ljava/lang/Object;+333
J 1958 C1 com.sun.jna.Function.invoke(Ljava/lang/Class;[Ljava/lang/Object;Ljava/util/Map;)Ljava/lang/Object; (526 bytes) @ 0x01d4564c [0x01d451d0+0x47c]
j  com.sun.jna.Library$Handler.invoke(Ljava/lang/Object;Ljava/lang/reflect/Method;[Ljava/lang/Object;)Ljava/lang/Object;+341
j  com.sun.proxy.$Proxy0.libvlc_media_player_set_rate(Luk/co/caprica/vlcj/binding/internal/libvlc_media_player_t;F)I+23
j  uk.co.caprica.vlcj.player.DefaultMediaPlayer.setRate(F)I+25
j  com.ip2s.mediaplayer.IP2sMediaPlayer.play(Ljava/lang/String;Ljava/lang/String;FLjava/lang/String;)V+64
j  com.ip2s.mediaplayer.FrmMediaPlayer.playMedia()V+347
j  com.ip2s.mediaplayer.FrmMediaPlayer.access$2400(Lcom/ip2s/mediaplayer/FrmMediaPlayer;)V+1
j  com.ip2s.mediaplayer.FrmMediaPlayer$20.run()V+4
v  ~StubRoutines::call_stub

---------------  P R O C E S S  ---------------

Java Threads: ( => current thread )
=>0x16634c00 JavaThread "Thread-866" [_thread_in_native, id=3900, stack(0x19b70000,0x19bc0000)]
  0x16631000 JavaThread "Image Animator 3" daemon [_thread_blocked, id=3508, stack(0x17dd0000,0x17e20000)]
  0x16633800 JavaThread "Thread-9" daemon [_thread_in_native, id=3888, stack(0x19bf0000,0x19c40000)]
  0x16632c00 JavaThread "JavaFX Application Thread" [_thread_in_native, id=2904, stack(0x19630000,0x19680000)]
  0x16632400 JavaThread "Thread-8" daemon [_thread_blocked, id=3716, stack(0x19290000,0x192e0000)]
  0x16632000 JavaThread "QuantumRenderer-0" daemon [_thread_blocked, id=2236, stack(0x19580000,0x195d0000)]
  0x1662cc00 JavaThread "TimerQueue" daemon [_thread_blocked, id=3616, stack(0x17e30000,0x17e80000)]
  0x165a6000 JavaThread "Swing-Shell" daemon [_thread_blocked, id=3100, stack(0x17b30000,0x17b80000)]
  0x164a1c00 JavaThread "D3D Screen Updater" daemon [_thread_blocked, id=2400, stack(0x17250000,0x172a0000)]
  0x011f4800 JavaThread "DestroyJavaVM" [_thread_blocked, id=4052, stack(0x01350000,0x013a0000)]
  0x14f1a400 JavaThread "AWT-EventQueue-0" [_thread_blocked, id=3356, stack(0x15250000,0x152a0000)]
  0x14f04800 JavaThread "AWT-Windows" daemon [_thread_in_native, id=3848, stack(0x012f0000,0x01340000)]
  0x14f03400 JavaThread "AWT-Shutdown" [_thread_blocked, id=2888, stack(0x03ae0000,0x03b30000)]
  0x14f00c00 JavaThread "Java2D Disposer" daemon [_thread_blocked, id=2900, stack(0x151e0000,0x15230000)]
  0x0125c000 JavaThread "Service Thread" daemon [_thread_blocked, id=3584, stack(0x01190000,0x011e0000)]
  0x01235400 JavaThread "C1 CompilerThread0" daemon [_thread_blocked, id=4008, stack(0x146e0000,0x14730000)]
  0x01234400 JavaThread "Attach Listener" daemon [_thread_blocked, id=1984, stack(0x14680000,0x146d0000)]
  0x01230c00 JavaThread "Signal Dispatcher" daemon [_thread_blocked, id=2652, stack(0x147b0000,0x14800000)]
  0x0121d400 JavaThread "Finalizer" daemon [_thread_blocked, id=2796, stack(0x14740000,0x14790000)]
  0x0121b800 JavaThread "Reference Handler" daemon [_thread_blocked, id=3628, stack(0x03b50000,0x03ba0000)]

Other Threads:
  0x01219400 VMThread [stack: 0x14620000,0x14670000] [id=2848]
  0x0125d000 WatcherThread [stack: 0x14d80000,0x14dd0000] [id=544]

VM state:not at safepoint (normal execution)

VM Mutex/Monitor currently owned by a thread: None

Heap:
 def new generation   total 8064K, used 5052K [0x03c00000, 0x044b0000, 0x09150000)
  eden space 7232K,  66% used [0x03c00000, 0x040b3028, 0x04310000)
  from space 832K,  28% used [0x043e0000, 0x0441c048, 0x044b0000)
  to   space 832K,   0% used [0x04310000, 0x04310000, 0x043e0000)
 tenured generation   total 17732K, used 11173K [0x09150000, 0x0a2a1000, 0x13c00000)
   the space 17732K,  63% used [0x09150000, 0x09c396f0, 0x09c39800, 0x0a2a1000)
 Metaspace       used 10757K, capacity 11254K, committed 11264K, reserved 11648K

Card table byte_map: [0x03a40000,0x03ad0000] byte_map_base: 0x03a22000

Polling page: 0x00150000

CodeCache: size=32768Kb used=3694Kb max_used=3694Kb free=29073Kb
 bounds [0x019c0000, 0x01d60000, 0x039c0000]
 total_blobs=2445 nmethods=2001 adapters=374
 compilation: enabled

Compilation events (10 events):
Event: 68.632 Thread 0x01235400 2012             java.util.HashSet::clear (8 bytes)
Event: 68.632 Thread 0x01235400 nmethod 2012 0x01d59248 code [0x01d59350, 0x01d593ec]
Event: 69.895 Thread 0x01235400 2013             sun.java2d.d3d.D3DRenderQueue::flushBuffer (46 bytes)
Event: 69.896 Thread 0x01235400 nmethod 2013 0x01d59448 code [0x01d59560, 0x01d59664]
Event: 70.422 Thread 0x01235400 2015   !         javax.swing.RepaintManager$PaintManager::paintDoubleBuffered (294 bytes)
Event: 70.424 Thread 0x01235400 nmethod 2015 0x01d599c8 code [0x01d59b60, 0x01d59e80]
Event: 71.199 Thread 0x01235400 2016  s!         com.sun.javafx.tk.Toolkit::getToolkit (187 bytes)
Event: 71.202 Thread 0x01235400 nmethod 2016 0x01d5a348 code [0x01d5a5f0, 0x01d5af20]
Event: 71.206 Thread 0x01235400 2017   !         sun.dc.pr.Rasterizer::appendLine (46 bytes)
Event: 71.206 Thread 0x01235400 nmethod 2017 0x01d5bc48 code [0x01d5bd80, 0x01d5bef8]

GC Heap History (10 events):
Event: 51.521 GC heap before
{Heap before GC invocations=19 (full 1):
 def new generation   total 8064K, used 7465K [0x03c00000, 0x044b0000, 0x09150000)
  eden space 7232K, 100% used [0x03c00000, 0x04310000, 0x04310000)
  from space 832K,  28% used [0x04310000, 0x0434a798, 0x043e0000)
  to   space 832K,   0% used [0x043e0000, 0x043e0000, 0x044b0000)
 tenured generation   total 17732K, used 11173K [0x09150000, 0x0a2a1000, 0x13c00000)
   the space 17732K,  63% used [0x09150000, 0x09c396f0, 0x09c39800, 0x0a2a1000)
 Metaspace       used 10692K, capacity 11190K, committed 11264K, reserved 11648K
Event: 51.525 GC heap after
Heap after GC invocations=20 (full 1):
 def new generation   total 8064K, used 229K [0x03c00000, 0x044b0000, 0x09150000)
  eden space 7232K,   0% used [0x03c00000, 0x03c00000, 0x04310000)
  from space 832K,  27% used [0x043e0000, 0x04419428, 0x044b0000)
  to   space 832K,   0% used [0x04310000, 0x04310000, 0x043e0000)
 tenured generation   total 17732K, used 11173K [0x09150000, 0x0a2a1000, 0x13c00000)
   the space 17732K,  63% used [0x09150000, 0x09c396f0, 0x09c39800, 0x0a2a1000)
 Metaspace       used 10692K, capacity 11190K, committed 11264K, reserved 11648K
}
Event: 51.590 GC heap before
{Heap before GC invocations=20 (full 1):
 def new generation   total 8064K, used 7461K [0x03c00000, 0x044b0000, 0x09150000)
  eden space 7232K, 100% used [0x03c00000, 0x04310000, 0x04310000)
  from space 832K,  27% used [0x043e0000, 0x04419428, 0x044b0000)
  to   space 832K,   0% used [0x04310000, 0x04310000, 0x043e0000)
 tenured generation   total 17732K, used 11173K [0x09150000, 0x0a2a1000, 0x13c00000)
   the space 17732K,  63% used [0x09150000, 0x09c396f0, 0x09c39800, 0x0a2a1000)
 Metaspace       used 10692K, capacity 11190K, committed 11264K, reserved 11648K
Event: 51.593 GC heap after
Heap after GC invocations=21 (full 1):
 def new generation   total 8064K, used 244K [0x03c00000, 0x044b0000, 0x09150000)
  eden space 7232K,   0% used [0x03c00000, 0x03c00000, 0x04310000)
  from space 832K,  29% used [0x04310000, 0x0434d2d0, 0x043e0000)
  to   space 832K,   0% used [0x043e0000, 0x043e0000, 0x044b0000)
 tenured generation   total 17732K, used 11173K [0x09150000, 0x0a2a1000, 0x13c00000)
   the space 17732K,  63% used [0x09150000, 0x09c396f0, 0x09c39800, 0x0a2a1000)
 Metaspace       used 10692K, capacity 11190K, committed 11264K, reserved 11648K
}
Event: 51.631 GC heap before
{Heap before GC invocations=21 (full 1):
 def new generation   total 8064K, used 7476K [0x03c00000, 0x044b0000, 0x09150000)
  eden space 7232K, 100% used [0x03c00000, 0x04310000, 0x04310000)
  from space 832K,  29% used [0x04310000, 0x0434d2d0, 0x043e0000)
  to   space 832K,   0% used [0x043e0000, 0x043e0000, 0x044b0000)
 tenured generation   total 17732K, used 11173K [0x09150000, 0x0a2a1000, 0x13c00000)
   the space 17732K,  63% used [0x09150000, 0x09c396f0, 0x09c39800, 0x0a2a1000)
 Metaspace       used 10692K, capacity 11190K, committed 11264K, reserved 11648K
Event: 51.634 GC heap after
Heap after GC invocations=22 (full 1):
 def new generation   total 8064K, used 245K [0x03c00000, 0x044b0000, 0x09150000)
  eden space 7232K,   0% used [0x03c00000, 0x03c00000, 0x04310000)
  from space 832K,  29% used [0x043e0000, 0x0441d670, 0x044b0000)
  to   space 832K,   0% used [0x04310000, 0x04310000, 0x043e0000)
 tenured generation   total 17732K, used 11173K [0x09150000, 0x0a2a1000, 0x13c00000)
   the space 17732K,  63% used [0x09150000, 0x09c396f0, 0x09c39800, 0x0a2a1000)
 Metaspace       used 10692K, capacity 11190K, committed 11264K, reserved 11648K
}
Event: 51.680 GC heap before
{Heap before GC invocations=22 (full 1):
 def new generation   total 8064K, used 7477K [0x03c00000, 0x044b0000, 0x09150000)
  eden space 7232K, 100% used [0x03c00000, 0x04310000, 0x04310000)
  from space 832K,  29% used [0x043e0000, 0x0441d670, 0x044b0000)
  to   space 832K,   0% used [0x04310000, 0x04310000, 0x043e0000)
 tenured generation   total 17732K, used 11173K [0x09150000, 0x0a2a1000, 0x13c00000)
   the space 17732K,  63% used [0x09150000, 0x09c396f0, 0x09c39800, 0x0a2a1000)
 Metaspace       used 10692K, capacity 11190K, committed 11264K, reserved 11648K
Event: 51.683 GC heap after
Heap after GC invocations=23 (full 1):
 def new generation   total 8064K, used 229K [0x03c00000, 0x044b0000, 0x09150000)
  eden space 7232K,   0% used [0x03c00000, 0x03c00000, 0x04310000)
  from space 832K,  27% used [0x04310000, 0x04349708, 0x043e0000)
  to   space 832K,   0% used [0x043e0000, 0x043e0000, 0x044b0000)
 tenured generation   total 17732K, used 11173K [0x09150000, 0x0a2a1000, 0x13c00000)
   the space 17732K,  63% used [0x09150000, 0x09c396f0, 0x09c39800, 0x0a2a1000)
 Metaspace       used 10692K, capacity 11190K, committed 11264K, reserved 11648K
}
Event: 57.138 GC heap before
{Heap before GC invocations=23 (full 1):
 def new generation   total 8064K, used 7461K [0x03c00000, 0x044b0000, 0x09150000)
  eden space 7232K, 100% used [0x03c00000, 0x04310000, 0x04310000)
  from space 832K,  27% used [0x04310000, 0x04349708, 0x043e0000)
  to   space 832K,   0% used [0x043e0000, 0x043e0000, 0x044b0000)
 tenured generation   total 17732K, used 11173K [0x09150000, 0x0a2a1000, 0x13c00000)
   the space 17732K,  63% used [0x09150000, 0x09c396f0, 0x09c39800, 0x0a2a1000)
 Metaspace       used 10692K, capacity 11190K, committed 11264K, reserved 11648K
Event: 57.142 GC heap after
Heap after GC invocations=24 (full 1):
 def new generation   total 8064K, used 240K [0x03c00000, 0x044b0000, 0x09150000)
  eden space 7232K,   0% used [0x03c00000, 0x03c00000, 0x04310000)
  from space 832K,  28% used [0x043e0000, 0x0441c048, 0x044b0000)
  to   space 832K,   0% used [0x04310000, 0x04310000, 0x043e0000)
 tenured generation   total 17732K, used 11173K [0x09150000, 0x0a2a1000, 0x13c00000)
   the space 17732K,  63% used [0x09150000, 0x09c396f0, 0x09c39800, 0x0a2a1000)
 Metaspace       used 10692K, capacity 11190K, committed 11264K, reserved 11648K
}

Deoptimization events (0 events):
No events

Internal exceptions (10 events):
Event: 16.348 Thread 0x16631800 Exception <a 'java/security/PrivilegedActionException'> (0x03e4f7b0) thrown at [C:\re\workspace\8-2-build-windows-i586-cygwin\jdk8u25\1677\hotspot\src\share\vm\prims\jvm.cpp, line 1312]
Event: 16.351 Thread 0x16634c00 Exception <a 'java/security/PrivilegedActionException'> (0x03e5a328) thrown at [C:\re\workspace\8-2-build-windows-i586-cygwin\jdk8u25\1677\hotspot\src\share\vm\prims\jvm.cpp, line 1312]
Event: 34.782 Thread 0x16634400 Exception <a 'java/lang/InterruptedException': sleep interrupted> (0x03dced78) thrown at [C:\re\workspace\8-2-build-windows-i586-cygwin\jdk8u25\1677\hotspot\src\share\vm\prims\jvm.cpp, line 3093]
Event: 48.763 Thread 0x16632c00 Exception <a 'java/security/PrivilegedActionException'> (0x041fe868) thrown at [C:\re\workspace\8-2-build-windows-i586-cygwin\jdk8u25\1677\hotspot\src\share\vm\prims\jvm.cpp, line 1312]
Event: 49.177 Thread 0x16634400 Exception <a 'java/security/PrivilegedActionException'> (0x042e77a0) thrown at [C:\re\workspace\8-2-build-windows-i586-cygwin\jdk8u25\1677\hotspot\src\share\vm\prims\jvm.cpp, line 1312]
Event: 49.201 Thread 0x16634c00 Exception <a 'java/security/PrivilegedActionException'> (0x042f0c20) thrown at [C:\re\workspace\8-2-build-windows-i586-cygwin\jdk8u25\1677\hotspot\src\share\vm\prims\jvm.cpp, line 1312]
Event: 49.248 Thread 0x16634c00 Exception <a 'java/security/PrivilegedActionException'> (0x03c19650) thrown at [C:\re\workspace\8-2-build-windows-i586-cygwin\jdk8u25\1677\hotspot\src\share\vm\prims\jvm.cpp, line 1312]
Event: 49.352 Thread 0x16634400 Exception <a 'java/security/PrivilegedActionException'> (0x03e14480) thrown at [C:\re\workspace\8-2-build-windows-i586-cygwin\jdk8u25\1677\hotspot\src\share\vm\prims\jvm.cpp, line 1312]
Event: 63.746 Thread 0x16631000 Exception <a 'java/lang/InterruptedException': sleep interrupted> (0x03eb2368) thrown at [C:\re\workspace\8-2-build-windows-i586-cygwin\jdk8u25\1677\hotspot\src\share\vm\prims\jvm.cpp, line 3093]
Event: 66.920 Thread 0x16631000 Exception <a 'java/lang/InterruptedException': sleep interrupted> (0x03f5c258) thrown at [C:\re\workspace\8-2-build-windows-i586-cygwin\jdk8u25\1677\hotspot\src\share\vm\prims\jvm.cpp, line 3093]

Events (10 events):
Event: 66.911 Executing VM operation: BulkRevokeBias done
Event: 68.079 Thread 0x16634c00 Thread added: 0x16634c00
Event: 68.079 Executing VM operation: RevokeBias
Event: 68.079 Executing VM operation: RevokeBias done
Event: 68.079 Executing VM operation: RevokeBias
Event: 68.079 Executing VM operation: RevokeBias done
Event: 68.081 Executing VM operation: RevokeBias
Event: 68.081 Executing VM operation: RevokeBias done
Event: 68.091 Executing VM operation: RevokeBias
Event: 68.091 Executing VM operation: RevokeBias done


Dynamic libraries:
0x013b0000 - 0x013e0000 	C:\Program Files\Java\jdk1.8.0_25\bin\java.exe
0x77ae0000 - 0x77c1c000 	C:\Windows\SYSTEM32\ntdll.dll
0x76060000 - 0x76134000 	C:\Windows\system32\kernel32.dll
0x75eb0000 - 0x75efa000 	C:\Windows\system32\KERNELBASE.dll
0x75f30000 - 0x75fd0000 	C:\Windows\system32\ADVAPI32.dll
0x77a30000 - 0x77adc000 	C:\Windows\system32\msvcrt.dll
0x77c30000 - 0x77c49000 	C:\Windows\SYSTEM32\sechost.dll
0x76430000 - 0x764d1000 	C:\Windows\system32\RPCRT4.dll
0x77420000 - 0x774e9000 	C:\Windows\system32\USER32.dll
0x76680000 - 0x766ce000 	C:\Windows\system32\GDI32.dll
0x77c50000 - 0x77c5a000 	C:\Windows\system32\LPK.dll
0x76250000 - 0x762ed000 	C:\Windows\system32\USP10.dll
0x74bc0000 - 0x74d5e000 	C:\Windows\WinSxS\x86_microsoft.windows.common-controls_6595b64144ccf1df_6.0.7601.17514_none_41e6975e2bd6f2b2\COMCTL32.dll
0x77cb0000 - 0x77d07000 	C:\Windows\system32\SHLWAPI.dll
0x766d0000 - 0x766ef000 	C:\Windows\system32\IMM32.DLL
0x77350000 - 0x7741c000 	C:\Windows\system32\MSCTF.dll
0x6c820000 - 0x6c8df000 	C:\Program Files\Java\jdk1.8.0_25\jre\bin\msvcr100.dll
0x678b0000 - 0x67c54000 	C:\Program Files\Java\jdk1.8.0_25\jre\bin\client\jvm.dll
0x71810000 - 0x71817000 	C:\Windows\system32\WSOCK32.dll
0x77c70000 - 0x77ca5000 	C:\Windows\system32\WS2_32.dll
0x766f0000 - 0x766f6000 	C:\Windows\system32\NSI.dll
0x72440000 - 0x72472000 	C:\Windows\system32\WINMM.dll
0x77c20000 - 0x77c25000 	C:\Windows\system32\PSAPI.DLL
0x75050000 - 0x7505c000 	C:\Program Files\Java\jdk1.8.0_25\jre\bin\verify.dll
0x6fc00000 - 0x6fc21000 	C:\Program Files\Java\jdk1.8.0_25\jre\bin\java.dll
0x70510000 - 0x70523000 	C:\Program Files\Java\jdk1.8.0_25\jre\bin\zip.dll
0x76700000 - 0x7734a000 	C:\Windows\system32\SHELL32.dll
0x778d0000 - 0x77a2c000 	C:\Windows\system32\ole32.dll
0x75c00000 - 0x75c0b000 	C:\Windows\system32\profapi.dll
0x68a60000 - 0x68ba6000 	C:\Program Files\Java\jdk1.8.0_25\jre\bin\awt.dll
0x75fd0000 - 0x7605f000 	C:\Windows\system32\OLEAUT32.dll
0x74960000 - 0x749a0000 	C:\Windows\system32\uxtheme.dll
0x74540000 - 0x74553000 	C:\Windows\system32\dwmapi.dll
0x75b80000 - 0x75b8c000 	C:\Windows\system32\CRYPTBASE.dll
0x6fad0000 - 0x6fb08000 	C:\Program Files\Java\jdk1.8.0_25\jre\bin\fontmanager.dll
0x681f0000 - 0x683b3000 	C:\Windows\system32\d3d9.dll
0x75130000 - 0x75139000 	C:\Windows\system32\VERSION.dll
0x70580000 - 0x70586000 	C:\Windows\system32\d3d8thk.dll
0x74620000 - 0x7465a000 	C:\Windows\system32\vm3dum.dll
0x70b80000 - 0x70ba5000 	C:\Program Files\Java\jdk1.8.0_25\jre\bin\jpeg.dll
0x70bb0000 - 0x70bc5000 	C:\Program Files\Java\jdk1.8.0_25\jre\bin\net.dll
0x75670000 - 0x756ac000 	C:\Windows\system32\mswsock.dll
0x75660000 - 0x75666000 	C:\Windows\System32\wship6.dll
0x70d40000 - 0x70d4f000 	C:\Program Files\Java\jdk1.8.0_25\jre\bin\nio.dll
0x6d070000 - 0x6d0a0000 	C:\Program Files\Java\jdk1.8.0_25\jre\bin\t2k.dll
0x70360000 - 0x703d6000 	C:\Windows\system32\RICHED20.DLL
0x756b0000 - 0x756c6000 	C:\Windows\system32\CRYPTSP.dll
0x75450000 - 0x7548b000 	C:\Windows\system32\rsaenh.dll
0x75290000 - 0x752a7000 	C:\Windows\system32\USERENV.dll
0x741d0000 - 0x741ec000 	C:\Windows\system32\IPHLPAPI.DLL
0x74170000 - 0x74177000 	C:\Windows\system32\WINNSI.DLL
0x74020000 - 0x7402d000 	C:\Windows\system32\dhcpcsvc6.DLL
0x73fa0000 - 0x73fb2000 	C:\Windows\system32\dhcpcsvc.DLL
0x6d050000 - 0x6d070000 	C:\Program Files\Java\jdk1.8.0_25\jre\bin\sunec.dll
0x74950000 - 0x74960000 	C:\Windows\system32\NLAapi.dll
0x717e0000 - 0x717f0000 	C:\Windows\system32\napinsp.dll
0x717c0000 - 0x717d2000 	C:\Windows\system32\pnrpnsp.dll
0x75530000 - 0x75574000 	C:\Windows\system32\DNSAPI.dll
0x71710000 - 0x71718000 	C:\Windows\System32\winrnr.dll
0x71700000 - 0x7170d000 	C:\Windows\system32\wshbth.dll
0x751c0000 - 0x751c5000 	C:\Windows\System32\wshtcpip.dll
0x72830000 - 0x72836000 	C:\Windows\system32\rasadhlp.dll
0x740f0000 - 0x74128000 	C:\Windows\System32\fwpuclnt.dll
0x72b00000 - 0x72b84000 	C:\Windows\WinSxS\x86_microsoft.windows.common-controls_6595b64144ccf1df_5.82.7601.17514_none_ec83dffa859149af\comctl32.dll
0x76140000 - 0x761c3000 	C:\Windows\system32\CLBCatQ.DLL
0x749a0000 - 0x74a95000 	C:\Windows\system32\propsys.dll
0x74860000 - 0x74881000 	C:\Windows\system32\ntmarta.dll
0x774f0000 - 0x77535000 	C:\Windows\system32\WLDAP32.dll
0x75b30000 - 0x75b7c000 	C:\Windows\system32\apphelp.dll
0x72b90000 - 0x72d28000 	C:\Windows\system32\NetworkExplorer.dll
0x74220000 - 0x7424e000 	C:\Windows\System32\shdocvw.dll
0x74450000 - 0x7445a000 	C:\Windows\system32\slc.dll
0x71550000 - 0x71562000 	C:\Windows\system32\MPR.dll
0x74b20000 - 0x74b2e000 	C:\Windows\System32\vmhgfs.dll
0x73250000 - 0x73258000 	C:\Windows\System32\drprov.dll
0x75c10000 - 0x75c39000 	C:\Windows\System32\WINSTA.dll
0x70cf0000 - 0x70d04000 	C:\Windows\System32\ntlanman.dll
0x70be0000 - 0x70bf7000 	C:\Windows\System32\davclnt.dll
0x73240000 - 0x73248000 	C:\Windows\System32\DAVHLPR.dll
0x764e0000 - 0x7667d000 	C:\Windows\system32\SETUPAPI.dll
0x75cb0000 - 0x75cd7000 	C:\Windows\system32\CFGMGR32.dll
0x75e90000 - 0x75ea2000 	C:\Windows\system32\DEVOBJ.dll
0x74090000 - 0x7409f000 	C:\Windows\system32\wkscli.dll
0x71640000 - 0x7164b000 	C:\Windows\system32\cscapi.dll
0x740a0000 - 0x740a9000 	C:\Windows\system32\netutils.dll
0x64700000 - 0x64938000 	C:\Windows\system32\wpdshext.dll
0x73720000 - 0x738b0000 	C:\Windows\WinSxS\x86_microsoft.windows.gdiplus_6595b64144ccf1df_1.1.7601.17514_none_72d18a4386696c80\gdiplus.dll
0x708b0000 - 0x70939000 	C:\Windows\system32\PortableDeviceApi.dll
0x75f00000 - 0x75f2d000 	C:\Windows\system32\WINTRUST.dll
0x75ce0000 - 0x75dfd000 	C:\Windows\system32\CRYPT32.dll
0x75ca0000 - 0x75cac000 	C:\Windows\system32\MSASN1.dll
0x6cc60000 - 0x6cc9f000 	C:\Windows\system32\audiodev.dll
0x64490000 - 0x646f7000 	C:\Windows\system32\WMVCore.DLL
0x6c950000 - 0x6c98d000 	C:\Windows\system32\WMASF.DLL
0x736e0000 - 0x73711000 	C:\Windows\system32\EhStorShell.dll
0x6ca30000 - 0x6ca52000 	C:\Windows\system32\EhStorAPI.dll
0x74600000 - 0x74609000 	C:\Windows\system32\LINKINFO.dll
0x74320000 - 0x7441b000 	C:\Windows\system32\WindowsCodecs.dll
0x73670000 - 0x736e0000 	C:\Windows\system32\ntshrui.dll
0x75850000 - 0x75869000 	C:\Windows\system32\srvcli.dll
0x6cf60000 - 0x6cf84000 	C:\Program Files\Java\jdk1.8.0_25\jre\bin\dcpr.dll
0x6cb00000 - 0x6cb25000 	C:\Program Files\Java\jdk1.8.0_25\jre\bin\prism_d3d.dll
0x6fbc0000 - 0x6fbf6000 	C:\Program Files\Java\jdk1.8.0_25\jre\bin\glass.dll
0x761d0000 - 0x7624b000 	C:\Windows\system32\COMDLG32.dll
0x70340000 - 0x70351000 	C:\Program Files\Java\jdk1.8.0_25\jre\bin\javafx_font.dll
0x685c0000 - 0x686ca000 	C:\Windows\system32\dwrite.dll
0x70bd0000 - 0x70bde000 	C:\Program Files\Java\jdk1.8.0_25\jre\bin\prism_common.dll
0x153c0000 - 0x153fd000 	C:\Users\Administrator\AppData\Local\Temp\jna-Administrator\jna8154858919028338093.dll
0x6cad0000 - 0x6caf4000 	C:\Users\Administrator\Documents\ArkPlayer\lib\VLC\libvlc.dll
0x636c0000 - 0x63911000 	C:\Users\Administrator\Documents\ArkPlayer\lib\VLC\libvlccore.dll
0x6ca80000 - 0x6cac8000 	C:\Users\Administrator\Documents\ArkPlayer\lib\VLC\plugins\access\libdshow_plugin.dll
0x6d040000 - 0x6d04f000 	C:\Users\Administrator\Documents\ArkPlayer\lib\VLC\plugins\audio_output\libdirectsound_plugin.dll
0x70500000 - 0x70510000 	C:\Users\Administrator\Documents\ArkPlayer\lib\VLC\plugins\audio_output\libwaveout_plugin.dll
0x6cbf0000 - 0x6cc09000 	C:\Users\Administrator\Documents\ArkPlayer\lib\VLC\plugins\video_output\libdirectdraw_plugin.dll
0x6cf50000 - 0x6cf56000 	C:\Program Files\Java\jdk1.8.0_25\jre\bin\jawt.dll
0x634c0000 - 0x636bc000 	C:\Users\Administrator\Documents\ArkPlayer\lib\VLC\plugins\access\liblibbluray_plugin.dll
0x6ca60000 - 0x6ca80000 	C:\Users\Administrator\Documents\ArkPlayer\lib\VLC\plugins\access\libaccess_bd_plugin.dll
0x6bfc0000 - 0x6c004000 	C:\Users\Administrator\Documents\ArkPlayer\lib\VLC\plugins\access\libdvdnav_plugin.dll
0x6ca10000 - 0x6ca2b000 	C:\Users\Administrator\Documents\ArkPlayer\lib\VLC\plugins\access\libaccess_vdr_plugin.dll
0x6c930000 - 0x6c944000 	C:\Users\Administrator\Documents\ArkPlayer\lib\VLC\plugins\access\libfilesystem_plugin.dll
0x6c910000 - 0x6c927000 	C:\Users\Administrator\Documents\ArkPlayer\lib\VLC\plugins\stream_filter\libsmooth_plugin.dll
0x68160000 - 0x681eb000 	C:\Users\Administrator\Documents\ArkPlayer\lib\VLC\plugins\stream_filter\libhttplive_plugin.dll
0x67e10000 - 0x67ec6000 	C:\Users\Administrator\Documents\ArkPlayer\lib\VLC\plugins\stream_filter\libdash_plugin.dll
0x6c7c0000 - 0x6c7e4000 	C:\Users\Administrator\Documents\ArkPlayer\lib\VLC\plugins\access\libzip_plugin.dll
0x6c7a0000 - 0x6c7b2000 	C:\Users\Administrator\Documents\ArkPlayer\lib\VLC\plugins\access\libstream_filter_rar_plugin.dll
0x6cf40000 - 0x6cf4c000 	C:\Users\Administrator\Documents\ArkPlayer\lib\VLC\plugins\stream_filter\librecord_plugin.dll
0x6bf80000 - 0x6bfb7000 	C:\Users\Administrator\Documents\ArkPlayer\lib\VLC\plugins\demux\libmp4_plugin.dll
0x68be0000 - 0x68bfe000 	C:\Users\Administrator\Documents\ArkPlayer\lib\VLC\plugins\demux\libavi_plugin.dll

VM Arguments:
jvm_args: -Dfile.encoding=UTF-8 
java_command: com.ip2s.mediaplayer.Login
java_class_path (initial): C:\Program Files\NetBeans 8.0.1\java\modules\ext\eclipselink\eclipselink.jar;C:\Program Files\NetBeans 8.0.1\java\modules\ext\eclipselink\javax.persistence_2.1.0.v201304241213.jar;C:\Program Files\NetBeans 8.0.1\java\modules\ext\eclipselink\org.eclipse.persistence.jpa.jpql_2.5.2.v20140319-9ad6abd.jar;C:\Program Files\NetBeans 8.0.1\platform\modules\ext\swing-layout-1.0.4.jar;C:\Users\Administrator\Documents\IP2SMediaPlayer\lib\jdatepicker-1.3.2.jar;C:\Users\Administrator\Documents\IP2SMediaPlayer\lib\jcifs-1.1.11.jar;C:\Users\Administrator\Documents\IP2SMediaPlayer\lib\sqljdbc4.jar;C:\Program Files\Java\jdk1.8.0_25\jre\lib\javaws.jar;C:\Program Files\Java\jdk1.8.0_25\jre\lib\deploy.jar;C:\Program Files\Java\jdk1.8.0_25\jre\lib\plugin.jar;C:\Users\Administrator\Documents\IP2SMediaPlayer\lib\IP2SRSA.jar;C:\Program Files\NetBeans 8.0.1\java\modules\ext\AbsoluteLayout.jar;C:\Users\Administrator\Documents\IP2SMediaPlayer\lib\DateChooser.jar;C:\Users\Administrator\Documents\ArkPlayer\lib\jna-3.5.2.jar;C:\Users\Administrator\Documents\ArkPlayer\lib\platform-3.5.2.jar;C:\Users\Administrator\Documents\ArkPlayer\lib\vlcj-3.0.1.jar;C:\Users\Administrator\Documents\IP2SMediaPlayer\build\classes
Launcher Type: SUN_STANDARD

Environment Variables:
PATH=C:\ProgramData\Oracle\Java\javapath;C:\Windows\system32;C:\Windows;C:\Windows\System32\Wbem;C:\Windows\System32\WindowsPowerShell\v1.0\;C:\Program Files\Inno Setup 5\;C:\Program Files\WiX Toolset v3.7\bin
USERNAME=Administrator
OS=Windows_NT
PROCESSOR_IDENTIFIER=x86 Family 6 Model 69 Stepping 1, GenuineIntel



---------------  S Y S T E M  ---------------

OS: Windows 7 Build 7601 Service Pack 1

CPU:total 1 (1 cores per cpu, 1 threads per core) family 6 model 69 stepping 1, cmov, cx8, fxsr, mmx, sse, sse2, sse3, ssse3, sse4.1, sse4.2, popcnt, avx, aes, clmul, erms, tsc, tscinvbit

Memory: 4k page, physical 1048056k(315020k free), swap 2096632k(905036k free)

vm_info: Java HotSpot(TM) Client VM (25.25-b02) for windows-x86 JRE (1.8.0_25-b18), built on Oct  7 2014 14:31:05 by "java_re" with MS VC++ 10.0 (VS2010)

time: Mon Jan 26 17:03:22 2015
elapsed time: 71 seconds (0d 0h 1m 11s)

