#
# A fatal error has been detected by the Java Runtime Environment:
#
#  EXCEPTION_ACCESS_VIOLATION (0xc0000005) at pc=0x77b12239, pid=920, tid=1196
#
# JRE version: Java(TM) SE Runtime Environment (8.0_25-b18) (build 1.8.0_25-b18)
# Java VM: Java HotSpot(TM) Client VM (25.25-b02 mixed mode, sharing windows-x86 )
# Problematic frame:
# C  [ntdll.dll+0x32239]
#
# Failed to write core dump. Minidumps are not enabled by default on client versions of Windows
#
# If you would like to submit a bug report, please visit:
#   http://bugreport.sun.com/bugreport/crash.jsp
# The crash happened outside the Java Virtual Machine in native code.
# See problematic frame for where to report the bug.
#

---------------  T H R E A D  ---------------

Current thread (0x167c7000):  JavaThread "Thread-37" [_thread_in_native, id=1196, stack(0x19290000,0x192e0000)]

siginfo: ExceptionCode=0xc0000005, writing address 0x00000014

Registers:
EAX=0x00000000, EBX=0xfffffffc, ECX=0x00000000, EDX=0x00000004
ESP=0x192deab0, EBP=0x192deb00, ESI=0x18ffe11c, EDI=0x18ffe120
EIP=0x77b12239, EFLAGS=0x00010213

Top of Stack: (sp=0x192deab0)
0x192deab0:   18ffe11c 18ffe120 18ffe11c 67a8438f
0x192deac0:   192deb24 192df1a0 192deb24 192deaf4
0x192dead0:   192debb0 192deb90 167c7000 192deaf4
0x192deae0:   00000636 192deb04 678c0030 00000000
0x192deaf0:   00000000 00000000 7ffac000 00000744
0x192deb00:   192deb28 77b12148 00000000 00000000
0x192deb10:   18ffe11c 18ffe118 18ffe15c 00000004
0x192deb20:   00000000 00000001 192deb48 6c206653 

Instructions: (pc=0x77b12239)
0x77b12219:   c2 8b d8 8b c1 f0 0f b1 1f 3b c1 0f 85 20 da ff
0x77b12229:   ff 33 c0 89 45 0c 89 45 08 8b 06 83 f8 ff 74 03
0x77b12239:   ff 40 14 8b 5d f4 8b 7d f0 80 3d 82 03 fe 7f 00
0x77b12249:   0f 85 c9 fb 04 00 8b 45 fc 57 6a 00 83 f8 ff 0f 


Register to memory mapping:

EAX=0x00000000 is an unknown value
EBX=0xfffffffc is an unknown value
ECX=0x00000000 is an unknown value
EDX=0x00000004 is an unknown value
ESP=0x192deab0 is pointing into the stack for thread: 0x167c7000
EBP=0x192deb00 is pointing into the stack for thread: 0x167c7000
ESI=0x18ffe11c is an unknown value
EDI=0x18ffe120 is an unknown value


Stack: [0x19290000,0x192e0000],  sp=0x192deab0,  free space=314k
Native frames: (J=compiled Java code, j=interpreted, Vv=VM code, C=native code)
C  [ntdll.dll+0x32239]
C  [ntdll.dll+0x32148]
C  [libvlccore.dll+0x86653]
C  [libvlccore.dll+0x7d12d]
C  0x192debd4

Java frames: (J=compiled Java code, j=interpreted, Vv=VM code)
j  com.sun.jna.Native.invokeInt(JI[Ljava/lang/Object;)I+0
j  com.sun.jna.Function.invoke([Ljava/lang/Object;Ljava/lang/Class;Z)Ljava/lang/Object;+333
j  com.sun.jna.Function.invoke(Ljava/lang/Class;[Ljava/lang/Object;Ljava/util/Map;)Ljava/lang/Object;+214
j  com.sun.jna.Library$Handler.invoke(Ljava/lang/Object;Ljava/lang/reflect/Method;[Ljava/lang/Object;)Ljava/lang/Object;+341
j  com.sun.proxy.$Proxy0.libvlc_media_player_set_rate(Luk/co/caprica/vlcj/binding/internal/libvlc_media_player_t;F)I+23
j  uk.co.caprica.vlcj.player.DefaultMediaPlayer.setRate(F)I+25
j  com.ip2s.mediaplayer.IP2sMediaPlayer.play(Ljava/lang/String;Ljava/lang/String;FLjava/lang/String;)V+64
j  com.ip2s.mediaplayer.FrmMediaPlayer.playMedia()V+347
j  com.ip2s.mediaplayer.FrmMediaPlayer.access$2400(Lcom/ip2s/mediaplayer/FrmMediaPlayer;)V+1
j  com.ip2s.mediaplayer.FrmMediaPlayer$20.run()V+4
v  ~StubRoutines::call_stub

---------------  P R O C E S S  ---------------

Java Threads: ( => current thread )
=>0x167c7000 JavaThread "Thread-37" [_thread_in_native, id=1196, stack(0x19290000,0x192e0000)]
  0x167c7800 JavaThread "Thread-9" daemon [_thread_in_native, id=3828, stack(0x17e10000,0x17e60000)]
  0x167c6c00 JavaThread "JavaFX Application Thread" [_thread_in_native, id=3460, stack(0x16500000,0x16550000)]
  0x167c6400 JavaThread "Thread-8" daemon [_thread_blocked, id=4032, stack(0x19520000,0x19570000)]
  0x167c5000 JavaThread "QuantumRenderer-0" daemon [_thread_blocked, id=2712, stack(0x17b80000,0x17bd0000)]
  0x167c5800 JavaThread "Image Animator 3" daemon [_thread_blocked, id=2356, stack(0x17e60000,0x17eb0000)]
  0x167c1800 JavaThread "TimerQueue" daemon [_thread_blocked, id=928, stack(0x17ec0000,0x17f10000)]
  0x1672e000 JavaThread "Swing-Shell" daemon [_thread_blocked, id=1376, stack(0x17c10000,0x17c60000)]
  0x16631c00 JavaThread "D3D Screen Updater" daemon [_thread_blocked, id=2252, stack(0x15390000,0x153e0000)]
  0x01124800 JavaThread "DestroyJavaVM" [_thread_blocked, id=400, stack(0x01250000,0x012a0000)]
  0x14e7a400 JavaThread "AWT-EventQueue-0" [_thread_blocked, id=3472, stack(0x15560000,0x155b0000)]
  0x14e64800 JavaThread "AWT-Windows" daemon [_thread_in_native, id=3284, stack(0x15190000,0x151e0000)]
  0x14e63400 JavaThread "AWT-Shutdown" [_thread_blocked, id=3336, stack(0x15100000,0x15150000)]
  0x14e60c00 JavaThread "Java2D Disposer" daemon [_thread_blocked, id=2224, stack(0x15030000,0x15080000)]
  0x0118c000 JavaThread "Service Thread" daemon [_thread_blocked, id=3184, stack(0x14780000,0x147d0000)]
  0x01165400 JavaThread "C1 CompilerThread0" daemon [_thread_blocked, id=3764, stack(0x146e0000,0x14730000)]
  0x01164400 JavaThread "Attach Listener" daemon [_thread_blocked, id=2172, stack(0x13ab0000,0x13b00000)]
  0x01160c00 JavaThread "Signal Dispatcher" daemon [_thread_blocked, id=2764, stack(0x13b40000,0x13b90000)]
  0x0114d400 JavaThread "Finalizer" daemon [_thread_blocked, id=2032, stack(0x01330000,0x01380000)]
  0x0114b800 JavaThread "Reference Handler" daemon [_thread_blocked, id=1292, stack(0x14730000,0x14780000)]

Other Threads:
  0x01149400 VMThread [stack: 0x14690000,0x146e0000] [id=2408]
  0x0118d000 WatcherThread [stack: 0x14620000,0x14670000] [id=1252]

VM state:not at safepoint (normal execution)

VM Mutex/Monitor currently owned by a thread: None

Heap:
 def new generation   total 7936K, used 6774K [0x03a00000, 0x04290000, 0x08f50000)
  eden space 7104K,  83% used [0x03a00000, 0x03fcdb38, 0x040f0000)
  from space 832K, 100% used [0x041c0000, 0x04290000, 0x04290000)
  to   space 832K,   0% used [0x040f0000, 0x040f0000, 0x041c0000)
 tenured generation   total 17432K, used 10576K [0x08f50000, 0x0a056000, 0x13a00000)
   the space 17432K,  60% used [0x08f50000, 0x099a4240, 0x099a4400, 0x0a056000)
 Metaspace       used 10606K, capacity 11058K, committed 11136K, reserved 11648K

Card table byte_map: [0x13a00000,0x13a90000] byte_map_base: 0x139e3000

Polling page: 0x01080000

CodeCache: size=32768Kb used=3196Kb max_used=3196Kb free=29571Kb
 bounds [0x019c0000, 0x01ce0000, 0x039c0000]
 total_blobs=2183 nmethods=1755 adapters=358
 compilation: enabled

Compilation events (10 events):
Event: 19.501 Thread 0x01165400 1768             sun.java2d.pipe.Region::getInstanceXYXY (12 bytes)
Event: 19.501 Thread 0x01165400 nmethod 1768 0x01cdccc8 code [0x01cdcdc0, 0x01cdce90]
Event: 19.568 Thread 0x01165400 1769             java.math.BigInteger::add (215 bytes)
Event: 19.569 Thread 0x01165400 nmethod 1769 0x01cdcf08 code [0x01cdd040, 0x01cdd4fc]
Event: 19.569 Thread 0x01165400 1770             ip2srsa.IP2sRSA::crypt (138 bytes)
Event: 19.570 Thread 0x01165400 nmethod 1770 0x01cdd8c8 code [0x01cddab0, 0x01cde110]
Event: 19.629 Thread 0x01165400 1772             sun.java2d.d3d.D3DSurfaceData::getBounds (52 bytes)
Event: 19.629 Thread 0x01165400 nmethod 1772 0x01cdea08 code [0x01cdeb20, 0x01cdeccc]
Event: 19.631 Thread 0x01165400 1773   !         java.util.concurrent.locks.AbstractQueuedSynchronizer::acquireQueued (93 bytes)
Event: 19.632 Thread 0x01165400 nmethod 1773 0x01cdee48 code [0x01cdefa0, 0x01cdf27c]

GC Heap History (10 events):
Event: 9.914 GC heap before
{Heap before GC invocations=9 (full 0):
 def new generation   total 4928K, used 4698K [0x03a00000, 0x03f50000, 0x08f50000)
  eden space 4416K, 100% used [0x03a00000, 0x03e50000, 0x03e50000)
  from space 512K,  55% used [0x03ed0000, 0x03f16888, 0x03f50000)
  to   space 512K,   0% used [0x03e50000, 0x03e50000, 0x03ed0000)
 tenured generation   total 10944K, used 8482K [0x08f50000, 0x09a00000, 0x13a00000)
   the space 10944K,  77% used [0x08f50000, 0x09798800, 0x09798800, 0x09a00000)
 Metaspace       used 6773K, capacity 7035K, committed 7040K, reserved 7552K
Event: 9.918 GC heap after
Heap after GC invocations=10 (full 0):
 def new generation   total 4928K, used 323K [0x03a00000, 0x03f50000, 0x08f50000)
  eden space 4416K,   0% used [0x03a00000, 0x03a00000, 0x03e50000)
  from space 512K,  63% used [0x03e50000, 0x03ea0e50, 0x03ed0000)
  to   space 512K,   0% used [0x03ed0000, 0x03ed0000, 0x03f50000)
 tenured generation   total 10944K, used 9174K [0x08f50000, 0x09a00000, 0x13a00000)
   the space 10944K,  83% used [0x08f50000, 0x09845980, 0x09845a00, 0x09a00000)
 Metaspace       used 6773K, capacity 7035K, committed 7040K, reserved 7552K
}
Event: 10.070 GC heap before
{Heap before GC invocations=10 (full 0):
 def new generation   total 4928K, used 4739K [0x03a00000, 0x03f50000, 0x08f50000)
  eden space 4416K, 100% used [0x03a00000, 0x03e50000, 0x03e50000)
  from space 512K,  63% used [0x03e50000, 0x03ea0e50, 0x03ed0000)
  to   space 512K,   0% used [0x03ed0000, 0x03ed0000, 0x03f50000)
 tenured generation   total 10944K, used 9174K [0x08f50000, 0x09a00000, 0x13a00000)
   the space 10944K,  83% used [0x08f50000, 0x09845980, 0x09845a00, 0x09a00000)
 Metaspace       used 7697K, capacity 7979K, committed 8064K, reserved 8576K
Event: 10.075 GC heap after
Heap after GC invocations=11 (full 0):
 def new generation   total 4928K, used 512K [0x03a00000, 0x03f50000, 0x08f50000)
  eden space 4416K,   0% used [0x03a00000, 0x03a00000, 0x03e50000)
  from space 512K, 100% used [0x03ed0000, 0x03f50000, 0x03f50000)
  to   space 512K,   0% used [0x03e50000, 0x03e50000, 0x03ed0000)
 tenured generation   total 10944K, used 9692K [0x08f50000, 0x09a00000, 0x13a00000)
   the space 10944K,  88% used [0x08f50000, 0x098c70c0, 0x098c7200, 0x09a00000)
 Metaspace       used 7697K, capacity 7979K, committed 8064K, reserved 8576K
}
Event: 10.270 GC heap before
{Heap before GC invocations=11 (full 0):
 def new generation   total 4928K, used 4928K [0x03a00000, 0x03f50000, 0x08f50000)
  eden space 4416K, 100% used [0x03a00000, 0x03e50000, 0x03e50000)
  from space 512K, 100% used [0x03ed0000, 0x03f50000, 0x03f50000)
  to   space 512K,   0% used [0x03e50000, 0x03e50000, 0x03ed0000)
 tenured generation   total 10944K, used 9692K [0x08f50000, 0x09a00000, 0x13a00000)
   the space 10944K,  88% used [0x08f50000, 0x098c70c0, 0x098c7200, 0x09a00000)
 Metaspace       used 8853K, capacity 9229K, committed 9344K, reserved 9600K
Event: 10.275 GC heap after
Heap after GC invocations=12 (full 0):
 def new generation   total 4928K, used 345K [0x03a00000, 0x03f50000, 0x08f50000)
  eden space 4416K,   0% used [0x03a00000, 0x03a00000, 0x03e50000)
  from space 512K,  67% used [0x03e50000, 0x03ea67d0, 0x03ed0000)
  to   space 512K,   0% used [0x03ed0000, 0x03ed0000, 0x03f50000)
 tenured generation   total 10944K, used 10171K [0x08f50000, 0x09a00000, 0x13a00000)
   the space 10944K,  92% used [0x08f50000, 0x0993ee60, 0x0993f000, 0x09a00000)
 Metaspace       used 8853K, capacity 9229K, committed 9344K, reserved 9600K
}
Event: 10.391 GC heap before
{Heap before GC invocations=12 (full 0):
 def new generation   total 4928K, used 4761K [0x03a00000, 0x03f50000, 0x08f50000)
  eden space 4416K, 100% used [0x03a00000, 0x03e50000, 0x03e50000)
  from space 512K,  67% used [0x03e50000, 0x03ea67d0, 0x03ed0000)
  to   space 512K,   0% used [0x03ed0000, 0x03ed0000, 0x03f50000)
 tenured generation   total 10944K, used 10171K [0x08f50000, 0x09a00000, 0x13a00000)
   the space 10944K,  92% used [0x08f50000, 0x0993ee60, 0x0993f000, 0x09a00000)
 Metaspace       used 9501K, capacity 9900K, committed 9984K, reserved 10624K
Event: 10.430 GC heap after
Heap after GC invocations=13 (full 1):
 def new generation   total 7936K, used 0K [0x03a00000, 0x04290000, 0x08f50000)
  eden space 7104K,   0% used [0x03a00000, 0x03a00000, 0x040f0000)
  from space 832K,   0% used [0x040f0000, 0x040f0000, 0x041c0000)
  to   space 832K,   0% used [0x041c0000, 0x041c0000, 0x04290000)
 tenured generation   total 17432K, used 10459K [0x08f50000, 0x0a056000, 0x13a00000)
   the space 17432K,  59% used [0x08f50000, 0x09986c60, 0x09986e00, 0x0a056000)
 Metaspace       used 9500K, capacity 9897K, committed 9984K, reserved 10624K
}
Event: 10.830 GC heap before
{Heap before GC invocations=13 (full 1):
 def new generation   total 7936K, used 7104K [0x03a00000, 0x04290000, 0x08f50000)
  eden space 7104K, 100% used [0x03a00000, 0x040f0000, 0x040f0000)
  from space 832K,   0% used [0x040f0000, 0x040f0000, 0x041c0000)
  to   space 832K,   0% used [0x041c0000, 0x041c0000, 0x04290000)
 tenured generation   total 17432K, used 10459K [0x08f50000, 0x0a056000, 0x13a00000)
   the space 17432K,  59% used [0x08f50000, 0x09986c60, 0x09986e00, 0x0a056000)
 Metaspace       used 10322K, capacity 10762K, committed 10880K, reserved 11648K
Event: 10.834 GC heap after
Heap after GC invocations=14 (full 1):
 def new generation   total 7936K, used 832K [0x03a00000, 0x04290000, 0x08f50000)
  eden space 7104K,   0% used [0x03a00000, 0x03a00000, 0x040f0000)
  from space 832K, 100% used [0x041c0000, 0x04290000, 0x04290000)
  to   space 832K,   0% used [0x040f0000, 0x040f0000, 0x041c0000)
 tenured generation   total 17432K, used 10576K [0x08f50000, 0x0a056000, 0x13a00000)
   the space 17432K,  60% used [0x08f50000, 0x099a4240, 0x099a4400, 0x0a056000)
 Metaspace       used 10322K, capacity 10762K, committed 10880K, reserved 11648K
}

Deoptimization events (0 events):
No events

Internal exceptions (10 events):
Event: 11.736 Thread 0x167c5c00 Exception <a 'java/security/PrivilegedActionException'> (0x03c1c968) thrown at [C:\re\workspace\8-2-build-windows-i586-cygwin\jdk8u25\1677\hotspot\src\share\vm\prims\jvm.cpp, line 1312]
Event: 11.743 Thread 0x167c5c00 Exception <a 'java/security/PrivilegedActionException'> (0x03c60358) thrown at [C:\re\workspace\8-2-build-windows-i586-cygwin\jdk8u25\1677\hotspot\src\share\vm\prims\jvm.cpp, line 1312]
Event: 11.743 Thread 0x167c8800 Exception <a 'java/security/PrivilegedActionException'> (0x03b66658) thrown at [C:\re\workspace\8-2-build-windows-i586-cygwin\jdk8u25\1677\hotspot\src\share\vm\prims\jvm.cpp, line 1312]
Event: 11.760 Thread 0x167c5c00 Exception <a 'java/security/PrivilegedActionException'> (0x03c87878) thrown at [C:\re\workspace\8-2-build-windows-i586-cygwin\jdk8u25\1677\hotspot\src\share\vm\prims\jvm.cpp, line 1312]
Event: 11.768 Thread 0x167c5c00 Exception <a 'java/security/PrivilegedActionException'> (0x03cc9670) thrown at [C:\re\workspace\8-2-build-windows-i586-cygwin\jdk8u25\1677\hotspot\src\share\vm\prims\jvm.cpp, line 1312]
Event: 11.777 Thread 0x167c5800 Exception <a 'java/lang/InterruptedException': sleep interrupted> (0x03d39628) thrown at [C:\re\workspace\8-2-build-windows-i586-cygwin\jdk8u25\1677\hotspot\src\share\vm\prims\jvm.cpp, line 3093]
Event: 11.863 Thread 0x167c5c00 Exception <a 'java/security/PrivilegedActionException'> (0x03d4adb8) thrown at [C:\re\workspace\8-2-build-windows-i586-cygwin\jdk8u25\1677\hotspot\src\share\vm\prims\jvm.cpp, line 1312]
Event: 11.866 Thread 0x167c5c00 Exception <a 'java/security/PrivilegedActionException'> (0x03d604c8) thrown at [C:\re\workspace\8-2-build-windows-i586-cygwin\jdk8u25\1677\hotspot\src\share\vm\prims\jvm.cpp, line 1312]
Event: 11.876 Thread 0x167c8800 Exception <a 'java/security/PrivilegedActionException'> (0x03d64e28) thrown at [C:\re\workspace\8-2-build-windows-i586-cygwin\jdk8u25\1677\hotspot\src\share\vm\prims\jvm.cpp, line 1312]
Event: 17.492 Thread 0x167c5800 Exception <a 'java/lang/InterruptedException': sleep interrupted> (0x03f0a980) thrown at [C:\re\workspace\8-2-build-windows-i586-cygwin\jdk8u25\1677\hotspot\src\share\vm\prims\jvm.cpp, line 3093]

Events (10 events):
Event: 19.342 Executing VM operation: RevokeBias
Event: 19.342 Executing VM operation: RevokeBias done
Event: 19.359 Executing VM operation: RevokeBias
Event: 19.359 Executing VM operation: RevokeBias done
Event: 19.400 Executing VM operation: RevokeBias
Event: 19.401 Executing VM operation: RevokeBias done
Event: 19.403 Executing VM operation: RevokeBias
Event: 19.403 Executing VM operation: RevokeBias done
Event: 19.630 Executing VM operation: RevokeBias
Event: 19.630 Executing VM operation: RevokeBias done


Dynamic libraries:
0x013b0000 - 0x013e0000 	C:\Program Files\Java\jdk1.8.0_25\bin\java.exe
0x77ae0000 - 0x77c1c000 	C:\Windows\SYSTEM32\ntdll.dll
0x76060000 - 0x76134000 	C:\Windows\system32\kernel32.dll
0x75eb0000 - 0x75efa000 	C:\Windows\system32\KERNELBASE.dll
0x75f30000 - 0x75fd0000 	C:\Windows\system32\ADVAPI32.dll
0x77a30000 - 0x77adc000 	C:\Windows\system32\msvcrt.dll
0x77c30000 - 0x77c49000 	C:\Windows\SYSTEM32\sechost.dll
0x76430000 - 0x764d1000 	C:\Windows\system32\RPCRT4.dll
0x77420000 - 0x774e9000 	C:\Windows\system32\USER32.dll
0x76680000 - 0x766ce000 	C:\Windows\system32\GDI32.dll
0x77c50000 - 0x77c5a000 	C:\Windows\system32\LPK.dll
0x76250000 - 0x762ed000 	C:\Windows\system32\USP10.dll
0x74bc0000 - 0x74d5e000 	C:\Windows\WinSxS\x86_microsoft.windows.common-controls_6595b64144ccf1df_6.0.7601.17514_none_41e6975e2bd6f2b2\COMCTL32.dll
0x77cb0000 - 0x77d07000 	C:\Windows\system32\SHLWAPI.dll
0x766d0000 - 0x766ef000 	C:\Windows\system32\IMM32.DLL
0x77350000 - 0x7741c000 	C:\Windows\system32\MSCTF.dll
0x6c820000 - 0x6c8df000 	C:\Program Files\Java\jdk1.8.0_25\jre\bin\msvcr100.dll
0x678b0000 - 0x67c54000 	C:\Program Files\Java\jdk1.8.0_25\jre\bin\client\jvm.dll
0x71810000 - 0x71817000 	C:\Windows\system32\WSOCK32.dll
0x77c70000 - 0x77ca5000 	C:\Windows\system32\WS2_32.dll
0x766f0000 - 0x766f6000 	C:\Windows\system32\NSI.dll
0x72440000 - 0x72472000 	C:\Windows\system32\WINMM.dll
0x77c20000 - 0x77c25000 	C:\Windows\system32\PSAPI.DLL
0x75050000 - 0x7505c000 	C:\Program Files\Java\jdk1.8.0_25\jre\bin\verify.dll
0x6fc00000 - 0x6fc21000 	C:\Program Files\Java\jdk1.8.0_25\jre\bin\java.dll
0x70510000 - 0x70523000 	C:\Program Files\Java\jdk1.8.0_25\jre\bin\zip.dll
0x76700000 - 0x7734a000 	C:\Windows\system32\SHELL32.dll
0x778d0000 - 0x77a2c000 	C:\Windows\system32\ole32.dll
0x75c00000 - 0x75c0b000 	C:\Windows\system32\profapi.dll
0x68a60000 - 0x68ba6000 	C:\Program Files\Java\jdk1.8.0_25\jre\bin\awt.dll
0x75fd0000 - 0x7605f000 	C:\Windows\system32\OLEAUT32.dll
0x74960000 - 0x749a0000 	C:\Windows\system32\uxtheme.dll
0x74540000 - 0x74553000 	C:\Windows\system32\dwmapi.dll
0x75b80000 - 0x75b8c000 	C:\Windows\system32\CRYPTBASE.dll
0x6fad0000 - 0x6fb08000 	C:\Program Files\Java\jdk1.8.0_25\jre\bin\fontmanager.dll
0x6c4f0000 - 0x6c6b3000 	C:\Windows\system32\d3d9.dll
0x75130000 - 0x75139000 	C:\Windows\system32\VERSION.dll
0x75060000 - 0x75066000 	C:\Windows\system32\d3d8thk.dll
0x74620000 - 0x7465a000 	C:\Windows\system32\vm3dum.dll
0x70b80000 - 0x70ba5000 	C:\Program Files\Java\jdk1.8.0_25\jre\bin\jpeg.dll
0x70bb0000 - 0x70bc5000 	C:\Program Files\Java\jdk1.8.0_25\jre\bin\net.dll
0x75670000 - 0x756ac000 	C:\Windows\system32\mswsock.dll
0x75660000 - 0x75666000 	C:\Windows\System32\wship6.dll
0x70d40000 - 0x70d4f000 	C:\Program Files\Java\jdk1.8.0_25\jre\bin\nio.dll
0x6d070000 - 0x6d0a0000 	C:\Program Files\Java\jdk1.8.0_25\jre\bin\t2k.dll
0x70370000 - 0x703e6000 	C:\Windows\system32\RICHED20.DLL
0x756b0000 - 0x756c6000 	C:\Windows\system32\CRYPTSP.dll
0x75450000 - 0x7548b000 	C:\Windows\system32\rsaenh.dll
0x75290000 - 0x752a7000 	C:\Windows\system32\USERENV.dll
0x741d0000 - 0x741ec000 	C:\Windows\system32\IPHLPAPI.DLL
0x74170000 - 0x74177000 	C:\Windows\system32\WINNSI.DLL
0x74020000 - 0x7402d000 	C:\Windows\system32\dhcpcsvc6.DLL
0x73fa0000 - 0x73fb2000 	C:\Windows\system32\dhcpcsvc.DLL
0x6d050000 - 0x6d070000 	C:\Program Files\Java\jdk1.8.0_25\jre\bin\sunec.dll
0x74950000 - 0x74960000 	C:\Windows\system32\NLAapi.dll
0x717e0000 - 0x717f0000 	C:\Windows\system32\napinsp.dll
0x717c0000 - 0x717d2000 	C:\Windows\system32\pnrpnsp.dll
0x75530000 - 0x75574000 	C:\Windows\system32\DNSAPI.dll
0x71710000 - 0x71718000 	C:\Windows\System32\winrnr.dll
0x71700000 - 0x7170d000 	C:\Windows\system32\wshbth.dll
0x751c0000 - 0x751c5000 	C:\Windows\System32\wshtcpip.dll
0x72830000 - 0x72836000 	C:\Windows\system32\rasadhlp.dll
0x740f0000 - 0x74128000 	C:\Windows\System32\fwpuclnt.dll
0x72b00000 - 0x72b84000 	C:\Windows\WinSxS\x86_microsoft.windows.common-controls_6595b64144ccf1df_5.82.7601.17514_none_ec83dffa859149af\comctl32.dll
0x76140000 - 0x761c3000 	C:\Windows\system32\CLBCatQ.DLL
0x749a0000 - 0x74a95000 	C:\Windows\system32\propsys.dll
0x74860000 - 0x74881000 	C:\Windows\system32\ntmarta.dll
0x774f0000 - 0x77535000 	C:\Windows\system32\WLDAP32.dll
0x75b30000 - 0x75b7c000 	C:\Windows\system32\apphelp.dll
0x72b90000 - 0x72d28000 	C:\Windows\system32\NetworkExplorer.dll
0x74220000 - 0x7424e000 	C:\Windows\System32\shdocvw.dll
0x74450000 - 0x7445a000 	C:\Windows\system32\slc.dll
0x71550000 - 0x71562000 	C:\Windows\system32\MPR.dll
0x74b20000 - 0x74b2e000 	C:\Windows\System32\vmhgfs.dll
0x73250000 - 0x73258000 	C:\Windows\System32\drprov.dll
0x75c10000 - 0x75c39000 	C:\Windows\System32\WINSTA.dll
0x70cf0000 - 0x70d04000 	C:\Windows\System32\ntlanman.dll
0x70be0000 - 0x70bf7000 	C:\Windows\System32\davclnt.dll
0x73240000 - 0x73248000 	C:\Windows\System32\DAVHLPR.dll
0x764e0000 - 0x7667d000 	C:\Windows\system32\SETUPAPI.dll
0x75cb0000 - 0x75cd7000 	C:\Windows\system32\CFGMGR32.dll
0x75e90000 - 0x75ea2000 	C:\Windows\system32\DEVOBJ.dll
0x74090000 - 0x7409f000 	C:\Windows\system32\wkscli.dll
0x71640000 - 0x7164b000 	C:\Windows\system32\cscapi.dll
0x740a0000 - 0x740a9000 	C:\Windows\system32\netutils.dll
0x64700000 - 0x64938000 	C:\Windows\system32\wpdshext.dll
0x73720000 - 0x738b0000 	C:\Windows\WinSxS\x86_microsoft.windows.gdiplus_6595b64144ccf1df_1.1.7601.17514_none_72d18a4386696c80\gdiplus.dll
0x708b0000 - 0x70939000 	C:\Windows\system32\PortableDeviceApi.dll
0x75f00000 - 0x75f2d000 	C:\Windows\system32\WINTRUST.dll
0x75ce0000 - 0x75dfd000 	C:\Windows\system32\CRYPT32.dll
0x75ca0000 - 0x75cac000 	C:\Windows\system32\MSASN1.dll
0x6cc60000 - 0x6cc9f000 	C:\Windows\system32\audiodev.dll
0x64490000 - 0x646f7000 	C:\Windows\system32\WMVCore.DLL
0x6c950000 - 0x6c98d000 	C:\Windows\system32\WMASF.DLL
0x736e0000 - 0x73711000 	C:\Windows\system32\EhStorShell.dll
0x6ca30000 - 0x6ca52000 	C:\Windows\system32\EhStorAPI.dll
0x74600000 - 0x74609000 	C:\Windows\system32\LINKINFO.dll
0x74320000 - 0x7441b000 	C:\Windows\system32\WindowsCodecs.dll
0x73670000 - 0x736e0000 	C:\Windows\system32\ntshrui.dll
0x75850000 - 0x75869000 	C:\Windows\system32\srvcli.dll
0x6cf60000 - 0x6cf84000 	C:\Program Files\Java\jdk1.8.0_25\jre\bin\dcpr.dll
0x70340000 - 0x70365000 	C:\Program Files\Java\jdk1.8.0_25\jre\bin\prism_d3d.dll
0x6fbc0000 - 0x6fbf6000 	C:\Program Files\Java\jdk1.8.0_25\jre\bin\glass.dll
0x761d0000 - 0x7624b000 	C:\Windows\system32\COMDLG32.dll
0x73260000 - 0x73271000 	C:\Program Files\Java\jdk1.8.0_25\jre\bin\javafx_font.dll
0x6c3e0000 - 0x6c4ea000 	C:\Windows\system32\dwrite.dll
0x74b30000 - 0x74b3e000 	C:\Program Files\Java\jdk1.8.0_25\jre\bin\prism_common.dll
0x164b0000 - 0x164ed000 	C:\Users\Administrator\AppData\Local\Temp\jna-Administrator\jna7504344016854429706.dll
0x6cc30000 - 0x6cc54000 	C:\Users\Administrator\Documents\ArkPlayer\lib\VLC\libvlc.dll
0x6c180000 - 0x6c3d1000 	C:\Users\Administrator\Documents\ArkPlayer\lib\VLC\libvlccore.dll
0x6cae0000 - 0x6cb28000 	C:\Users\Administrator\Documents\ArkPlayer\lib\VLC\plugins\access\libdshow_plugin.dll
0x70bd0000 - 0x70bdf000 	C:\Users\Administrator\Documents\ArkPlayer\lib\VLC\plugins\audio_output\libdirectsound_plugin.dll
0x70580000 - 0x70590000 	C:\Users\Administrator\Documents\ArkPlayer\lib\VLC\plugins\audio_output\libwaveout_plugin.dll
0x6cc10000 - 0x6cc29000 	C:\Users\Administrator\Documents\ArkPlayer\lib\VLC\plugins\video_output\libdirectdraw_plugin.dll
0x6d040000 - 0x6d046000 	C:\Program Files\Java\jdk1.8.0_25\jre\bin\jawt.dll
0x6bcf0000 - 0x6beec000 	C:\Users\Administrator\Documents\ArkPlayer\lib\VLC\plugins\access\liblibbluray_plugin.dll
0x6ca70000 - 0x6ca90000 	C:\Users\Administrator\Documents\ArkPlayer\lib\VLC\plugins\access\libaccess_bd_plugin.dll
0x6c0c0000 - 0x6c104000 	C:\Users\Administrator\Documents\ArkPlayer\lib\VLC\plugins\access\libdvdnav_plugin.dll
0x6cbf0000 - 0x6cc0b000 	C:\Users\Administrator\Documents\ArkPlayer\lib\VLC\plugins\access\libaccess_vdr_plugin.dll
0x6c930000 - 0x6c944000 	C:\Users\Administrator\Documents\ArkPlayer\lib\VLC\plugins\access\libfilesystem_plugin.dll
0x6ca10000 - 0x6ca27000 	C:\Users\Administrator\Documents\ArkPlayer\lib\VLC\plugins\stream_filter\libsmooth_plugin.dll
0x6bf80000 - 0x6c00b000 	C:\Users\Administrator\Documents\ArkPlayer\lib\VLC\plugins\stream_filter\libhttplive_plugin.dll
0x6bc30000 - 0x6bce6000 	C:\Users\Administrator\Documents\ArkPlayer\lib\VLC\plugins\stream_filter\libdash_plugin.dll
0x6c090000 - 0x6c0b4000 	C:\Users\Administrator\Documents\ArkPlayer\lib\VLC\plugins\access\libzip_plugin.dll
0x6bc10000 - 0x6bc22000 	C:\Users\Administrator\Documents\ArkPlayer\lib\VLC\plugins\access\libstream_filter_rar_plugin.dll
0x6ca60000 - 0x6ca6c000 	C:\Users\Administrator\Documents\ArkPlayer\lib\VLC\plugins\stream_filter\librecord_plugin.dll
0x6bbd0000 - 0x6bc07000 	C:\Users\Administrator\Documents\ArkPlayer\lib\VLC\plugins\demux\libmp4_plugin.dll
0x6c910000 - 0x6c92e000 	C:\Users\Administrator\Documents\ArkPlayer\lib\VLC\plugins\demux\libavi_plugin.dll

VM Arguments:
jvm_args: -Dfile.encoding=UTF-8 
java_command: com.ip2s.mediaplayer.Login
java_class_path (initial): C:\Program Files\NetBeans 8.0.1\java\modules\ext\eclipselink\eclipselink.jar;C:\Program Files\NetBeans 8.0.1\java\modules\ext\eclipselink\javax.persistence_2.1.0.v201304241213.jar;C:\Program Files\NetBeans 8.0.1\java\modules\ext\eclipselink\org.eclipse.persistence.jpa.jpql_2.5.2.v20140319-9ad6abd.jar;C:\Program Files\NetBeans 8.0.1\platform\modules\ext\swing-layout-1.0.4.jar;C:\Users\Administrator\Documents\IP2SMediaPlayer\lib\jdatepicker-1.3.2.jar;C:\Users\Administrator\Documents\IP2SMediaPlayer\lib\jcifs-1.1.11.jar;C:\Users\Administrator\Documents\IP2SMediaPlayer\lib\sqljdbc4.jar;C:\Program Files\Java\jdk1.8.0_25\jre\lib\javaws.jar;C:\Program Files\Java\jdk1.8.0_25\jre\lib\deploy.jar;C:\Program Files\Java\jdk1.8.0_25\jre\lib\plugin.jar;C:\Users\Administrator\Documents\IP2SMediaPlayer\lib\IP2SRSA.jar;C:\Program Files\NetBeans 8.0.1\java\modules\ext\AbsoluteLayout.jar;C:\Users\Administrator\Documents\IP2SMediaPlayer\lib\DateChooser.jar;C:\Users\Administrator\Documents\ArkPlayer\lib\jna-3.5.2.jar;C:\Users\Administrator\Documents\ArkPlayer\lib\platform-3.5.2.jar;C:\Users\Administrator\Documents\ArkPlayer\lib\vlcj-3.0.1.jar;C:\Users\Administrator\Documents\IP2SMediaPlayer\build\classes
Launcher Type: SUN_STANDARD

Environment Variables:
PATH=C:\ProgramData\Oracle\Java\javapath;C:\Windows\system32;C:\Windows;C:\Windows\System32\Wbem;C:\Windows\System32\WindowsPowerShell\v1.0\;C:\Program Files\Inno Setup 5\;C:\Program Files\WiX Toolset v3.7\bin
USERNAME=Administrator
OS=Windows_NT
PROCESSOR_IDENTIFIER=x86 Family 6 Model 69 Stepping 1, GenuineIntel



---------------  S Y S T E M  ---------------

OS: Windows 7 Build 7601 Service Pack 1

CPU:total 1 (1 cores per cpu, 1 threads per core) family 6 model 69 stepping 1, cmov, cx8, fxsr, mmx, sse, sse2, sse3, ssse3, sse4.1, sse4.2, popcnt, avx, aes, clmul, erms, tsc, tscinvbit

Memory: 4k page, physical 1048056k(322664k free), swap 2096632k(906528k free)

vm_info: Java HotSpot(TM) Client VM (25.25-b02) for windows-x86 JRE (1.8.0_25-b18), built on Oct  7 2014 14:31:05 by "java_re" with MS VC++ 10.0 (VS2010)

time: Mon Jan 26 17:11:53 2015
elapsed time: 19 seconds (0d 0h 0m 19s)

